#
# There is insufficient memory for the Java Runtime Environment to continue.
# Native memory allocation (malloc) failed to allocate 84410368 bytes for committing reserved memory.
# Possible reasons:
#   The system is out of physical RAM or swap space
#   In 32 bit mode, the process size limit was hit
# Possible solutions:
#   Reduce memory load on the system
#   Increase physical memory or swap space
#   Check if swap backing store is full
#   Use 64 bit Java on a 64 bit OS
#   Decrease Java heap size (-Xmx/-Xms)
#   Decrease number of Java threads
#   Decrease Java thread stack sizes (-Xss)
#   Set larger code cache with -XX:ReservedCodeCacheSize=
# This output file may be truncated or incomplete.
#
#  Out of Memory Error (os_linux.cpp:2827), pid=13955, tid=1789545280
#
# JRE version: OpenJDK Runtime Environment (7.0_85-b01) (build 1.7.0_85-b01)
# Java VM: OpenJDK Server VM (24.85-b03 mixed mode linux-x86 )
# Derivative: IcedTea 2.6.1
# Distribution: Ubuntu 15.10, package 7u85-2.6.1-5ubuntu0.15.10.1
# Failed to write core dump. Core dumps have been disabled. To enable core dumping, try "ulimit -c unlimited" before starting Java again
#

---------------  T H R E A D  ---------------

Current thread (0x67d10400):  VMThread [stack: 0x6aa24000,0x6aaa5000] [id=13963]

Stack: [0x6aa24000,0x6aaa5000]
VM_Operation (0x671b0a14): ParallelGCFailedAllocation, mode: safepoint, requested by thread 0x67dd0400


---------------  P R O C E S S  ---------------

Java Threads: ( => current thread )
  0x67dd0400 JavaThread "pool-1-thread-4" [_thread_blocked, id=13976, stack(0x67161000,0x671b2000)]
  0x67dcf400 JavaThread "pool-1-thread-3" [_thread_blocked, id=13975, stack(0x671b2000,0x67203000)]
  0x67dce000 JavaThread "pool-1-thread-2" [_thread_blocked, id=13974, stack(0x67203000,0x67254000)]
  0x67dcc800 JavaThread "pool-2-thread-1" [_thread_blocked, id=13973, stack(0x67254000,0x672a5000)]
  0x67dcbc00 JavaThread "pool-1-thread-1" [_thread_blocked, id=13972, stack(0x672a5000,0x672f6000)]
  0x67d2c800 JavaThread "Service Thread" daemon [_thread_blocked, id=13970, stack(0x6795c000,0x679ad000)]
  0x67d2ac00 JavaThread "C2 CompilerThread1" daemon [_thread_blocked, id=13969, stack(0x679ad000,0x67a2e000)]
  0x67d28c00 JavaThread "C2 CompilerThread0" daemon [_thread_blocked, id=13968, stack(0x67a2e000,0x67aaf000)]
  0x67d27000 JavaThread "Signal Dispatcher" daemon [_thread_blocked, id=13967, stack(0x67aaf000,0x67b00000)]
  0x67d14400 JavaThread "Finalizer" daemon [_thread_blocked, id=13965, stack(0x67e2c000,0x67e7d000)]
  0x67d12c00 JavaThread "Reference Handler" daemon [_thread_blocked, id=13964, stack(0x67e7d000,0x67ece000)]
  0xb6207c00 JavaThread "main" [_thread_blocked, id=13960, stack(0xb6394000,0xb63e5000)]

Other Threads:
=>0x67d10400 VMThread [stack: 0x6aa24000,0x6aaa5000] [id=13963]
  0x67d2e800 WatcherThread [stack: 0x678db000,0x6795c000] [id=13971]

VM state:at safepoint (normal execution)

VM Mutex/Monitor currently owned by a thread:  ([mutex/lock_event])
[0xb62052d0] Threads_lock - owner thread: 0x67d10400
[0xb62056e0] Heap_lock - owner thread: 0x67dd0400

Heap
 PSYoungGen      total 63744K, used 2301K [0x9dbc0000, 0xa1c40000, 0xb3140000)
  eden space 61440K, 0% used [0x9dbc0000,0x9dbc0000,0xa17c0000)
  from space 2304K, 99% used [0xa17c0000,0xa19ff6e0,0xa1a00000)
  to   space 2304K, 0% used [0xa1a00000,0xa1a00000,0xa1c40000)
 ParOldGen       total 39936K, used 24311K [0x73140000, 0x75840000, 0x9dbc0000)
  object space 39936K, 60% used [0x73140000,0x748fddb8,0x75840000)
 PSPermGen       total 16384K, used 4140K [0x6b140000, 0x6c140000, 0x73140000)
  object space 16384K, 25% used [0x6b140000,0x6b54b110,0x6c140000)

Card table byte_map: [0x6aeff000,0x6b140000] byte_map_base: 0x6aba6600

Polling page: 0xb77af000

Code Cache  [0xb3200000, 0xb3440000, 0xb6200000)
 total_blobs=360 nmethods=236 adapters=76 free_code_cache=48295Kb largest_free_block=49413760

Compilation events (10 events):
Event: 6.146 Thread 0x67d28c00 nmethod 233 0xb3256e08 code [0xb3256f00, 0xb3256fb0]
Event: 6.146 Thread 0x67d28c00  234             com.android.dx.ssa.SCCP::simulateBlock (54 bytes)
Event: 6.390 Thread 0x67d28c00 nmethod 234 0xb32d1408 code [0xb32d17e0, 0xb32d32f4]
Event: 6.390 Thread 0x67d28c00  235             com.android.dx.rop.type.Prototype::makeParameterArray (131 bytes)
Event: 6.442 Thread 0x67d28c00 nmethod 235 0xb325b888 code [0xb325b9c0, 0xb325be50]
Event: 6.442 Thread 0x67d28c00  236             com.android.dx.rop.cst.CstMemberRef::compareTo0 (49 bytes)
Event: 6.457 Thread 0x67d28c00 nmethod 236 0xb32c93c8 code [0xb32c94e0, 0xb32c97b0]
Event: 6.457 Thread 0x67d28c00  237             java.util.TreeMap::getEntry (84 bytes)
Event: 6.471 Thread 0x67d28c00 nmethod 237 0xb3256b08 code [0xb3256c00, 0xb3256cf0]
Event: 6.471 Thread 0x67d28c00  238   !         com.android.dx.cf.code.Ropper::processBlock (1101 bytes)

GC Heap History (9 events):
Event: 1.879 GC heap before
{Heap before GC invocations=1 (full 0):
 PSYoungGen      total 17664K, used 15360K [0x9dbc0000, 0x9ef40000, 0xb3140000)
  eden space 15360K, 100% used [0x9dbc0000,0x9eac0000,0x9eac0000)
  from space 2304K, 0% used [0x9ed00000,0x9ed00000,0x9ef40000)
  to   space 2304K, 0% used [0x9eac0000,0x9eac0000,0x9ed00000)
 ParOldGen       total 39936K, used 0K [0x73140000, 0x75840000, 0x9dbc0000)
  object space 39936K, 0% used [0x73140000,0x73140000,0x75840000)
 PSPermGen       total 16384K, used 3962K [0x6b140000, 0x6c140000, 0x73140000)
  object space 16384K, 24% used [0x6b140000,0x6b51e9d8,0x6c140000)
Event: 1.897 GC heap after
Heap after GC invocations=1 (full 0):
 PSYoungGen      total 17664K, used 2299K [0x9dbc0000, 0x9fe40000, 0xb3140000)
  eden space 15360K, 0% used [0x9dbc0000,0x9dbc0000,0x9eac0000)
  from space 2304K, 99% used [0x9eac0000,0x9ecfecb0,0x9ed00000)
  to   space 2304K, 0% used [0x9fc00000,0x9fc00000,0x9fe40000)
 ParOldGen       total 39936K, used 1549K [0x73140000, 0x75840000, 0x9dbc0000)
  object space 39936K, 3% used [0x73140000,0x732c36f8,0x75840000)
 PSPermGen       total 16384K, used 3962K [0x6b140000, 0x6c140000, 0x73140000)
  object space 16384K, 24% used [0x6b140000,0x6b51e9d8,0x6c140000)
}
Event: 2.714 GC heap before
{Heap before GC invocations=2 (full 0):
 PSYoungGen      total 17664K, used 17659K [0x9dbc0000, 0x9fe40000, 0xb3140000)
  eden space 15360K, 100% used [0x9dbc0000,0x9eac0000,0x9eac0000)
  from space 2304K, 99% used [0x9eac0000,0x9ecfecb0,0x9ed00000)
  to   space 2304K, 0% used [0x9fc00000,0x9fc00000,0x9fe40000)
 ParOldGen       total 39936K, used 1549K [0x73140000, 0x75840000, 0x9dbc0000)
  object space 39936K, 3% used [0x73140000,0x732c36f8,0x75840000)
 PSPermGen       total 16384K, used 4053K [0x6b140000, 0x6c140000, 0x73140000)
  object space 16384K, 24% used [0x6b140000,0x6b5357a0,0x6c140000)
Event: 2.740 GC heap after
Heap after GC invocations=2 (full 0):
 PSYoungGen      total 33024K, used 2298K [0x9dbc0000, 0x9fe40000, 0xb3140000)
  eden space 30720K, 0% used [0x9dbc0000,0x9dbc0000,0x9f9c0000)
  from space 2304K, 99% used [0x9fc00000,0x9fe3eaf0,0x9fe40000)
  to   space 2304K, 0% used [0x9f9c0000,0x9f9c0000,0x9fc00000)
 ParOldGen       total 39936K, used 3957K [0x73140000, 0x75840000, 0x9dbc0000)
  object space 39936K, 9% used [0x73140000,0x7351d598,0x75840000)
 PSPermGen       total 16384K, used 4053K [0x6b140000, 0x6c140000, 0x73140000)
  object space 16384K, 24% used [0x6b140000,0x6b5357a0,0x6c140000)
}
Event: 4.349 GC heap before
{Heap before GC invocations=3 (full 0):
 PSYoungGen      total 33024K, used 33018K [0x9dbc0000, 0x9fe40000, 0xb3140000)
  eden space 30720K, 100% used [0x9dbc0000,0x9f9c0000,0x9f9c0000)
  from space 2304K, 99% used [0x9fc00000,0x9fe3eaf0,0x9fe40000)
  to   space 2304K, 0% used [0x9f9c0000,0x9f9c0000,0x9fc00000)
 ParOldGen       total 39936K, used 3957K [0x73140000, 0x75840000, 0x9dbc0000)
  object space 39936K, 9% used [0x73140000,0x7351d598,0x75840000)
 PSPermGen       total 16384K, used 4088K [0x6b140000, 0x6c140000, 0x73140000)
  object space 16384K, 24% used [0x6b140000,0x6b53e048,0x6c140000)
Event: 4.415 GC heap after
Heap after GC invocations=3 (full 0):
 PSYoungGen      total 33024K, used 2292K [0x9dbc0000, 0xa1c40000, 0xb3140000)
  eden space 30720K, 0% used [0x9dbc0000,0x9dbc0000,0x9f9c0000)
  from space 2304K, 99% used [0x9f9c0000,0x9fbfd0d8,0x9fc00000)
  to   space 2304K, 0% used [0xa1a00000,0xa1a00000,0xa1c40000)
 ParOldGen       total 39936K, used 9168K [0x73140000, 0x75840000, 0x9dbc0000)
  object space 39936K, 22% used [0x73140000,0x73a34250,0x75840000)
 PSPermGen       total 16384K, used 4088K [0x6b140000, 0x6c140000, 0x73140000)
  object space 16384K, 24% used [0x6b140000,0x6b53e048,0x6c140000)
}
Event: 5.631 GC heap before
{Heap before GC invocations=4 (full 0):
 PSYoungGen      total 33024K, used 33012K [0x9dbc0000, 0xa1c40000, 0xb3140000)
  eden space 30720K, 100% used [0x9dbc0000,0x9f9c0000,0x9f9c0000)
  from space 2304K, 99% used [0x9f9c0000,0x9fbfd0d8,0x9fc00000)
  to   space 2304K, 0% used [0xa1a00000,0xa1a00000,0xa1c40000)
 ParOldGen       total 39936K, used 9168K [0x73140000, 0x75840000, 0x9dbc0000)
  object space 39936K, 22% used [0x73140000,0x73a34250,0x75840000)
 PSPermGen       total 16384K, used 4104K [0x6b140000, 0x6c140000, 0x73140000)
  object space 16384K, 25% used [0x6b140000,0x6b542368,0x6c140000)
Event: 5.699 GC heap after
Heap after GC invocations=4 (full 0):
 PSYoungGen      total 63744K, used 2290K [0x9dbc0000, 0xa1c40000, 0xb3140000)
  eden space 61440K, 0% used [0x9dbc0000,0x9dbc0000,0xa17c0000)
  from space 2304K, 99% used [0xa1a00000,0xa1c3cba8,0xa1c40000)
  to   space 2304K, 0% used [0xa17c0000,0xa17c0000,0xa1a00000)
 ParOldGen       total 39936K, used 14146K [0x73140000, 0x75840000, 0x9dbc0000)
  object space 39936K, 35% used [0x73140000,0x73f109d8,0x75840000)
 PSPermGen       total 16384K, used 4104K [0x6b140000, 0x6c140000, 0x73140000)
  object space 16384K, 25% used [0x6b140000,0x6b542368,0x6c140000)
}
Event: 7.686 GC heap before
{Heap before GC invocations=5 (full 0):
 PSYoungGen      total 63744K, used 63730K [0x9dbc0000, 0xa1c40000, 0xb3140000)
  eden space 61440K, 100% used [0x9dbc0000,0xa17c0000,0xa17c0000)
  from space 2304K, 99% used [0xa1a00000,0xa1c3cba8,0xa1c40000)
  to   space 2304K, 0% used [0xa17c0000,0xa17c0000,0xa1a00000)
 ParOldGen       total 39936K, used 14146K [0x73140000, 0x75840000, 0x9dbc0000)
  object space 39936K, 35% used [0x73140000,0x73f109d8,0x75840000)
 PSPermGen       total 16384K, used 4140K [0x6b140000, 0x6c140000, 0x73140000)
  object space 16384K, 25% used [0x6b140000,0x6b54b110,0x6c140000)

Deoptimization events (10 events):
Event: 6.717 Thread 0x67dcbc00 Uncommon trap: reason=unloaded action=reinterpret pc=0xb327a4d0 method=com.android.dx.ssa.SsaRenamer$BlockRenamer.visitMoveInsn(Lcom/android/dx/ssa/NormalSsaInsn;)V @ 208
Event: 6.717 Thread 0x67dcbc00 Uncommon trap: reason=unstable_if action=reinterpret pc=0xb32a4a20 method=com.android.dx.ssa.SsaRenamer$BlockRenamer.process()V @ 59
Event: 6.717 Thread 0x67dcbc00 Uncommon trap: reason=unstable_if action=reinterpret pc=0xb327f004 method=com.android.dx.ssa.NormalSsaInsn.getLocalAssignment()Lcom/android/dx/rop/code/RegisterSpec; @ 12
Event: 6.717 Thread 0x67dcbc00 Uncommon trap: reason=unstable_if action=reinterpret pc=0xb326e898 method=com.android.dx.ssa.NormalSsaInsn.getLocalAssignment()Lcom/android/dx/rop/code/RegisterSpec; @ 12
Event: 6.717 Thread 0x67dcbc00 Uncommon trap: reason=unstable_if action=reinterpret pc=0xb327f658 method=com.android.dx.ssa.NormalSsaInsn.getLocalAssignment()Lcom/android/dx/rop/code/RegisterSpec; @ 12
Event: 6.717 Thread 0x67dcbc00 Uncommon trap: reason=unstable_if action=reinterpret pc=0xb327dd64 method=com.android.dx.ssa.NormalSsaInsn.getLocalAssignment()Lcom/android/dx/rop/code/RegisterSpec; @ 12
Event: 6.717 Thread 0x67dcbc00 Uncommon trap: reason=unstable_if action=reinterpret pc=0xb324ad10 method=com.android.dx.ssa.NormalSsaInsn.getLocalAssignment()Lcom/android/dx/rop/code/RegisterSpec; @ 12
Event: 6.718 Thread 0x67dcbc00 Uncommon trap: reason=unstable_if action=reinterpret pc=0xb32c55a8 method=com.android.dx.rop.code.Insn.getLocalAssignment()Lcom/android/dx/rop/code/RegisterSpec; @ 9
Event: 6.720 Thread 0x67dcbc00 Uncommon trap: reason=unloaded action=reinterpret pc=0xb3280858 method=com.android.dx.ssa.SsaRenamer$BlockRenamer.visitMoveInsn(Lcom/android/dx/ssa/NormalSsaInsn;)V @ 208
Event: 7.487 Thread 0x67dd0400 Uncommon trap: reason=unstable_if action=reinterpret pc=0xb32ab748 method=java.util.HashMap.put(Ljava/lang/Object;Ljava/lang/Object;)Ljava/lang/Object; @ 86

Internal exceptions (10 events):
Event: 1.428 Thread 0x67dcbc00 Threw 0x9e37c4f0 at /build/openjdk-7-Qyh454/openjdk-7-7u85-2.6.1/build/openjdk/hotspot/src/share/vm/prims/jvm.cpp:1322
Event: 1.442 Thread 0x67dcbc00 Threw 0x9e38d958 at /build/openjdk-7-Qyh454/openjdk-7-7u85-2.6.1/build/openjdk/hotspot/src/share/vm/prims/jvm.cpp:1322
Event: 1.512 Thread 0x67dcbc00 Threw 0x9e397f08 at /build/openjdk-7-Qyh454/openjdk-7-7u85-2.6.1/build/openjdk/hotspot/src/share/vm/prims/jvm.cpp:1322
Event: 1.761 Thread 0x67dd0400 Threw 0x9e842710 at /build/openjdk-7-Qyh454/openjdk-7-7u85-2.6.1/build/openjdk/hotspot/src/share/vm/prims/jvm.cpp:1322
Event: 1.856 Thread 0xb6207c00 Implicit null exception at 0xb325baa3 to 0xb325bc55
Event: 2.021 Thread 0x67dcf400 Threw 0x9de84010 at /build/openjdk-7-Qyh454/openjdk-7-7u85-2.6.1/build/openjdk/hotspot/src/share/vm/prims/jvm.cpp:1322
Event: 2.207 Thread 0xb6207c00 Threw 0x9e157fd0 at /build/openjdk-7-Qyh454/openjdk-7-7u85-2.6.1/build/openjdk/hotspot/src/share/vm/prims/jvm.cpp:1322
Event: 2.270 Thread 0x67dcbc00 Implicit null exception at 0xb3262bab to 0xb3262c82
Event: 5.741 Thread 0x67dcbc00 Threw 0x9dd8d920 at /build/openjdk-7-Qyh454/openjdk-7-7u85-2.6.1/build/openjdk/hotspot/src/share/vm/prims/jvm.cpp:1322
Event: 6.523 Thread 0xb6207c00 Threw 0x9f57ba18 at /build/openjdk-7-Qyh454/openjdk-7-7u85-2.6.1/build/openjdk/hotspot/src/share/vm/prims/jvm.cpp:1322

Events (10 events):
Event: 6.718 Thread 0x67dcbc00 Uncommon trap: trap_request=0xffffff75 fr.pc=0xb32c55a8
Event: 6.718 Thread 0x67dcbc00 DEOPT PACKING pc=0xb32c55a8 sp=0x672f4c80
Event: 6.718 Thread 0x67dcbc00 DEOPT UNPACKING pc=0xb322cbc8 sp=0x672f4c48 mode 2
Event: 6.720 Thread 0x67dcbc00 Uncommon trap: trap_request=0x00000034 fr.pc=0xb3280858
Event: 6.720 Thread 0x67dcbc00 DEOPT PACKING pc=0xb3280858 sp=0x672f4b30
Event: 6.720 Thread 0x67dcbc00 DEOPT UNPACKING pc=0xb322cbc8 sp=0x672f4ad8 mode 2
Event: 7.487 Thread 0x67dd0400 Uncommon trap: trap_request=0xffffff75 fr.pc=0xb32ab748
Event: 7.487 Thread 0x67dd0400 DEOPT PACKING pc=0xb32ab748 sp=0x671b0b70
Event: 7.487 Thread 0x67dd0400 DEOPT UNPACKING pc=0xb322cbc8 sp=0x671b0b50 mode 2
Event: 7.662 Executing VM operation: ParallelGCFailedAllocation


Dynamic libraries:
08048000-08049000 r-xp 00000000 08:07 3540783    /usr/lib/jvm/java-7-openjdk-i386/jre/bin/java
08049000-0804a000 r--p 00000000 08:07 3540783    /usr/lib/jvm/java-7-openjdk-i386/jre/bin/java
0804a000-0804b000 rw-p 00001000 08:07 3540783    /usr/lib/jvm/java-7-openjdk-i386/jre/bin/java
08181000-08bd2000 rw-p 00000000 00:00 0          [heap]
66000000-660f9000 rw-p 00000000 00:00 0 
660f9000-66100000 ---p 00000000 00:00 0 
66200000-662e1000 rw-p 00000000 00:00 0 
662e1000-66300000 ---p 00000000 00:00 0 
66300000-663fe000 rw-p 00000000 00:00 0 
663fe000-66400000 ---p 00000000 00:00 0 
66400000-664f1000 rw-p 00000000 00:00 0 
664f1000-66500000 ---p 00000000 00:00 0 
66500000-665f2000 rw-p 00000000 00:00 0 
665f2000-66600000 ---p 00000000 00:00 0 
66600000-66622000 rw-p 00000000 00:00 0 
66622000-66700000 ---p 00000000 00:00 0 
66700000-667fe000 rw-p 00000000 00:00 0 
667fe000-66800000 ---p 00000000 00:00 0 
66800000-668f9000 rw-p 00000000 00:00 0 
668f9000-66900000 ---p 00000000 00:00 0 
66900000-669fa000 rw-p 00000000 00:00 0 
669fa000-66a00000 ---p 00000000 00:00 0 
66a00000-66aef000 rw-p 00000000 00:00 0 
66aef000-66b00000 ---p 00000000 00:00 0 
66c00000-66d00000 rw-p 00000000 00:00 0 
66e00000-66f00000 rw-p 00000000 00:00 0 
66f6f000-67000000 rw-p 00000000 00:00 0 
67000000-670e6000 rw-p 00000000 00:00 0 
670e6000-67100000 ---p 00000000 00:00 0 
67161000-67164000 ---p 00000000 00:00 0 
67164000-671b2000 rw-p 00000000 00:00 0          [stack:13976]
671b2000-671b5000 ---p 00000000 00:00 0 
671b5000-67203000 rw-p 00000000 00:00 0          [stack:13975]
67203000-67206000 ---p 00000000 00:00 0 
67206000-67254000 rw-p 00000000 00:00 0          [stack:13974]
67254000-67257000 ---p 00000000 00:00 0 
67257000-672a5000 rw-p 00000000 00:00 0          [stack:13973]
672a5000-672a8000 ---p 00000000 00:00 0 
672a8000-674b7000 rw-p 00000000 00:00 0          [stack:13972]
674b7000-67528000 r-xp 00000000 08:07 5898310    /lib/i386-linux-gnu/libpcre.so.3.13.1
67528000-67529000 r--p 00070000 08:07 5898310    /lib/i386-linux-gnu/libpcre.so.3.13.1
67529000-6752a000 rw-p 00071000 08:07 5898310    /lib/i386-linux-gnu/libpcre.so.3.13.1
6752a000-67531000 r-xp 00000000 08:07 3015859    /usr/lib/i386-linux-gnu/libffi.so.6.0.4
67531000-67533000 r--p 00006000 08:07 3015859    /usr/lib/i386-linux-gnu/libffi.so.6.0.4
67533000-67534000 rw-p 00008000 08:07 3015859    /usr/lib/i386-linux-gnu/libffi.so.6.0.4
67534000-67548000 r-xp 00000000 08:07 5899505    /lib/i386-linux-gnu/libresolv-2.21.so
67548000-6754a000 r--p 00013000 08:07 5899505    /lib/i386-linux-gnu/libresolv-2.21.so
6754a000-6754b000 rw-p 00015000 08:07 5899505    /lib/i386-linux-gnu/libresolv-2.21.so
6754b000-6754d000 rw-p 00000000 00:00 0 
6754d000-67572000 r-xp 00000000 08:07 5898256    /lib/i386-linux-gnu/libselinux.so.1
67572000-67573000 r--p 00024000 08:07 5898256    /lib/i386-linux-gnu/libselinux.so.1
67573000-67574000 rw-p 00025000 08:07 5898256    /lib/i386-linux-gnu/libselinux.so.1
67574000-67575000 rw-p 00000000 00:00 0 
67575000-6769a000 r-xp 00000000 08:07 5899442    /lib/i386-linux-gnu/libglib-2.0.so.0.4600.1
6769a000-6769b000 r--p 00124000 08:07 5899442    /lib/i386-linux-gnu/libglib-2.0.so.0.4600.1
6769b000-6769c000 rw-p 00125000 08:07 5899442    /lib/i386-linux-gnu/libglib-2.0.so.0.4600.1
6769c000-676f8000 r-xp 00000000 08:07 3019097    /usr/lib/i386-linux-gnu/libgobject-2.0.so.0.4600.1
676f8000-676f9000 ---p 0005c000 08:07 3019097    /usr/lib/i386-linux-gnu/libgobject-2.0.so.0.4600.1
676f9000-676fa000 r--p 0005c000 08:07 3019097    /usr/lib/i386-linux-gnu/libgobject-2.0.so.0.4600.1
676fa000-676fb000 rw-p 0005d000 08:07 3019097    /usr/lib/i386-linux-gnu/libgobject-2.0.so.0.4600.1
676fb000-678b8000 r-xp 00000000 08:07 3019098    /usr/lib/i386-linux-gnu/libgio-2.0.so.0.4600.1
678b8000-678b9000 ---p 001bd000 08:07 3019098    /usr/lib/i386-linux-gnu/libgio-2.0.so.0.4600.1
678b9000-678bb000 r--p 001bd000 08:07 3019098    /usr/lib/i386-linux-gnu/libgio-2.0.so.0.4600.1
678bb000-678bc000 rw-p 001bf000 08:07 3019098    /usr/lib/i386-linux-gnu/libgio-2.0.so.0.4600.1
678bc000-678bd000 rw-p 00000000 00:00 0 
678db000-678dc000 ---p 00000000 00:00 0 
678dc000-6795c000 rw-p 00000000 00:00 0          [stack:13971]
6795c000-6795f000 ---p 00000000 00:00 0 
6795f000-679ad000 rw-p 00000000 00:00 0          [stack:13970]
679ad000-679b0000 ---p 00000000 00:00 0 
679b0000-67a2e000 rw-p 00000000 00:00 0          [stack:13969]
67a2e000-67a31000 ---p 00000000 00:00 0 
67a31000-67aaf000 rw-p 00000000 00:00 0          [stack:13968]
67aaf000-67ab2000 ---p 00000000 00:00 0 
67ab2000-67b00000 rw-p 00000000 00:00 0          [stack:13967]
67b00000-67d00000 r--p 00000000 08:07 3023765    /usr/lib/locale/locale-archive
67d00000-67e00000 rw-p 00000000 00:00 0 
67e01000-67e18000 r-xp 00000000 08:07 3540840    /usr/lib/jvm/java-7-openjdk-i386/jre/lib/i386/libnet.so
67e18000-67e19000 r--p 00016000 08:07 3540840    /usr/lib/jvm/java-7-openjdk-i386/jre/lib/i386/libnet.so
67e19000-67e1a000 rw-p 00017000 08:07 3540840    /usr/lib/jvm/java-7-openjdk-i386/jre/lib/i386/libnet.so
67e1a000-67e2a000 r-xp 00000000 08:07 3540808    /usr/lib/jvm/java-7-openjdk-i386/jre/lib/i386/libnio.so
67e2a000-67e2b000 r--p 0000f000 08:07 3540808    /usr/lib/jvm/java-7-openjdk-i386/jre/lib/i386/libnio.so
67e2b000-67e2c000 rw-p 00010000 08:07 3540808    /usr/lib/jvm/java-7-openjdk-i386/jre/lib/i386/libnio.so
67e2c000-67e2f000 ---p 00000000 00:00 0 
67e2f000-67e7d000 rw-p 00000000 00:00 0          [stack:13965]
67e7d000-67e80000 ---p 00000000 00:00 0 
67e80000-67ece000 rw-p 00000000 00:00 0          [stack:13964]
67ece000-68080000 r--s 01d30000 08:07 3540802    /usr/lib/jvm/java-7-openjdk-i386/jre/lib/rt.jar
68080000-6a900000 rw-p 00000000 00:00 0 
6a900000-6a9fa000 rw-p 00000000 00:00 0 
6a9fa000-6aa00000 ---p 00000000 00:00 0 
6aa01000-6aa15000 r--s 000be000 08:07 1325526    /home/akhil/Android Linux/AndroidStudio Workspace/Textile/app/build/intermediates/exploded-aar/com.google.android.gms/play-services-basement/8.3.0/jars/classes.jar
6aa15000-6aa24000 r--s 000df000 08:07 2622907    /home/akhil/Android Linux/Sdk/build-tools/23.0.0_rc3/lib/dx.jar
6aa24000-6aa25000 ---p 00000000 00:00 0 
6aa25000-6ab00000 rw-p 00000000 00:00 0          [stack:13963]
6ab00000-6ab30000 rw-p 00000000 00:00 0 
6ab30000-6ac00000 ---p 00000000 00:00 0 
6ac03000-6ac67000 rw-p 00000000 00:00 0 
6ac67000-6ac68000 ---p 00000000 00:00 0 
6ac68000-6ace8000 rw-p 00000000 00:00 0          [stack:13962]
6ace8000-6ace9000 ---p 00000000 00:00 0 
6ace9000-6ad71000 rw-p 00000000 00:00 0          [stack:13961]
6ad71000-6ada9000 rw-p 00000000 00:00 0 
6ada9000-6adbd000 rw-p 00000000 00:00 0 
6adbd000-6aeff000 rw-p 00000000 00:00 0 
6aeff000-6af07000 rw-p 00000000 00:00 0 
6af07000-6af3f000 rw-p 00000000 00:00 0 
6af3f000-6af53000 rw-p 00000000 00:00 0 
6af53000-6b094000 rw-p 00000000 00:00 0 
6b094000-6b0b5000 rw-p 00000000 00:00 0 
6b0b5000-6b13f000 rw-p 00000000 00:00 0 
6b13f000-6c140000 rw-p 00000000 00:00 0 
6c140000-73140000 rw-p 00000000 00:00 0 
73140000-75840000 rw-p 00000000 00:00 0 
75840000-9dbc0000 rw-p 00000000 00:00 0 
9dbc0000-a1c40000 rw-p 00000000 00:00 0 
a6cc0000-b3140000 rw-p 00000000 00:00 0 
b3140000-b3149000 rw-p 00000000 00:00 0 
b3149000-b3200000 rw-p 00000000 00:00 0 
b3200000-b3440000 rwxp 00000000 00:00 0 
b3440000-b62fd000 rw-p 00000000 00:00 0 
b62fd000-b6300000 ---p 00000000 00:00 0 
b6302000-b6305000 r-xp 00000000 08:07 3019772    /usr/lib/i386-linux-gnu/libgmodule-2.0.so.0.4600.1
b6305000-b6306000 r--p 00002000 08:07 3019772    /usr/lib/i386-linux-gnu/libgmodule-2.0.so.0.4600.1
b6306000-b6307000 rw-p 00003000 08:07 3019772    /usr/lib/i386-linux-gnu/libgmodule-2.0.so.0.4600.1
b6307000-b630b000 r--s 00085000 08:07 3540795    /usr/lib/jvm/java-7-openjdk-i386/jre/lib/ext/localedata.jar
b630b000-b630f000 r--s 0003c000 08:07 3540798    /usr/lib/jvm/java-7-openjdk-i386/jre/lib/ext/sunpkcs11.jar
b630f000-b631b000 r-xp 00000000 08:07 5899452    /lib/i386-linux-gnu/libnss_files-2.21.so
b631b000-b631c000 r--p 0000b000 08:07 5899452    /lib/i386-linux-gnu/libnss_files-2.21.so
b631c000-b631d000 rw-p 0000c000 08:07 5899452    /lib/i386-linux-gnu/libnss_files-2.21.so
b631d000-b6328000 r-xp 00000000 08:07 5899462    /lib/i386-linux-gnu/libnss_nis-2.21.so
b6328000-b6329000 r--p 0000a000 08:07 5899462    /lib/i386-linux-gnu/libnss_nis-2.21.so
b6329000-b632a000 rw-p 0000b000 08:07 5899462    /lib/i386-linux-gnu/libnss_nis-2.21.so
b632a000-b6341000 r-xp 00000000 08:07 5899446    /lib/i386-linux-gnu/libnsl-2.21.so
b6341000-b6342000 r--p 00016000 08:07 5899446    /lib/i386-linux-gnu/libnsl-2.21.so
b6342000-b6343000 rw-p 00017000 08:07 5899446    /lib/i386-linux-gnu/libnsl-2.21.so
b6343000-b6345000 rw-p 00000000 00:00 0 
b6346000-b6348000 r--s 00007000 08:07 3412741    /usr/share/java/java-atk-wrapper.jar
b6348000-b634b000 r--s 0000f000 08:07 3540796    /usr/lib/jvm/java-7-openjdk-i386/jre/lib/ext/icedtea-sound.jar
b634b000-b634d000 r--s 00012000 08:07 3540794    /usr/lib/jvm/java-7-openjdk-i386/jre/lib/ext/zipfs.jar
b634d000-b6351000 r--s 00034000 08:07 3540797    /usr/lib/jvm/java-7-openjdk-i386/jre/lib/ext/sunjce_provider.jar
b6351000-b6359000 r-xp 00000000 08:07 3540812    /usr/lib/jvm/java-7-openjdk-i386/jre/lib/i386/libzip.so
b6359000-b635a000 r--p 00007000 08:07 3540812    /usr/lib/jvm/java-7-openjdk-i386/jre/lib/i386/libzip.so
b635a000-b635b000 rw-p 00008000 08:07 3540812    /usr/lib/jvm/java-7-openjdk-i386/jre/lib/i386/libzip.so
b635b000-b6363000 rw-s 00000000 08:07 3802770    /tmp/hsperfdata_akhil/13955
b6363000-b6389000 r-xp 00000000 08:07 3540820    /usr/lib/jvm/java-7-openjdk-i386/jre/lib/i386/libjava.so
b6389000-b638a000 r--p 00025000 08:07 3540820    /usr/lib/jvm/java-7-openjdk-i386/jre/lib/i386/libjava.so
b638a000-b638b000 rw-p 00026000 08:07 3540820    /usr/lib/jvm/java-7-openjdk-i386/jre/lib/i386/libjava.so
b638b000-b6392000 r-xp 00000000 08:07 5899507    /lib/i386-linux-gnu/librt-2.21.so
b6392000-b6393000 r--p 00006000 08:07 5899507    /lib/i386-linux-gnu/librt-2.21.so
b6393000-b6394000 rw-p 00007000 08:07 5899507    /lib/i386-linux-gnu/librt-2.21.so
b6394000-b6397000 ---p 00000000 00:00 0 
b6397000-b63e5000 rw-p 00000000 00:00 0          [stack:13960]
b63e5000-b6401000 r-xp 00000000 08:07 5899524    /lib/i386-linux-gnu/libgcc_s.so.1
b6401000-b6402000 r--p 0001b000 08:07 5899524    /lib/i386-linux-gnu/libgcc_s.so.1
b6402000-b6403000 rw-p 0001c000 08:07 5899524    /lib/i386-linux-gnu/libgcc_s.so.1
b6403000-b644e000 r-xp 00000000 08:07 5899425    /lib/i386-linux-gnu/libm-2.21.so
b644e000-b644f000 r--p 0004a000 08:07 5899425    /lib/i386-linux-gnu/libm-2.21.so
b644f000-b6450000 rw-p 0004b000 08:07 5899425    /lib/i386-linux-gnu/libm-2.21.so
b6450000-b65bd000 r-xp 00000000 08:07 3019096    /usr/lib/i386-linux-gnu/libstdc++.so.6.0.21
b65bd000-b65be000 ---p 0016d000 08:07 3019096    /usr/lib/i386-linux-gnu/libstdc++.so.6.0.21
b65be000-b65c3000 r--p 0016d000 08:07 3019096    /usr/lib/i386-linux-gnu/libstdc++.so.6.0.21
b65c3000-b65c4000 rw-p 00172000 08:07 3019096    /usr/lib/i386-linux-gnu/libstdc++.so.6.0.21
b65c4000-b65c7000 rw-p 00000000 00:00 0 
b65c7000-b712d000 r-xp 00000000 08:07 3540828    /usr/lib/jvm/java-7-openjdk-i386/jre/lib/i386/server/libjvm.so
b712d000-b7178000 r--p 00b65000 08:07 3540828    /usr/lib/jvm/java-7-openjdk-i386/jre/lib/i386/server/libjvm.so
b7178000-b718c000 rw-p 00bb0000 08:07 3540828    /usr/lib/jvm/java-7-openjdk-i386/jre/lib/i386/server/libjvm.so
b718c000-b75aa000 rw-p 00000000 00:00 0 
b75aa000-b75c3000 r-xp 00000000 08:07 5898319    /lib/i386-linux-gnu/libz.so.1.2.8
b75c3000-b75c4000 r--p 00018000 08:07 5898319    /lib/i386-linux-gnu/libz.so.1.2.8
b75c4000-b75c5000 rw-p 00019000 08:07 5898319    /lib/i386-linux-gnu/libz.so.1.2.8
b75c5000-b75de000 r-xp 00000000 08:07 5899499    /lib/i386-linux-gnu/libpthread-2.21.so
b75de000-b75df000 r--p 00018000 08:07 5899499    /lib/i386-linux-gnu/libpthread-2.21.so
b75df000-b75e0000 rw-p 00019000 08:07 5899499    /lib/i386-linux-gnu/libpthread-2.21.so
b75e0000-b75e2000 rw-p 00000000 00:00 0 
b75e2000-b75e5000 r-xp 00000000 08:07 5899383    /lib/i386-linux-gnu/libdl-2.21.so
b75e5000-b75e6000 r--p 00002000 08:07 5899383    /lib/i386-linux-gnu/libdl-2.21.so
b75e6000-b75e7000 rw-p 00003000 08:07 5899383    /lib/i386-linux-gnu/libdl-2.21.so
b75e7000-b779b000 r-xp 00000000 08:07 5899366    /lib/i386-linux-gnu/libc-2.21.so
b779b000-b779e000 r--p 001b3000 08:07 5899366    /lib/i386-linux-gnu/libc-2.21.so
b779e000-b77a0000 rw-p 001b6000 08:07 5899366    /lib/i386-linux-gnu/libc-2.21.so
b77a0000-b77a2000 rw-p 00000000 00:00 0 
b77a2000-b77a3000 r--s 00002000 08:07 3540799    /usr/lib/jvm/java-7-openjdk-i386/jre/lib/ext/dnsns.jar
b77a3000-b77a4000 r--p 005db000 08:07 3023765    /usr/lib/locale/locale-archive
b77a4000-b77ac000 r-xp 00000000 08:07 5899448    /lib/i386-linux-gnu/libnss_compat-2.21.so
b77ac000-b77ad000 r--p 00007000 08:07 5899448    /lib/i386-linux-gnu/libnss_compat-2.21.so
b77ad000-b77ae000 rw-p 00008000 08:07 5899448    /lib/i386-linux-gnu/libnss_compat-2.21.so
b77ae000-b77af000 rw-p 00000000 00:00 0 
b77af000-b77b0000 ---p 00000000 00:00 0 
b77b0000-b77be000 r-xp 00000000 08:07 3540836    /usr/lib/jvm/java-7-openjdk-i386/jre/lib/i386/libverify.so
b77be000-b77bf000 r--p 0000d000 08:07 3540836    /usr/lib/jvm/java-7-openjdk-i386/jre/lib/i386/libverify.so
b77bf000-b77c0000 rw-p 0000e000 08:07 3540836    /usr/lib/jvm/java-7-openjdk-i386/jre/lib/i386/libverify.so
b77c0000-b77cc000 r-xp 00000000 08:07 3540837    /usr/lib/jvm/java-7-openjdk-i386/jre/lib/i386/jli/libjli.so
b77cc000-b77cd000 r--p 0000b000 08:07 3540837    /usr/lib/jvm/java-7-openjdk-i386/jre/lib/i386/jli/libjli.so
b77cd000-b77ce000 rw-p 0000c000 08:07 3540837    /usr/lib/jvm/java-7-openjdk-i386/jre/lib/i386/jli/libjli.so
b77ce000-b77d1000 rw-p 00000000 00:00 0 
b77d1000-b77d3000 r--p 00000000 00:00 0          [vvar]
b77d3000-b77d4000 r-xp 00000000 00:00 0          [vdso]
b77d4000-b77f6000 r-xp 00000000 08:07 5899338    /lib/i386-linux-gnu/ld-2.21.so
b77f6000-b77f7000 r--p 00021000 08:07 5899338    /lib/i386-linux-gnu/ld-2.21.so
b77f7000-b77f8000 rw-p 00022000 08:07 5899338    /lib/i386-linux-gnu/ld-2.21.so
bfa8f000-bfa90000 rwxp 00000000 00:00 0 
bfac2000-bfae3000 rw-p 00000000 00:00 0          [stack]

VM Arguments:
jvm_args: -Xmx1024M -Dfile.encoding=UTF-8 -Duser.country=IN -Duser.language=en -Duser.variant 
java_command: com.android.dx.command.Main --dex --num-threads=4 --output /home/akhil/Android Linux/AndroidStudio Workspace/Textile/app/build/intermediates/pre-dexed/debug/classes-a11ecd6d4155e7c09d2761e40832cf5d8c4a1280.jar /home/akhil/Android Linux/AndroidStudio Workspace/Textile/app/build/intermediates/exploded-aar/com.google.android.gms/play-services-basement/8.3.0/jars/classes.jar
Launcher Type: SUN_STANDARD

Environment Variables:
PATH=/usr/local/sbin:/usr/local/bin:/usr/sbin:/usr/bin:/sbin:/bin:/usr/games:/usr/local/games
LD_LIBRARY_PATH=/home/akhil/Android Linux/New Android studio/android-studio/bin:
SHELL=/bin/bash
DISPLAY=:0

Signal Handlers:
SIGSEGV: [libjvm.so+0x80e660], sa_mask[0]=0x7ffbfeff, sa_flags=0x10000004
SIGBUS: [libjvm.so+0x80e660], sa_mask[0]=0x7ffbfeff, sa_flags=0x10000004
SIGFPE: [libjvm.so+0x688620], sa_mask[0]=0x7ffbfeff, sa_flags=0x10000004
SIGPIPE: [libjvm.so+0x688620], sa_mask[0]=0x7ffbfeff, sa_flags=0x10000004
SIGXFSZ: [libjvm.so+0x688620], sa_mask[0]=0x7ffbfeff, sa_flags=0x10000004
SIGILL: [libjvm.so+0x688620], sa_mask[0]=0x7ffbfeff, sa_flags=0x10000004
SIGUSR1: SIG_DFL, sa_mask[0]=0x00000000, sa_flags=0x00000000
SIGUSR2: [libjvm.so+0x688470], sa_mask[0]=0x00000004, sa_flags=0x10000004
SIGHUP: [libjvm.so+0x688650], sa_mask[0]=0x7ffbfeff, sa_flags=0x10000004
SIGINT: [libjvm.so+0x688650], sa_mask[0]=0x7ffbfeff, sa_flags=0x10000004
SIGTERM: [libjvm.so+0x688650], sa_mask[0]=0x7ffbfeff, sa_flags=0x10000004
SIGQUIT: [libjvm.so+0x688650], sa_mask[0]=0x7ffbfeff, sa_flags=0x10000004
SIGTRAP: SIG_DFL, sa_mask[0]=0x00000000, sa_flags=0x00000000


---------------  S Y S T E M  ---------------

OS:Ubuntu 15.10 (wily)
uname:Linux 4.2.0-18-generic #22-Ubuntu SMP Fri Nov 6 23:32:28 UTC 2015 i686
libc:glibc 2.21 NPTL 2.21 
rlimit: STACK 8192k, CORE 0k, NPROC 29724, NOFILE 65536, AS infinity
load average:4.12 2.33 1.95

/proc/meminfo:
MemTotal:        3837900 kB
MemFree:          117120 kB
MemAvailable:     142052 kB
Buffers:            1020 kB
Cached:           404476 kB
SwapCached:            0 kB
Active:          3273580 kB
Inactive:         347360 kB
Active(anon):    3261592 kB
Inactive(anon):   333940 kB
Active(file):      11988 kB
Inactive(file):    13420 kB
Unevictable:         228 kB
Mlocked:             228 kB
HighTotal:       2981304 kB
HighFree:           3552 kB
LowTotal:         856596 kB
LowFree:          113568 kB
SwapTotal:             0 kB
SwapFree:              0 kB
Dirty:               620 kB
Writeback:             0 kB
AnonPages:       3216044 kB
Mapped:           223312 kB
Shmem:            379748 kB
Slab:              49756 kB
SReclaimable:      24100 kB
SUnreclaim:        25656 kB
KernelStack:        5664 kB
PageTables:        21480 kB
NFS_Unstable:          0 kB
Bounce:                0 kB
WritebackTmp:          0 kB
CommitLimit:     1918948 kB
Committed_AS:   10154728 kB
VmallocTotal:     122880 kB
VmallocUsed:       16188 kB
VmallocChunk:      62600 kB
AnonHugePages:   1720320 kB
CmaTotal:              0 kB
CmaFree:               0 kB
HugePages_Total:       0
HugePages_Free:        0
HugePages_Rsvd:        0
HugePages_Surp:        0
Hugepagesize:       2048 kB
DirectMap4k:       77816 kB
DirectMap2M:      833536 kB


CPU:total 2 (2 cores per cpu, 1 threads per core) family 6 model 58 stepping 9, cmov, cx8, fxsr, mmx, sse, sse2, sse3, ssse3, sse4.1, sse4.2, popcnt, erms, tsc, tscinvbit, tscinv

/proc/cpuinfo:
processor	: 0
vendor_id	: GenuineIntel
cpu family	: 6
model		: 58
model name	: Intel(R) Pentium(R) CPU G2020 @ 2.90GHz
stepping	: 9
microcode	: 0x12
cpu MHz		: 1713.378
cache size	: 3072 KB
physical id	: 0
siblings	: 2
core id		: 0
cpu cores	: 2
apicid		: 0
initial apicid	: 0
fdiv_bug	: no
f00f_bug	: no
coma_bug	: no
fpu		: yes
fpu_exception	: yes
cpuid level	: 13
wp		: yes
flags		: fpu vme de pse tsc msr pae mce cx8 apic sep mtrr pge mca cmov pat pse36 clflush dts acpi mmx fxsr sse sse2 ss ht tm pbe nx rdtscp lm constant_tsc arch_perfmon pebs bts xtopology nonstop_tsc aperfmperf eagerfpu pni pclmulqdq dtes64 monitor ds_cpl vmx est tm2 ssse3 cx16 xtpr pdcm pcid sse4_1 sse4_2 popcnt tsc_deadline_timer xsave lahf_lm arat epb pln pts dtherm tpr_shadow vnmi flexpriority ept vpid fsgsbase smep erms xsaveopt
bugs		:
bogomips	: 5787.03
clflush size	: 64
cache_alignment	: 64
address sizes	: 36 bits physical, 48 bits virtual
power management:

processor	: 1
vendor_id	: GenuineIntel
cpu family	: 6
model		: 58
model name	: Intel(R) Pentium(R) CPU G2020 @ 2.90GHz
stepping	: 9
microcode	: 0x12
cpu MHz		: 1760.617
cache size	: 3072 KB
physical id	: 0
siblings	: 2
core id		: 1
cpu cores	: 2
apicid		: 2
initial apicid	: 2
fdiv_bug	: no
f00f_bug	: no
coma_bug	: no
fpu		: yes
fpu_exception	: yes
cpuid level	: 13
wp		: yes
flags		: fpu vme de pse tsc msr pae mce cx8 apic sep mtrr pge mca cmov pat pse36 clflush dts acpi mmx fxsr sse sse2 ss ht tm pbe nx rdtscp lm constant_tsc arch_perfmon pebs bts xtopology nonstop_tsc aperfmperf eagerfpu pni pclmulqdq dtes64 monitor ds_cpl vmx est tm2 ssse3 cx16 xtpr pdcm pcid sse4_1 sse4_2 popcnt tsc_deadline_timer xsave lahf_lm arat epb pln pts dtherm tpr_shadow vnmi flexpriority ept vpid fsgsbase smep erms xsaveopt
bugs		:
bogomips	: 5787.03
clflush size	: 64
cache_alignment	: 64
address sizes	: 36 bits physical, 48 bits virtual
power management:



Memory: 4k page, physical 3837900k(117120k free), swap 0k(0k free)

vm_info: OpenJDK Server VM (24.85-b03) for linux-x86 JRE (1.7.0_85-b01), built on Oct 22 2015 09:11:51 by "buildd" with gcc 5.2.1 20151010

time: Thu Nov 26 13:42:31 2015
elapsed time: 10 seconds

