#
# There is insufficient memory for the Java Runtime Environment to continue.
# Native memory allocation (malloc) failed to allocate 72876032 bytes for committing reserved memory.
# Possible reasons:
#   The system is out of physical RAM or swap space
#   In 32 bit mode, the process size limit was hit
# Possible solutions:
#   Reduce memory load on the system
#   Increase physical memory or swap space
#   Check if swap backing store is full
#   Use 64 bit Java on a 64 bit OS
#   Decrease Java heap size (-Xmx/-Xms)
#   Decrease number of Java threads
#   Decrease Java thread stack sizes (-Xss)
#   Set larger code cache with -XX:ReservedCodeCacheSize=
# This output file may be truncated or incomplete.
#
#  Out of Memory Error (os_linux.cpp:2827), pid=10471, tid=1743276864
#
# JRE version: OpenJDK Runtime Environment (7.0_85-b01) (build 1.7.0_85-b01)
# Java VM: OpenJDK Server VM (24.85-b03 mixed mode linux-x86 )
# Derivative: IcedTea 2.6.1
# Distribution: Ubuntu 15.10, package 7u85-2.6.1-5ubuntu0.15.10.1
# Failed to write core dump. Core dumps have been disabled. To enable core dumping, try "ulimit -c unlimited" before starting Java again
#

---------------  T H R E A D  ---------------

Current thread (0x67d10400):  VMThread [stack: 0x67e04000,0x67e85000] [id=10478]

Stack: [0x67e04000,0x67e85000]
VM_Operation (0x67231a14): ParallelGCFailedAllocation, mode: safepoint, requested by thread 0x67dcb800


---------------  P R O C E S S  ---------------

Java Threads: ( => current thread )
  0x67dd1c00 JavaThread "pool-1-thread-4" [_thread_blocked, id=10490, stack(0x6709e000,0x670ef000)]
  0x67dd0800 JavaThread "pool-1-thread-3" [_thread_blocked, id=10489, stack(0x670ef000,0x67140000)]
  0x67dcf000 JavaThread "pool-1-thread-2" [_thread_blocked, id=10488, stack(0x67140000,0x67191000)]
  0x67dcc800 JavaThread "pool-2-thread-1" [_thread_blocked, id=10487, stack(0x67191000,0x671e2000)]
  0x67dcb800 JavaThread "pool-1-thread-1" [_thread_blocked, id=10486, stack(0x671e2000,0x67233000)]
  0x67d2c800 JavaThread "Service Thread" daemon [_thread_blocked, id=10484, stack(0x678ba000,0x6790b000)]
  0x67d2ac00 JavaThread "C2 CompilerThread1" daemon [_thread_blocked, id=10483, stack(0x6790b000,0x6798c000)]
  0x67d28800 JavaThread "C2 CompilerThread0" daemon [_thread_blocked, id=10482, stack(0x6798c000,0x67a0d000)]
  0x67d27000 JavaThread "Signal Dispatcher" daemon [_thread_blocked, id=10481, stack(0x67a0d000,0x67a5e000)]
  0x67d14400 JavaThread "Finalizer" daemon [_thread_blocked, id=10480, stack(0x67c5e000,0x67caf000)]
  0x67d12c00 JavaThread "Reference Handler" daemon [_thread_blocked, id=10479, stack(0x67caf000,0x67d00000)]
  0xb6107c00 JavaThread "main" [_thread_blocked, id=10475, stack(0xb62e3000,0xb6334000)]

Other Threads:
=>0x67d10400 VMThread [stack: 0x67e04000,0x67e85000] [id=10478]
  0x67d2e400 WatcherThread [stack: 0x67839000,0x678ba000] [id=10485]

VM state:at safepoint (normal execution)

VM Mutex/Monitor currently owned by a thread:  ([mutex/lock_event])
[0xb61052d0] Threads_lock - owner thread: 0x67d10400
[0xb61056e0] Heap_lock - owner thread: 0x67dcb800
[0xb6105bc0] MethodData_lock - owner thread: 0x67dcf000

Heap
 PSYoungGen      total 68864K, used 8432K [0x9dac0000, 0xa2740000, 0xb3040000)
  eden space 60416K, 0% used [0x9dac0000,0x9dac0000,0xa15c0000)
  from space 8448K, 99% used [0xa15c0000,0xa1dfc158,0xa1e00000)
  to   space 7424K, 0% used [0xa1e00000,0xa1e00000,0xa2540000)
 ParOldGen       total 39936K, used 24175K [0x73040000, 0x75740000, 0x9dac0000)
  object space 39936K, 60% used [0x73040000,0x747dbd20,0x75740000)
 PSPermGen       total 16384K, used 4149K [0x6b040000, 0x6c040000, 0x73040000)
  object space 16384K, 25% used [0x6b040000,0x6b44d6c8,0x6c040000)

Card table byte_map: [0x6adff000,0x6b040000] byte_map_base: 0x6aaa6e00

Polling page: 0xb76fe000

Code Cache  [0xb3100000, 0xb3340000, 0xb6100000)
 total_blobs=384 nmethods=262 adapters=76 free_code_cache=48209Kb largest_free_block=49319232

Compilation events (10 events):
Event: 9.858 Thread 0x67d28800 nmethod 258 0xb31c0848 code [0xb31c0940, 0xb31c09dc]
Event: 9.858 Thread 0x67d28800  259             com.android.dx.util.FixedSizeList::hashCode (8 bytes)
Event: 9.877 Thread 0x67d28800 nmethod 259 0xb31cf3c8 code [0xb31cf4c0, 0xb31cf5f0]
Event: 9.877 Thread 0x67d28800  260             com.android.dx.cf.code.ByteOps::opInfo (6 bytes)
Event: 9.877 Thread 0x67d28800 nmethod 260 0xb31c05c8 code [0xb31c06c0, 0xb31c0710]
Event: 9.877 Thread 0x67d28800  261   !         com.android.dx.ssa.LocalVariableInfo::getStarts0 (18 bytes)
Event: 9.877 Thread 0x67d28800 nmethod 261 0xb31cf1c8 code [0xb31cf2c0, 0xb31cf330]
Event: 9.877 Thread 0x67d28800  262             com.android.dx.cf.code.BasicBlocker::getBlockList (208 bytes)
Event: 9.991 Thread 0x67d28800 nmethod 262 0xb31dbf88 code [0xb31dc160, 0xb31dcdc4]
Event: 9.991 Thread 0x67d28800  263   !         com.android.dx.cf.code.BytecodeArray::parseInstruction (2764 bytes)

GC Heap History (10 events):
Event: 2.948 GC heap after
Heap after GC invocations=2 (full 0):
 PSYoungGen      total 17664K, used 2297K [0x9dac0000, 0x9fd40000, 0xb3040000)
  eden space 15360K, 0% used [0x9dac0000,0x9dac0000,0x9e9c0000)
  from space 2304K, 99% used [0x9ec00000,0x9ee3e730,0x9ee40000)
  to   space 2304K, 0% used [0x9e9c0000,0x9e9c0000,0x9ec00000)
 ParOldGen       total 39936K, used 3953K [0x73040000, 0x75740000, 0x9dac0000)
  object space 39936K, 9% used [0x73040000,0x7341c508,0x75740000)
 PSPermGen       total 16384K, used 4055K [0x6b040000, 0x6c040000, 0x73040000)
  object space 16384K, 24% used [0x6b040000,0x6b435d48,0x6c040000)
}
Event: 3.743 GC heap before
{Heap before GC invocations=3 (full 0):
 PSYoungGen      total 17664K, used 17657K [0x9dac0000, 0x9fd40000, 0xb3040000)
  eden space 15360K, 100% used [0x9dac0000,0x9e9c0000,0x9e9c0000)
  from space 2304K, 99% used [0x9ec00000,0x9ee3e730,0x9ee40000)
  to   space 2304K, 0% used [0x9e9c0000,0x9e9c0000,0x9ec00000)
 ParOldGen       total 39936K, used 3953K [0x73040000, 0x75740000, 0x9dac0000)
  object space 39936K, 9% used [0x73040000,0x7341c508,0x75740000)
 PSPermGen       total 16384K, used 4078K [0x6b040000, 0x6c040000, 0x73040000)
  object space 16384K, 24% used [0x6b040000,0x6b43b880,0x6c040000)
Event: 3.778 GC heap after
Heap after GC invocations=3 (full 0):
 PSYoungGen      total 17664K, used 2296K [0x9dac0000, 0x9fd40000, 0xb3040000)
  eden space 15360K, 0% used [0x9dac0000,0x9dac0000,0x9e9c0000)
  from space 2304K, 99% used [0x9e9c0000,0x9ebfe220,0x9ec00000)
  to   space 2304K, 0% used [0x9fb00000,0x9fb00000,0x9fd40000)
 ParOldGen       total 39936K, used 6715K [0x73040000, 0x75740000, 0x9dac0000)
  object space 39936K, 16% used [0x73040000,0x736ced80,0x75740000)
 PSPermGen       total 16384K, used 4078K [0x6b040000, 0x6c040000, 0x73040000)
  object space 16384K, 24% used [0x6b040000,0x6b43b880,0x6c040000)
}
Event: 4.716 GC heap before
{Heap before GC invocations=4 (full 0):
 PSYoungGen      total 17664K, used 17656K [0x9dac0000, 0x9fd40000, 0xb3040000)
  eden space 15360K, 100% used [0x9dac0000,0x9e9c0000,0x9e9c0000)
  from space 2304K, 99% used [0x9e9c0000,0x9ebfe220,0x9ec00000)
  to   space 2304K, 0% used [0x9fb00000,0x9fb00000,0x9fd40000)
 ParOldGen       total 39936K, used 6715K [0x73040000, 0x75740000, 0x9dac0000)
  object space 39936K, 16% used [0x73040000,0x736ced80,0x75740000)
 PSPermGen       total 16384K, used 4087K [0x6b040000, 0x6c040000, 0x73040000)
  object space 16384K, 24% used [0x6b040000,0x6b43de90,0x6c040000)
Event: 4.787 GC heap after
Heap after GC invocations=4 (full 0):
 PSYoungGen      total 33024K, used 2289K [0x9dac0000, 0x9fd40000, 0xb3040000)
  eden space 30720K, 0% used [0x9dac0000,0x9dac0000,0x9f8c0000)
  from space 2304K, 99% used [0x9fb00000,0x9fd3c630,0x9fd40000)
  to   space 2304K, 0% used [0x9f8c0000,0x9f8c0000,0x9fb00000)
 ParOldGen       total 39936K, used 9447K [0x73040000, 0x75740000, 0x9dac0000)
  object space 39936K, 23% used [0x73040000,0x73979df0,0x75740000)
 PSPermGen       total 16384K, used 4087K [0x6b040000, 0x6c040000, 0x73040000)
  object space 16384K, 24% used [0x6b040000,0x6b43de90,0x6c040000)
}
Event: 6.564 GC heap before
{Heap before GC invocations=5 (full 0):
 PSYoungGen      total 33024K, used 33009K [0x9dac0000, 0x9fd40000, 0xb3040000)
  eden space 30720K, 100% used [0x9dac0000,0x9f8c0000,0x9f8c0000)
  from space 2304K, 99% used [0x9fb00000,0x9fd3c630,0x9fd40000)
  to   space 2304K, 0% used [0x9f8c0000,0x9f8c0000,0x9fb00000)
 ParOldGen       total 39936K, used 9447K [0x73040000, 0x75740000, 0x9dac0000)
  object space 39936K, 23% used [0x73040000,0x73979df0,0x75740000)
 PSPermGen       total 16384K, used 4104K [0x6b040000, 0x6c040000, 0x73040000)
  object space 16384K, 25% used [0x6b040000,0x6b4422b8,0x6c040000)
Event: 6.633 GC heap after
Heap after GC invocations=5 (full 0):
 PSYoungGen      total 33024K, used 2301K [0x9dac0000, 0xa2540000, 0xb3040000)
  eden space 30720K, 0% used [0x9dac0000,0x9dac0000,0x9f8c0000)
  from space 2304K, 99% used [0x9f8c0000,0x9faff798,0x9fb00000)
  to   space 7424K, 0% used [0xa1e00000,0xa1e00000,0xa2540000)
 ParOldGen       total 39936K, used 14394K [0x73040000, 0x75740000, 0x9dac0000)
  object space 39936K, 36% used [0x73040000,0x73e4ead0,0x75740000)
 PSPermGen       total 16384K, used 4104K [0x6b040000, 0x6c040000, 0x73040000)
  object space 16384K, 25% used [0x6b040000,0x6b4422b8,0x6c040000)
}
Event: 7.975 GC heap before
{Heap before GC invocations=6 (full 0):
 PSYoungGen      total 33024K, used 33021K [0x9dac0000, 0xa2540000, 0xb3040000)
  eden space 30720K, 100% used [0x9dac0000,0x9f8c0000,0x9f8c0000)
  from space 2304K, 99% used [0x9f8c0000,0x9faff798,0x9fb00000)
  to   space 7424K, 0% used [0xa1e00000,0xa1e00000,0xa2540000)
 ParOldGen       total 39936K, used 14394K [0x73040000, 0x75740000, 0x9dac0000)
  object space 39936K, 36% used [0x73040000,0x73e4ead0,0x75740000)
 PSPermGen       total 16384K, used 4127K [0x6b040000, 0x6c040000, 0x73040000)
  object space 16384K, 25% used [0x6b040000,0x6b447c90,0x6c040000)
Event: 8.044 GC heap after
Heap after GC invocations=6 (full 0):
 PSYoungGen      total 67840K, used 7422K [0x9dac0000, 0xa2740000, 0xb3040000)
  eden space 60416K, 0% used [0x9dac0000,0x9dac0000,0xa15c0000)
  from space 7424K, 99% used [0xa1e00000,0xa253fb28,0xa2540000)
  to   space 8448K, 0% used [0xa15c0000,0xa15c0000,0xa1e00000)
 ParOldGen       total 39936K, used 14561K [0x73040000, 0x75740000, 0x9dac0000)
  object space 39936K, 36% used [0x73040000,0x73e78508,0x75740000)
 PSPermGen       total 16384K, used 4127K [0x6b040000, 0x6c040000, 0x73040000)
  object space 16384K, 25% used [0x6b040000,0x6b447c90,0x6c040000)
}
Event: 10.254 GC heap before
{Heap before GC invocations=7 (full 0):
 PSYoungGen      total 67840K, used 67838K [0x9dac0000, 0xa2740000, 0xb3040000)
  eden space 60416K, 100% used [0x9dac0000,0xa15c0000,0xa15c0000)
  from space 7424K, 99% used [0xa1e00000,0xa253fb28,0xa2540000)
  to   space 8448K, 0% used [0xa15c0000,0xa15c0000,0xa1e00000)
 ParOldGen       total 39936K, used 14561K [0x73040000, 0x75740000, 0x9dac0000)
  object space 39936K, 36% used [0x73040000,0x73e78508,0x75740000)
 PSPermGen       total 16384K, used 4149K [0x6b040000, 0x6c040000, 0x73040000)
  object space 16384K, 25% used [0x6b040000,0x6b44d6c8,0x6c040000)

Deoptimization events (10 events):
Event: 8.206 Thread 0x67dcb800 Uncommon trap: reason=unstable_if action=reinterpret pc=0xb316d558 method=com.android.dx.ssa.NormalSsaInsn.getLocalAssignment()Lcom/android/dx/rop/code/RegisterSpec; @ 12
Event: 8.206 Thread 0x67dcb800 Uncommon trap: reason=unstable_if action=reinterpret pc=0xb3182d98 method=com.android.dx.ssa.NormalSsaInsn.getLocalAssignment()Lcom/android/dx/rop/code/RegisterSpec; @ 12
Event: 8.206 Thread 0x67dcb800 Uncommon trap: reason=unstable_if action=reinterpret pc=0xb3177c64 method=com.android.dx.ssa.NormalSsaInsn.getLocalAssignment()Lcom/android/dx/rop/code/RegisterSpec; @ 12
Event: 8.206 Thread 0x67dcb800 Uncommon trap: reason=unstable_if action=reinterpret pc=0xb317a050 method=com.android.dx.ssa.NormalSsaInsn.getLocalAssignment()Lcom/android/dx/rop/code/RegisterSpec; @ 12
Event: 8.207 Thread 0x67dcb800 Uncommon trap: reason=unstable_if action=reinterpret pc=0xb31ca964 method=com.android.dx.rop.code.Insn.getLocalAssignment()Lcom/android/dx/rop/code/RegisterSpec; @ 9
Event: 8.238 Thread 0x67dcb800 Uncommon trap: reason=unloaded action=reinterpret pc=0xb31805d8 method=com.android.dx.ssa.SsaRenamer$BlockRenamer.visitMoveInsn(Lcom/android/dx/ssa/NormalSsaInsn;)V @ 208
Event: 9.056 Thread 0x67dcb800 Uncommon trap: reason=unstable_if action=reinterpret pc=0xb31bdc48 method=java.util.HashMap.put(Ljava/lang/Object;Ljava/lang/Object;)Ljava/lang/Object; @ 86
Event: 9.186 Thread 0x67dd1c00 Uncommon trap: reason=null_check action=make_not_entrant pc=0xb31e5aa4 method=com.android.dx.cf.code.Ropper$CatchInfo.getSetup(Lcom/android/dx/rop/type/Type;)Lcom/android/dx/cf/code/Ropper$ExceptionHandlerSetup; @ 10
Event: 9.953 Thread 0x67dcf000 Uncommon trap: reason=class_check action=maybe_recompile pc=0xb31b5174 method=com.android.dx.ssa.SCCP.simulateBranch(Lcom/android/dx/ssa/SsaInsn;)V @ 145
Event: 10.040 Thread 0x67dcf000 Uncommon trap: reason=unstable_if action=reinterpret pc=0xb3192144 method=com.android.dx.ssa.SsaConverter.placePhiFunctions(Lcom/android/dx/ssa/SsaMethod;Lcom/android/dx/ssa/LocalVariableInfo;I)V @ 327

Internal exceptions (10 events):
Event: 1.394 Thread 0x67dd1c00 Threw 0x9e32cff8 at /build/openjdk-7-Qyh454/openjdk-7-7u85-2.6.1/build/openjdk/hotspot/src/share/vm/prims/jvm.cpp:1322
Event: 1.440 Thread 0x67dcf000 Threw 0x9e4b9098 at /build/openjdk-7-Qyh454/openjdk-7-7u85-2.6.1/build/openjdk/hotspot/src/share/vm/prims/jvm.cpp:1322
Event: 1.728 Thread 0x67dcf000 Implicit null exception at 0xb315dcb7 to 0xb315df71
Event: 1.750 Thread 0x67dcf000 Threw 0x9e779e00 at /build/openjdk-7-Qyh454/openjdk-7-7u85-2.6.1/build/openjdk/hotspot/src/share/vm/prims/jvm.cpp:1322
Event: 2.163 Thread 0x67dd0800 Threw 0x9dddb3e8 at /build/openjdk-7-Qyh454/openjdk-7-7u85-2.6.1/build/openjdk/hotspot/src/share/vm/prims/jvm.cpp:1322
Event: 2.304 Thread 0xb6107c00 Threw 0x9e06e0e8 at /build/openjdk-7-Qyh454/openjdk-7-7u85-2.6.1/build/openjdk/hotspot/src/share/vm/prims/jvm.cpp:1322
Event: 2.422 Thread 0x67dcb800 Implicit null exception at 0xb3161ceb to 0xb3161dc2
Event: 6.196 Thread 0x67dd0800 Threw 0x9f204938 at /build/openjdk-7-Qyh454/openjdk-7-7u85-2.6.1/build/openjdk/hotspot/src/share/vm/prims/jvm.cpp:1322
Event: 7.830 Thread 0xb6107c00 Threw 0x9f4acb60 at /build/openjdk-7-Qyh454/openjdk-7-7u85-2.6.1/build/openjdk/hotspot/src/share/vm/prims/jvm.cpp:1322
Event: 9.186 Thread 0x67dd1c00 Implicit null exception at 0xb31e2384 to 0xb31e5a69

Events (10 events):
Event: 9.186 Thread 0x67dd1c00 Uncommon trap: trap_request=0xfffffff4 fr.pc=0xb31e5aa4
Event: 9.186 Thread 0x67dd1c00 DEOPT PACKING pc=0xb31e5aa4 sp=0x670edc20
Event: 9.186 Thread 0x67dd1c00 DEOPT UNPACKING pc=0xb312cbc8 sp=0x670edbfc mode 2
Event: 9.953 Thread 0x67dcf000 Uncommon trap: trap_request=0xffffffde fr.pc=0xb31b5174
Event: 9.953 Thread 0x67dcf000 DEOPT PACKING pc=0xb31b5174 sp=0x6718fb00
Event: 9.953 Thread 0x67dcf000 DEOPT UNPACKING pc=0xb312cbc8 sp=0x6718fafc mode 2
Event: 10.040 Thread 0x67dcf000 Uncommon trap: trap_request=0xffffff75 fr.pc=0xb3192144
Event: 10.040 Thread 0x67dcf000 DEOPT PACKING pc=0xb3192144 sp=0x6718fbf0
Event: 10.040 Thread 0x67dcf000 DEOPT UNPACKING pc=0xb312cbc8 sp=0x6718fc08 mode 2
Event: 10.234 Executing VM operation: ParallelGCFailedAllocation


Dynamic libraries:
08048000-08049000 r-xp 00000000 08:07 3540783    /usr/lib/jvm/java-7-openjdk-i386/jre/bin/java
08049000-0804a000 r--p 00000000 08:07 3540783    /usr/lib/jvm/java-7-openjdk-i386/jre/bin/java
0804a000-0804b000 rw-p 00001000 08:07 3540783    /usr/lib/jvm/java-7-openjdk-i386/jre/bin/java
088e6000-093f3000 rw-p 00000000 00:00 0          [heap]
65b00000-65bb4000 rw-p 00000000 00:00 0 
65bb4000-65c00000 ---p 00000000 00:00 0 
65c00000-65cdb000 rw-p 00000000 00:00 0 
65cdb000-65d00000 ---p 00000000 00:00 0 
65d00000-65d22000 rw-p 00000000 00:00 0 
65d22000-65e00000 ---p 00000000 00:00 0 
65f00000-65ff3000 rw-p 00000000 00:00 0 
65ff3000-66000000 ---p 00000000 00:00 0 
66100000-661f9000 rw-p 00000000 00:00 0 
661f9000-66200000 ---p 00000000 00:00 0 
66300000-663ff000 rw-p 00000000 00:00 0 
663ff000-66400000 ---p 00000000 00:00 0 
66500000-665fe000 rw-p 00000000 00:00 0 
665fe000-66600000 ---p 00000000 00:00 0 
66600000-666f1000 rw-p 00000000 00:00 0 
666f1000-66700000 ---p 00000000 00:00 0 
66700000-667fc000 rw-p 00000000 00:00 0 
667fc000-66800000 ---p 00000000 00:00 0 
66900000-669fc000 rw-p 00000000 00:00 0 
669fc000-66a00000 ---p 00000000 00:00 0 
66b00000-66be7000 rw-p 00000000 00:00 0 
66be7000-66c00000 ---p 00000000 00:00 0 
66c00000-66cf3000 rw-p 00000000 00:00 0 
66cf3000-66d00000 ---p 00000000 00:00 0 
66d00000-66dff000 rw-p 00000000 00:00 0 
66dff000-66e00000 ---p 00000000 00:00 0 
66e12000-66f00000 rw-p 00000000 00:00 0 
66f00000-66ffb000 rw-p 00000000 00:00 0 
66ffb000-67000000 ---p 00000000 00:00 0 
6709e000-670a1000 ---p 00000000 00:00 0 
670a1000-670ef000 rw-p 00000000 00:00 0          [stack:10490]
670ef000-670f2000 ---p 00000000 00:00 0 
670f2000-67140000 rw-p 00000000 00:00 0          [stack:10489]
67140000-67143000 ---p 00000000 00:00 0 
67143000-67191000 rw-p 00000000 00:00 0          [stack:10488]
67191000-67194000 ---p 00000000 00:00 0 
67194000-671e2000 rw-p 00000000 00:00 0          [stack:10487]
671e2000-671e5000 ---p 00000000 00:00 0 
671e5000-673f4000 rw-p 00000000 00:00 0          [stack:10486]
673f4000-67465000 r-xp 00000000 08:07 5898310    /lib/i386-linux-gnu/libpcre.so.3.13.1
67465000-67466000 r--p 00070000 08:07 5898310    /lib/i386-linux-gnu/libpcre.so.3.13.1
67466000-67467000 rw-p 00071000 08:07 5898310    /lib/i386-linux-gnu/libpcre.so.3.13.1
67467000-6747b000 r-xp 00000000 08:07 5899505    /lib/i386-linux-gnu/libresolv-2.21.so
6747b000-6747d000 r--p 00013000 08:07 5899505    /lib/i386-linux-gnu/libresolv-2.21.so
6747d000-6747e000 rw-p 00015000 08:07 5899505    /lib/i386-linux-gnu/libresolv-2.21.so
6747e000-67480000 rw-p 00000000 00:00 0 
67480000-674a5000 r-xp 00000000 08:07 5898256    /lib/i386-linux-gnu/libselinux.so.1
674a5000-674a6000 r--p 00024000 08:07 5898256    /lib/i386-linux-gnu/libselinux.so.1
674a6000-674a7000 rw-p 00025000 08:07 5898256    /lib/i386-linux-gnu/libselinux.so.1
674a7000-674a8000 rw-p 00000000 00:00 0 
674a8000-675cd000 r-xp 00000000 08:07 5899442    /lib/i386-linux-gnu/libglib-2.0.so.0.4600.1
675cd000-675ce000 r--p 00124000 08:07 5899442    /lib/i386-linux-gnu/libglib-2.0.so.0.4600.1
675ce000-675cf000 rw-p 00125000 08:07 5899442    /lib/i386-linux-gnu/libglib-2.0.so.0.4600.1
675cf000-6762b000 r-xp 00000000 08:07 3019097    /usr/lib/i386-linux-gnu/libgobject-2.0.so.0.4600.1
6762b000-6762c000 ---p 0005c000 08:07 3019097    /usr/lib/i386-linux-gnu/libgobject-2.0.so.0.4600.1
6762c000-6762d000 r--p 0005c000 08:07 3019097    /usr/lib/i386-linux-gnu/libgobject-2.0.so.0.4600.1
6762d000-6762e000 rw-p 0005d000 08:07 3019097    /usr/lib/i386-linux-gnu/libgobject-2.0.so.0.4600.1
6762e000-677eb000 r-xp 00000000 08:07 3019098    /usr/lib/i386-linux-gnu/libgio-2.0.so.0.4600.1
677eb000-677ec000 ---p 001bd000 08:07 3019098    /usr/lib/i386-linux-gnu/libgio-2.0.so.0.4600.1
677ec000-677ee000 r--p 001bd000 08:07 3019098    /usr/lib/i386-linux-gnu/libgio-2.0.so.0.4600.1
677ee000-677ef000 rw-p 001bf000 08:07 3019098    /usr/lib/i386-linux-gnu/libgio-2.0.so.0.4600.1
677ef000-677f0000 rw-p 00000000 00:00 0 
6780e000-67825000 r-xp 00000000 08:07 3540840    /usr/lib/jvm/java-7-openjdk-i386/jre/lib/i386/libnet.so
67825000-67826000 r--p 00016000 08:07 3540840    /usr/lib/jvm/java-7-openjdk-i386/jre/lib/i386/libnet.so
67826000-67827000 rw-p 00017000 08:07 3540840    /usr/lib/jvm/java-7-openjdk-i386/jre/lib/i386/libnet.so
67827000-67837000 r-xp 00000000 08:07 3540808    /usr/lib/jvm/java-7-openjdk-i386/jre/lib/i386/libnio.so
67837000-67838000 r--p 0000f000 08:07 3540808    /usr/lib/jvm/java-7-openjdk-i386/jre/lib/i386/libnio.so
67838000-67839000 rw-p 00010000 08:07 3540808    /usr/lib/jvm/java-7-openjdk-i386/jre/lib/i386/libnio.so
67839000-6783a000 ---p 00000000 00:00 0 
6783a000-678ba000 rw-p 00000000 00:00 0          [stack:10485]
678ba000-678bd000 ---p 00000000 00:00 0 
678bd000-6790b000 rw-p 00000000 00:00 0          [stack:10484]
6790b000-6790e000 ---p 00000000 00:00 0 
6790e000-6798c000 rw-p 00000000 00:00 0          [stack:10483]
6798c000-6798f000 ---p 00000000 00:00 0 
6798f000-67a0d000 rw-p 00000000 00:00 0          [stack:10482]
67a0d000-67a10000 ---p 00000000 00:00 0 
67a10000-67a5e000 rw-p 00000000 00:00 0          [stack:10481]
67a5e000-67c5e000 r--p 00000000 08:07 3023765    /usr/lib/locale/locale-archive
67c5e000-67c61000 ---p 00000000 00:00 0 
67c61000-67caf000 rw-p 00000000 00:00 0          [stack:10480]
67caf000-67cb2000 ---p 00000000 00:00 0 
67cb2000-67d00000 rw-p 00000000 00:00 0          [stack:10479]
67d00000-67e00000 rw-p 00000000 00:00 0 
67e04000-67e05000 ---p 00000000 00:00 0 
67e05000-67ece000 rw-p 00000000 00:00 0          [stack:10478]
67ece000-68080000 r--s 01d30000 08:07 3540802    /usr/lib/jvm/java-7-openjdk-i386/jre/lib/rt.jar
68080000-6a900000 rw-p 00000000 00:00 0 
6a900000-6aa00000 rw-p 00000000 00:00 0 
6aa10000-6aa24000 r--s 000be000 08:07 524954     /home/akhil/Android Linux/AndroidStudio Workspace/Textile/app/build/intermediates/exploded-aar/com.google.android.gms/play-services-basement/8.3.0/jars/classes.jar
6aa24000-6aa7f000 rw-p 00000000 00:00 0 
6aa7f000-6aa80000 ---p 00000000 00:00 0 
6aa80000-6ab00000 rw-p 00000000 00:00 0          [stack:10477]
6ab00000-6ab27000 rw-p 00000000 00:00 0 
6ab27000-6ac00000 ---p 00000000 00:00 0 
6ac02000-6ac09000 r-xp 00000000 08:07 3015859    /usr/lib/i386-linux-gnu/libffi.so.6.0.4
6ac09000-6ac0b000 r--p 00006000 08:07 3015859    /usr/lib/i386-linux-gnu/libffi.so.6.0.4
6ac0b000-6ac0c000 rw-p 00008000 08:07 3015859    /usr/lib/i386-linux-gnu/libffi.so.6.0.4
6ac0c000-6ac0f000 r-xp 00000000 08:07 3019772    /usr/lib/i386-linux-gnu/libgmodule-2.0.so.0.4600.1
6ac0f000-6ac10000 r--p 00002000 08:07 3019772    /usr/lib/i386-linux-gnu/libgmodule-2.0.so.0.4600.1
6ac10000-6ac11000 rw-p 00003000 08:07 3019772    /usr/lib/i386-linux-gnu/libgmodule-2.0.so.0.4600.1
6ac11000-6ac20000 r--s 000df000 08:07 2622907    /home/akhil/Android Linux/Sdk/build-tools/23.0.0_rc3/lib/dx.jar
6ac20000-6ac24000 r--s 00085000 08:07 3540795    /usr/lib/jvm/java-7-openjdk-i386/jre/lib/ext/localedata.jar
6ac24000-6ac28000 r--s 0003c000 08:07 3540798    /usr/lib/jvm/java-7-openjdk-i386/jre/lib/ext/sunpkcs11.jar
6ac28000-6ac29000 ---p 00000000 00:00 0 
6ac29000-6acbd000 rw-p 00000000 00:00 0          [stack:10476]
6acbd000-6adff000 rw-p 00000000 00:00 0 
6adff000-6ae07000 rw-p 00000000 00:00 0 
6ae07000-6ae3f000 rw-p 00000000 00:00 0 
6ae3f000-6ae53000 rw-p 00000000 00:00 0 
6ae53000-6af94000 rw-p 00000000 00:00 0 
6af94000-6afbb000 rw-p 00000000 00:00 0 
6afbb000-6b03f000 rw-p 00000000 00:00 0 
6b03f000-6c040000 rw-p 00000000 00:00 0 
6c040000-73040000 rw-p 00000000 00:00 0 
73040000-75740000 rw-p 00000000 00:00 0 
75740000-9dac0000 rw-p 00000000 00:00 0 
9dac0000-a2740000 rw-p 00000000 00:00 0 
a6cc0000-b3040000 rw-p 00000000 00:00 0 
b3040000-b3049000 rw-p 00000000 00:00 0 
b3049000-b3100000 rw-p 00000000 00:00 0 
b3100000-b3340000 rwxp 00000000 00:00 0 
b3340000-b61fd000 rw-p 00000000 00:00 0 
b61fd000-b6200000 ---p 00000000 00:00 0 
b6203000-b6226000 rw-p 00000000 00:00 0 
b6226000-b625e000 rw-p 00000000 00:00 0 
b625e000-b626a000 r-xp 00000000 08:07 5899452    /lib/i386-linux-gnu/libnss_files-2.21.so
b626a000-b626b000 r--p 0000b000 08:07 5899452    /lib/i386-linux-gnu/libnss_files-2.21.so
b626b000-b626c000 rw-p 0000c000 08:07 5899452    /lib/i386-linux-gnu/libnss_files-2.21.so
b626c000-b6277000 r-xp 00000000 08:07 5899462    /lib/i386-linux-gnu/libnss_nis-2.21.so
b6277000-b6278000 r--p 0000a000 08:07 5899462    /lib/i386-linux-gnu/libnss_nis-2.21.so
b6278000-b6279000 rw-p 0000b000 08:07 5899462    /lib/i386-linux-gnu/libnss_nis-2.21.so
b6279000-b6290000 r-xp 00000000 08:07 5899446    /lib/i386-linux-gnu/libnsl-2.21.so
b6290000-b6291000 r--p 00016000 08:07 5899446    /lib/i386-linux-gnu/libnsl-2.21.so
b6291000-b6292000 rw-p 00017000 08:07 5899446    /lib/i386-linux-gnu/libnsl-2.21.so
b6292000-b6294000 rw-p 00000000 00:00 0 
b6295000-b6297000 r--s 00007000 08:07 3412741    /usr/share/java/java-atk-wrapper.jar
b6297000-b629a000 r--s 0000f000 08:07 3540796    /usr/lib/jvm/java-7-openjdk-i386/jre/lib/ext/icedtea-sound.jar
b629a000-b629c000 r--s 00012000 08:07 3540794    /usr/lib/jvm/java-7-openjdk-i386/jre/lib/ext/zipfs.jar
b629c000-b62a0000 r--s 00034000 08:07 3540797    /usr/lib/jvm/java-7-openjdk-i386/jre/lib/ext/sunjce_provider.jar
b62a0000-b62a8000 r-xp 00000000 08:07 3540812    /usr/lib/jvm/java-7-openjdk-i386/jre/lib/i386/libzip.so
b62a8000-b62a9000 r--p 00007000 08:07 3540812    /usr/lib/jvm/java-7-openjdk-i386/jre/lib/i386/libzip.so
b62a9000-b62aa000 rw-p 00008000 08:07 3540812    /usr/lib/jvm/java-7-openjdk-i386/jre/lib/i386/libzip.so
b62aa000-b62b2000 rw-s 00000000 08:07 4725680    /tmp/hsperfdata_akhil/10471
b62b2000-b62d8000 r-xp 00000000 08:07 3540820    /usr/lib/jvm/java-7-openjdk-i386/jre/lib/i386/libjava.so
b62d8000-b62d9000 r--p 00025000 08:07 3540820    /usr/lib/jvm/java-7-openjdk-i386/jre/lib/i386/libjava.so
b62d9000-b62da000 rw-p 00026000 08:07 3540820    /usr/lib/jvm/java-7-openjdk-i386/jre/lib/i386/libjava.so
b62da000-b62e1000 r-xp 00000000 08:07 5899507    /lib/i386-linux-gnu/librt-2.21.so
b62e1000-b62e2000 r--p 00006000 08:07 5899507    /lib/i386-linux-gnu/librt-2.21.so
b62e2000-b62e3000 rw-p 00007000 08:07 5899507    /lib/i386-linux-gnu/librt-2.21.so
b62e3000-b62e6000 ---p 00000000 00:00 0 
b62e6000-b6334000 rw-p 00000000 00:00 0          [stack:10475]
b6334000-b6350000 r-xp 00000000 08:07 5899524    /lib/i386-linux-gnu/libgcc_s.so.1
b6350000-b6351000 r--p 0001b000 08:07 5899524    /lib/i386-linux-gnu/libgcc_s.so.1
b6351000-b6352000 rw-p 0001c000 08:07 5899524    /lib/i386-linux-gnu/libgcc_s.so.1
b6352000-b639d000 r-xp 00000000 08:07 5899425    /lib/i386-linux-gnu/libm-2.21.so
b639d000-b639e000 r--p 0004a000 08:07 5899425    /lib/i386-linux-gnu/libm-2.21.so
b639e000-b639f000 rw-p 0004b000 08:07 5899425    /lib/i386-linux-gnu/libm-2.21.so
b639f000-b650c000 r-xp 00000000 08:07 3019096    /usr/lib/i386-linux-gnu/libstdc++.so.6.0.21
b650c000-b650d000 ---p 0016d000 08:07 3019096    /usr/lib/i386-linux-gnu/libstdc++.so.6.0.21
b650d000-b6512000 r--p 0016d000 08:07 3019096    /usr/lib/i386-linux-gnu/libstdc++.so.6.0.21
b6512000-b6513000 rw-p 00172000 08:07 3019096    /usr/lib/i386-linux-gnu/libstdc++.so.6.0.21
b6513000-b6516000 rw-p 00000000 00:00 0 
b6516000-b707c000 r-xp 00000000 08:07 3540828    /usr/lib/jvm/java-7-openjdk-i386/jre/lib/i386/server/libjvm.so
b707c000-b70c7000 r--p 00b65000 08:07 3540828    /usr/lib/jvm/java-7-openjdk-i386/jre/lib/i386/server/libjvm.so
b70c7000-b70db000 rw-p 00bb0000 08:07 3540828    /usr/lib/jvm/java-7-openjdk-i386/jre/lib/i386/server/libjvm.so
b70db000-b74f9000 rw-p 00000000 00:00 0 
b74f9000-b7512000 r-xp 00000000 08:07 5898319    /lib/i386-linux-gnu/libz.so.1.2.8
b7512000-b7513000 r--p 00018000 08:07 5898319    /lib/i386-linux-gnu/libz.so.1.2.8
b7513000-b7514000 rw-p 00019000 08:07 5898319    /lib/i386-linux-gnu/libz.so.1.2.8
b7514000-b752d000 r-xp 00000000 08:07 5899499    /lib/i386-linux-gnu/libpthread-2.21.so
b752d000-b752e000 r--p 00018000 08:07 5899499    /lib/i386-linux-gnu/libpthread-2.21.so
b752e000-b752f000 rw-p 00019000 08:07 5899499    /lib/i386-linux-gnu/libpthread-2.21.so
b752f000-b7531000 rw-p 00000000 00:00 0 
b7531000-b7534000 r-xp 00000000 08:07 5899383    /lib/i386-linux-gnu/libdl-2.21.so
b7534000-b7535000 r--p 00002000 08:07 5899383    /lib/i386-linux-gnu/libdl-2.21.so
b7535000-b7536000 rw-p 00003000 08:07 5899383    /lib/i386-linux-gnu/libdl-2.21.so
b7536000-b76ea000 r-xp 00000000 08:07 5899366    /lib/i386-linux-gnu/libc-2.21.so
b76ea000-b76ed000 r--p 001b3000 08:07 5899366    /lib/i386-linux-gnu/libc-2.21.so
b76ed000-b76ef000 rw-p 001b6000 08:07 5899366    /lib/i386-linux-gnu/libc-2.21.so
b76ef000-b76f1000 rw-p 00000000 00:00 0 
b76f1000-b76f2000 r--s 00002000 08:07 3540799    /usr/lib/jvm/java-7-openjdk-i386/jre/lib/ext/dnsns.jar
b76f2000-b76f3000 r--p 005db000 08:07 3023765    /usr/lib/locale/locale-archive
b76f3000-b76fb000 r-xp 00000000 08:07 5899448    /lib/i386-linux-gnu/libnss_compat-2.21.so
b76fb000-b76fc000 r--p 00007000 08:07 5899448    /lib/i386-linux-gnu/libnss_compat-2.21.so
b76fc000-b76fd000 rw-p 00008000 08:07 5899448    /lib/i386-linux-gnu/libnss_compat-2.21.so
b76fd000-b76fe000 rw-p 00000000 00:00 0 
b76fe000-b76ff000 ---p 00000000 00:00 0 
b76ff000-b770d000 r-xp 00000000 08:07 3540836    /usr/lib/jvm/java-7-openjdk-i386/jre/lib/i386/libverify.so
b770d000-b770e000 r--p 0000d000 08:07 3540836    /usr/lib/jvm/java-7-openjdk-i386/jre/lib/i386/libverify.so
b770e000-b770f000 rw-p 0000e000 08:07 3540836    /usr/lib/jvm/java-7-openjdk-i386/jre/lib/i386/libverify.so
b770f000-b771b000 r-xp 00000000 08:07 3540837    /usr/lib/jvm/java-7-openjdk-i386/jre/lib/i386/jli/libjli.so
b771b000-b771c000 r--p 0000b000 08:07 3540837    /usr/lib/jvm/java-7-openjdk-i386/jre/lib/i386/jli/libjli.so
b771c000-b771d000 rw-p 0000c000 08:07 3540837    /usr/lib/jvm/java-7-openjdk-i386/jre/lib/i386/jli/libjli.so
b771d000-b7720000 rw-p 00000000 00:00 0 
b7720000-b7722000 r--p 00000000 00:00 0          [vvar]
b7722000-b7723000 r-xp 00000000 00:00 0          [vdso]
b7723000-b7745000 r-xp 00000000 08:07 5899338    /lib/i386-linux-gnu/ld-2.21.so
b7745000-b7746000 r--p 00021000 08:07 5899338    /lib/i386-linux-gnu/ld-2.21.so
b7746000-b7747000 rw-p 00022000 08:07 5899338    /lib/i386-linux-gnu/ld-2.21.so
bfd01000-bfd02000 rwxp 00000000 00:00 0 
bfd34000-bfd55000 rw-p 00000000 00:00 0          [stack]

VM Arguments:
jvm_args: -Xmx1024M -Dfile.encoding=UTF-8 -Duser.country=IN -Duser.language=en -Duser.variant 
java_command: com.android.dx.command.Main --dex --num-threads=4 --output /home/akhil/Android Linux/AndroidStudio Workspace/Textile/app/build/intermediates/pre-dexed/debug/classes-a11ecd6d4155e7c09d2761e40832cf5d8c4a1280.jar /home/akhil/Android Linux/AndroidStudio Workspace/Textile/app/build/intermediates/exploded-aar/com.google.android.gms/play-services-basement/8.3.0/jars/classes.jar
Launcher Type: SUN_STANDARD

Environment Variables:
PATH=/usr/local/sbin:/usr/local/bin:/usr/sbin:/usr/bin:/sbin:/bin:/usr/games:/usr/local/games
LD_LIBRARY_PATH=/home/akhil/Android Linux/New Android studio/android-studio/bin:
SHELL=/bin/bash
DISPLAY=:0

Signal Handlers:
SIGSEGV: [libjvm.so+0x80e660], sa_mask[0]=0x7ffbfeff, sa_flags=0x10000004
SIGBUS: [libjvm.so+0x80e660], sa_mask[0]=0x7ffbfeff, sa_flags=0x10000004
SIGFPE: [libjvm.so+0x688620], sa_mask[0]=0x7ffbfeff, sa_flags=0x10000004
SIGPIPE: [libjvm.so+0x688620], sa_mask[0]=0x7ffbfeff, sa_flags=0x10000004
SIGXFSZ: [libjvm.so+0x688620], sa_mask[0]=0x7ffbfeff, sa_flags=0x10000004
SIGILL: [libjvm.so+0x688620], sa_mask[0]=0x7ffbfeff, sa_flags=0x10000004
SIGUSR1: SIG_DFL, sa_mask[0]=0x00000000, sa_flags=0x00000000
SIGUSR2: [libjvm.so+0x688470], sa_mask[0]=0x00000004, sa_flags=0x10000004
SIGHUP: [libjvm.so+0x688650], sa_mask[0]=0x7ffbfeff, sa_flags=0x10000004
SIGINT: [libjvm.so+0x688650], sa_mask[0]=0x7ffbfeff, sa_flags=0x10000004
SIGTERM: [libjvm.so+0x688650], sa_mask[0]=0x7ffbfeff, sa_flags=0x10000004
SIGQUIT: [libjvm.so+0x688650], sa_mask[0]=0x7ffbfeff, sa_flags=0x10000004
SIGTRAP: SIG_DFL, sa_mask[0]=0x00000000, sa_flags=0x00000000


---------------  S Y S T E M  ---------------

OS:Ubuntu 15.10 (wily)
uname:Linux 4.2.0-18-generic #22-Ubuntu SMP Fri Nov 6 23:32:28 UTC 2015 i686
libc:glibc 2.21 NPTL 2.21 
rlimit: STACK 8192k, CORE 0k, NPROC 29724, NOFILE 65536, AS infinity
load average:5.93 3.61 2.80

/proc/meminfo:
MemTotal:        3837900 kB
MemFree:          119088 kB
MemAvailable:     162740 kB
Buffers:            3720 kB
Cached:           422388 kB
SwapCached:            0 kB
Active:          3262516 kB
Inactive:         355136 kB
Active(anon):    3237304 kB
Inactive(anon):   334832 kB
Active(file):      25212 kB
Inactive(file):    20304 kB
Unevictable:         120 kB
Mlocked:             120 kB
HighTotal:       2981304 kB
HighFree:           6692 kB
LowTotal:         856596 kB
LowFree:          112396 kB
SwapTotal:             0 kB
SwapFree:              0 kB
Dirty:               284 kB
Writeback:             0 kB
AnonPages:       3191692 kB
Mapped:           221796 kB
Shmem:            380464 kB
Slab:              48848 kB
SReclaimable:      22712 kB
SUnreclaim:        26136 kB
KernelStack:        5784 kB
PageTables:        21920 kB
NFS_Unstable:          0 kB
Bounce:                0 kB
WritebackTmp:          0 kB
CommitLimit:     1918948 kB
Committed_AS:   11161388 kB
VmallocTotal:     122880 kB
VmallocUsed:       16664 kB
VmallocChunk:      53228 kB
AnonHugePages:   1875968 kB
CmaTotal:              0 kB
CmaFree:               0 kB
HugePages_Total:       0
HugePages_Free:        0
HugePages_Rsvd:        0
HugePages_Surp:        0
Hugepagesize:       2048 kB
DirectMap4k:       55288 kB
DirectMap2M:      856064 kB


CPU:total 2 (2 cores per cpu, 1 threads per core) family 6 model 58 stepping 9, cmov, cx8, fxsr, mmx, sse, sse2, sse3, ssse3, sse4.1, sse4.2, popcnt, erms, tsc, tscinvbit, tscinv

/proc/cpuinfo:
processor	: 0
vendor_id	: GenuineIntel
cpu family	: 6
model		: 58
model name	: Intel(R) Pentium(R) CPU G2020 @ 2.90GHz
stepping	: 9
microcode	: 0x12
cpu MHz		: 2900.000
cache size	: 3072 KB
physical id	: 0
siblings	: 2
core id		: 0
cpu cores	: 2
apicid		: 0
initial apicid	: 0
fdiv_bug	: no
f00f_bug	: no
coma_bug	: no
fpu		: yes
fpu_exception	: yes
cpuid level	: 13
wp		: yes
flags		: fpu vme de pse tsc msr pae mce cx8 apic sep mtrr pge mca cmov pat pse36 clflush dts acpi mmx fxsr sse sse2 ss ht tm pbe nx rdtscp lm constant_tsc arch_perfmon pebs bts xtopology nonstop_tsc aperfmperf eagerfpu pni pclmulqdq dtes64 monitor ds_cpl vmx est tm2 ssse3 cx16 xtpr pdcm pcid sse4_1 sse4_2 popcnt tsc_deadline_timer xsave lahf_lm arat epb pln pts dtherm tpr_shadow vnmi flexpriority ept vpid fsgsbase smep erms xsaveopt
bugs		:
bogomips	: 5786.82
clflush size	: 64
cache_alignment	: 64
address sizes	: 36 bits physical, 48 bits virtual
power management:

processor	: 1
vendor_id	: GenuineIntel
cpu family	: 6
model		: 58
model name	: Intel(R) Pentium(R) CPU G2020 @ 2.90GHz
stepping	: 9
microcode	: 0x12
cpu MHz		: 2900.000
cache size	: 3072 KB
physical id	: 0
siblings	: 2
core id		: 1
cpu cores	: 2
apicid		: 2
initial apicid	: 2
fdiv_bug	: no
f00f_bug	: no
coma_bug	: no
fpu		: yes
fpu_exception	: yes
cpuid level	: 13
wp		: yes
flags		: fpu vme de pse tsc msr pae mce cx8 apic sep mtrr pge mca cmov pat pse36 clflush dts acpi mmx fxsr sse sse2 ss ht tm pbe nx rdtscp lm constant_tsc arch_perfmon pebs bts xtopology nonstop_tsc aperfmperf eagerfpu pni pclmulqdq dtes64 monitor ds_cpl vmx est tm2 ssse3 cx16 xtpr pdcm pcid sse4_1 sse4_2 popcnt tsc_deadline_timer xsave lahf_lm arat epb pln pts dtherm tpr_shadow vnmi flexpriority ept vpid fsgsbase smep erms xsaveopt
bugs		:
bogomips	: 5786.82
clflush size	: 64
cache_alignment	: 64
address sizes	: 36 bits physical, 48 bits virtual
power management:



Memory: 4k page, physical 3837900k(119088k free), swap 0k(0k free)

vm_info: OpenJDK Server VM (24.85-b03) for linux-x86 JRE (1.7.0_85-b01), built on Oct 22 2015 09:11:51 by "buildd" with gcc 5.2.1 20151010

time: Thu Nov 26 16:32:59 2015
elapsed time: 10 seconds

