#
# There is insufficient memory for the Java Runtime Environment to continue.
# Native memory allocation (malloc) failed to allocate 95682560 bytes for committing reserved memory.
# Possible reasons:
#   The system is out of physical RAM or swap space
#   In 32 bit mode, the process size limit was hit
# Possible solutions:
#   Reduce memory load on the system
#   Increase physical memory or swap space
#   Check if swap backing store is full
#   Use 64 bit Java on a 64 bit OS
#   Decrease Java heap size (-Xmx/-Xms)
#   Decrease number of Java threads
#   Decrease Java thread stack sizes (-Xss)
#   Set larger code cache with -XX:ReservedCodeCacheSize=
# This output file may be truncated or incomplete.
#
#  Out of Memory Error (os_linux.cpp:2827), pid=6693, tid=1743575872
#
# JRE version: OpenJDK Runtime Environment (7.0_85-b01) (build 1.7.0_85-b01)
# Java VM: OpenJDK Server VM (24.85-b03 mixed mode linux-x86 )
# Derivative: IcedTea 2.6.1
# Distribution: Ubuntu 15.10, package 7u85-2.6.1-5ubuntu0.15.10.1
# Failed to write core dump. Core dumps have been disabled. To enable core dumping, try "ulimit -c unlimited" before starting Java again
#

---------------  T H R E A D  ---------------

Current thread (0x67d10c00):  VMThread [stack: 0x67e4d000,0x67ece000] [id=6701]

Stack: [0x67e4d000,0x67ece000]
VM_Operation (0xb63aec64): ParallelGCFailedAllocation, mode: safepoint, requested by thread 0xb620a400


---------------  P R O C E S S  ---------------

Java Threads: ( => current thread )
  0x67d2c400 JavaThread "Service Thread" daemon [_thread_blocked, id=6707, stack(0x6790b000,0x6795c000)]
  0x67d2a400 JavaThread "C2 CompilerThread1" daemon [_thread_blocked, id=6706, stack(0x6795c000,0x679dd000)]
  0x67d28400 JavaThread "C2 CompilerThread0" daemon [_thread_blocked, id=6705, stack(0x679dd000,0x67a5e000)]
  0x67d26c00 JavaThread "Signal Dispatcher" daemon [_thread_blocked, id=6704, stack(0x67a5e000,0x67aaf000)]
  0x67d15000 JavaThread "Finalizer" daemon [_thread_blocked, id=6703, stack(0x67caf000,0x67d00000)]
  0x67d13400 JavaThread "Reference Handler" daemon [_thread_blocked, id=6702, stack(0x6aa0b000,0x6aa5c000)]
  0xb620a400 JavaThread "main" [_thread_blocked, id=6698, stack(0xb635f000,0xb63b0000)]

Other Threads:
=>0x67d10c00 VMThread [stack: 0x67e4d000,0x67ece000] [id=6701]
  0x67d2e400 WatcherThread [stack: 0x6788a000,0x6790b000] [id=6708]

VM state:at safepoint (normal execution)

VM Mutex/Monitor currently owned by a thread:  ([mutex/lock_event])
[0xb6207ba0] Threads_lock - owner thread: 0x67d10c00
[0xb6207fb0] Heap_lock - owner thread: 0xb620a400

Heap
 PSYoungGen      total 202240K, used 16374K [0x9db80000, 0xab140000, 0xb3100000)
  eden space 185856K, 0% used [0x9db80000,0x9db80000,0xa9100000)
  from space 16384K, 99% used [0xa9100000,0xaa0fdb90,0xaa100000)
  to   space 16128K, 0% used [0xaa100000,0xaa100000,0xab0c0000)
 ParOldGen       total 48640K, used 23634K [0x73100000, 0x76080000, 0x9db80000)
  object space 48640K, 48% used [0x73100000,0x74814a10,0x76080000)
 PSPermGen       total 16384K, used 5372K [0x6b100000, 0x6c100000, 0x73100000)
  object space 16384K, 32% used [0x6b100000,0x6b63f298,0x6c100000)

Card table byte_map: [0x6aebf000,0x6b100000] byte_map_base: 0x6ab66800

Polling page: 0xb777a000

Code Cache  [0xb31d7000, 0xb3517000, 0xb61d7000)
 total_blobs=1296 nmethods=1161 adapters=89 free_code_cache=45881Kb largest_free_block=46941568

Compilation events (10 events):
Event: 8.501 Thread 0x67d2a400 nmethod 1188 0xb34ff508 code [0xb34ff5e0, 0xb34ff630]
Event: 8.502 Thread 0x67d2a400 1189             com.android.dx.io.instructions.FiveRegisterDecodedInstruction::getD (5 bytes)
Event: 8.502 Thread 0x67d2a400 nmethod 1189 0xb34ff388 code [0xb34ff460, 0xb34ff4b0]
Event: 8.503 Thread 0x67d28400 nmethod 1183 0xb34fecc8 code [0xb34fede0, 0xb34ff0d0]
Event: 8.652 Thread 0x67d2a400 1190             java.lang.Integer::highestOneBit (38 bytes)
Event: 8.652 Thread 0x67d2a400 nmethod 1190 0xb336ccc8 code [0xb336cda0, 0xb336cdf0]
Event: 8.698 Thread 0x67d2a400 1191 %           java.util.ComparableTimSort::mergeLo @ 143 (652 bytes)
Event: 8.703 Thread 0x67d28400 1192             com.android.dex.EncodedValue::writeTo (9 bytes)
Event: 8.706 Thread 0x67d28400 nmethod 1192 0xb33d9508 code [0xb33d9620, 0xb33d97f0]
Event: 8.721 Thread 0x67d2a400 nmethod 1191% 0xb3510948 code [0xb3510b20, 0xb3511af0]

GC Heap History (10 events):
Event: 7.053 GC heap after
Heap after GC invocations=7 (full 0):
 PSYoungGen      total 70656K, used 10994K [0x9db80000, 0xa6a80000, 0xb3100000)
  eden space 59648K, 0% used [0x9db80000,0x9db80000,0xa15c0000)
  from space 11008K, 99% used [0xa15c0000,0xa207ca30,0xa2080000)
  to   space 13568K, 0% used [0xa5d40000,0xa5d40000,0xa6a80000)
 ParOldGen       total 39936K, used 21041K [0x73100000, 0x75800000, 0x9db80000)
  object space 39936K, 52% used [0x73100000,0x7458c4f0,0x75800000)
 PSPermGen       total 16384K, used 5289K [0x6b100000, 0x6c100000, 0x73100000)
  object space 16384K, 32% used [0x6b100000,0x6b62a428,0x6c100000)
}
Event: 7.406 GC heap before
{Heap before GC invocations=8 (full 0):
 PSYoungGen      total 70656K, used 70642K [0x9db80000, 0xa6a80000, 0xb3100000)
  eden space 59648K, 100% used [0x9db80000,0xa15c0000,0xa15c0000)
  from space 11008K, 99% used [0xa15c0000,0xa207ca30,0xa2080000)
  to   space 13568K, 0% used [0xa5d40000,0xa5d40000,0xa6a80000)
 ParOldGen       total 39936K, used 21041K [0x73100000, 0x75800000, 0x9db80000)
  object space 39936K, 52% used [0x73100000,0x7458c4f0,0x75800000)
 PSPermGen       total 16384K, used 5360K [0x6b100000, 0x6c100000, 0x73100000)
  object space 16384K, 32% used [0x6b100000,0x6b63c0b0,0x6c100000)
Event: 7.481 GC heap after
Heap after GC invocations=8 (full 0):
 PSYoungGen      total 129792K, used 13552K [0x9db80000, 0xa7080000, 0xb3100000)
  eden space 116224K, 0% used [0x9db80000,0x9db80000,0xa4d00000)
  from space 13568K, 99% used [0xa5d40000,0xa6a7c3f8,0xa6a80000)
  to   space 16640K, 0% used [0xa4d00000,0xa4d00000,0xa5d40000)
 ParOldGen       total 39936K, used 23946K [0x73100000, 0x75800000, 0x9db80000)
  object space 39936K, 59% used [0x73100000,0x74862aa0,0x75800000)
 PSPermGen       total 16384K, used 5360K [0x6b100000, 0x6c100000, 0x73100000)
  object space 16384K, 32% used [0x6b100000,0x6b63c0b0,0x6c100000)
}
Event: 8.069 GC heap before
{Heap before GC invocations=9 (full 0):
 PSYoungGen      total 129792K, used 129743K [0x9db80000, 0xa7080000, 0xb3100000)
  eden space 116224K, 99% used [0x9db80000,0xa4cf7888,0xa4d00000)
  from space 13568K, 99% used [0xa5d40000,0xa6a7c3f8,0xa6a80000)
  to   space 16640K, 0% used [0xa4d00000,0xa4d00000,0xa5d40000)
 ParOldGen       total 39936K, used 23946K [0x73100000, 0x75800000, 0x9db80000)
  object space 39936K, 59% used [0x73100000,0x74862aa0,0x75800000)
 PSPermGen       total 16384K, used 5369K [0x6b100000, 0x6c100000, 0x73100000)
  object space 16384K, 32% used [0x6b100000,0x6b63e710,0x6c100000)
Event: 8.086 GC heap after
Heap after GC invocations=9 (full 0):
 PSYoungGen      total 132864K, used 9447K [0x9db80000, 0xab0c0000, 0xb3100000)
  eden space 116224K, 0% used [0x9db80000,0x9db80000,0xa4d00000)
  from space 16640K, 56% used [0xa4d00000,0xa5639d58,0xa5d40000)
  to   space 16128K, 0% used [0xaa100000,0xaa100000,0xab0c0000)
 ParOldGen       total 39936K, used 30533K [0x73100000, 0x75800000, 0x9db80000)
  object space 39936K, 76% used [0x73100000,0x74ed15a8,0x75800000)
 PSPermGen       total 16384K, used 5369K [0x6b100000, 0x6c100000, 0x73100000)
  object space 16384K, 32% used [0x6b100000,0x6b63e710,0x6c100000)
}
Event: 8.359 GC heap before
{Heap before GC invocations=10 (full 0):
 PSYoungGen      total 132864K, used 124470K [0x9db80000, 0xab0c0000, 0xb3100000)
  eden space 116224K, 98% used [0x9db80000,0xa4bd3cb8,0xa4d00000)
  from space 16640K, 56% used [0xa4d00000,0xa5639d58,0xa5d40000)
  to   space 16128K, 0% used [0xaa100000,0xaa100000,0xab0c0000)
 ParOldGen       total 39936K, used 30533K [0x73100000, 0x75800000, 0x9db80000)
  object space 39936K, 76% used [0x73100000,0x74ed15a8,0x75800000)
 PSPermGen       total 16384K, used 5372K [0x6b100000, 0x6c100000, 0x73100000)
  object space 16384K, 32% used [0x6b100000,0x6b63f010,0x6c100000)
Event: 8.369 GC heap after
Heap after GC invocations=10 (full 0):
 PSYoungGen      total 201984K, used 3114K [0x9db80000, 0xab140000, 0xb3100000)
  eden space 185856K, 0% used [0x9db80000,0x9db80000,0xa9100000)
  from space 16128K, 19% used [0xaa100000,0xaa40a9d0,0xab0c0000)
  to   space 16384K, 0% used [0xa9100000,0xa9100000,0xaa100000)
 ParOldGen       total 39936K, used 35433K [0x73100000, 0x75800000, 0x9db80000)
  object space 39936K, 88% used [0x73100000,0x7539a488,0x75800000)
 PSPermGen       total 16384K, used 5372K [0x6b100000, 0x6c100000, 0x73100000)
  object space 16384K, 32% used [0x6b100000,0x6b63f010,0x6c100000)
}
Event: 8.369 GC heap before
{Heap before GC invocations=11 (full 1):
 PSYoungGen      total 201984K, used 3114K [0x9db80000, 0xab140000, 0xb3100000)
  eden space 185856K, 0% used [0x9db80000,0x9db80000,0xa9100000)
  from space 16128K, 19% used [0xaa100000,0xaa40a9d0,0xab0c0000)
  to   space 16384K, 0% used [0xa9100000,0xa9100000,0xaa100000)
 ParOldGen       total 39936K, used 35433K [0x73100000, 0x75800000, 0x9db80000)
  object space 39936K, 88% used [0x73100000,0x7539a488,0x75800000)
 PSPermGen       total 16384K, used 5372K [0x6b100000, 0x6c100000, 0x73100000)
  object space 16384K, 32% used [0x6b100000,0x6b63f010,0x6c100000)
Event: 8.478 GC heap after
Heap after GC invocations=11 (full 1):
 PSYoungGen      total 201984K, used 0K [0x9db80000, 0xab140000, 0xb3100000)
  eden space 185856K, 0% used [0x9db80000,0x9db80000,0xa9100000)
  from space 16128K, 0% used [0xaa100000,0xaa100000,0xab0c0000)
  to   space 16384K, 0% used [0xa9100000,0xa9100000,0xaa100000)
 ParOldGen       total 48640K, used 22371K [0x73100000, 0x76080000, 0x9db80000)
  object space 48640K, 45% used [0x73100000,0x746d8f18,0x76080000)
 PSPermGen       total 16384K, used 5369K [0x6b100000, 0x6c100000, 0x73100000)
  object space 16384K, 32% used [0x6b100000,0x6b63e708,0x6c100000)
}
Event: 8.840 GC heap before
{Heap before GC invocations=12 (full 1):
 PSYoungGen      total 201984K, used 185856K [0x9db80000, 0xab140000, 0xb3100000)
  eden space 185856K, 100% used [0x9db80000,0xa9100000,0xa9100000)
  from space 16128K, 0% used [0xaa100000,0xaa100000,0xab0c0000)
  to   space 16384K, 0% used [0xa9100000,0xa9100000,0xaa100000)
 ParOldGen       total 48640K, used 22371K [0x73100000, 0x76080000, 0x9db80000)
  object space 48640K, 45% used [0x73100000,0x746d8f18,0x76080000)
 PSPermGen       total 16384K, used 5372K [0x6b100000, 0x6c100000, 0x73100000)
  object space 16384K, 32% used [0x6b100000,0x6b63f298,0x6c100000)

Deoptimization events (10 events):
Event: 7.716 Thread 0xb620a400 Uncommon trap: reason=array_check action=maybe_recompile pc=0xb34dab1c method=java.util.TimSort.binarySort([Ljava/lang/Object;IIILjava/util/Comparator;)V @ 193
Event: 7.716 Thread 0xb620a400 Uncommon trap: reason=array_check action=maybe_recompile pc=0xb34dab1c method=java.util.TimSort.binarySort([Ljava/lang/Object;IIILjava/util/Comparator;)V @ 193
Event: 7.716 Thread 0xb620a400 Uncommon trap: reason=array_check action=maybe_recompile pc=0xb34dab1c method=java.util.TimSort.binarySort([Ljava/lang/Object;IIILjava/util/Comparator;)V @ 193
Event: 7.782 Thread 0xb620a400 Uncommon trap: reason=unstable_if action=reinterpret pc=0xb3473ee0 method=com.android.dex.Mutf8.countBytes(Ljava/lang/String;Z)J @ 35
Event: 7.791 Thread 0xb620a400 Uncommon trap: reason=array_check action=maybe_recompile pc=0xb34dc85c method=java.util.TimSort.binarySort([Ljava/lang/Object;IIILjava/util/Comparator;)V @ 215
Event: 7.791 Thread 0xb620a400 Uncommon trap: reason=array_check action=maybe_recompile pc=0xb34dc85c method=java.util.TimSort.binarySort([Ljava/lang/Object;IIILjava/util/Comparator;)V @ 215
Event: 7.839 Thread 0xb620a400 Uncommon trap: reason=unstable_if action=reinterpret pc=0xb3477704 method=com.android.dex.Mutf8.countBytes(Ljava/lang/String;Z)J @ 35
Event: 7.957 Thread 0xb620a400 Uncommon trap: reason=unstable_if action=reinterpret pc=0xb347ac14 method=com.android.dex.Mutf8.countBytes(Ljava/lang/String;Z)J @ 35
Event: 7.984 Thread 0xb620a400 Uncommon trap: reason=unstable_if action=reinterpret pc=0xb34bf564 method=com.android.dx.merge.DexMerger.transformAnnotationDirectory(Lcom/android/dex/Dex$Section;Lcom/android/dx/merge/IndexMap;)V @ 199
Event: 8.491 Thread 0xb620a400 Uncommon trap: reason=unstable_if action=reinterpret pc=0xb3502e64 method=java.util.ComparableTimSort.mergeLo(IIII)V @ 522

Internal exceptions (10 events):
Event: 5.783 Thread 0xb620a400 Threw 0x9f3bcce0 at /build/openjdk-7-Qyh454/openjdk-7-7u85-2.6.1/build/openjdk/hotspot/src/share/vm/prims/jvm.cpp:1322
Event: 5.785 Thread 0xb620a400 Threw 0x9f3c3c58 at /build/openjdk-7-Qyh454/openjdk-7-7u85-2.6.1/build/openjdk/hotspot/src/share/vm/prims/jvm.cpp:1322
Event: 5.786 Thread 0xb620a400 Threw 0x9f3c6718 at /build/openjdk-7-Qyh454/openjdk-7-7u85-2.6.1/build/openjdk/hotspot/src/share/vm/prims/jvm.cpp:1322
Event: 6.104 Thread 0xb620a400 Threw 0x9f592a18 at /build/openjdk-7-Qyh454/openjdk-7-7u85-2.6.1/build/openjdk/hotspot/src/share/vm/prims/jvm.cpp:1322
Event: 6.104 Thread 0xb620a400 Threw 0x9f592b30 at /build/openjdk-7-Qyh454/openjdk-7-7u85-2.6.1/build/openjdk/hotspot/src/share/vm/prims/jvm.cpp:1322
Event: 6.104 Thread 0xb620a400 Threw 0x9f594f80 at /build/openjdk-7-Qyh454/openjdk-7-7u85-2.6.1/build/openjdk/hotspot/src/share/vm/prims/jvm.cpp:1322
Event: 6.104 Thread 0xb620a400 Threw 0x9f595098 at /build/openjdk-7-Qyh454/openjdk-7-7u85-2.6.1/build/openjdk/hotspot/src/share/vm/prims/jvm.cpp:1322
Event: 6.104 Thread 0xb620a400 Threw 0x9f595a08 at /build/openjdk-7-Qyh454/openjdk-7-7u85-2.6.1/build/openjdk/hotspot/src/share/vm/prims/jvm.cpp:1322
Event: 6.104 Thread 0xb620a400 Threw 0x9f595b20 at /build/openjdk-7-Qyh454/openjdk-7-7u85-2.6.1/build/openjdk/hotspot/src/share/vm/prims/jvm.cpp:1322
Event: 6.686 Thread 0xb620a400 Threw 0x9eb18228 at /build/openjdk-7-Qyh454/openjdk-7-7u85-2.6.1/build/openjdk/hotspot/src/share/vm/prims/jvm.cpp:1322

Events (10 events):
Event: 8.086 Executing VM operation: ParallelGCFailedAllocation done
Event: 8.359 Executing VM operation: ParallelGCFailedAllocation
Event: 8.478 Executing VM operation: ParallelGCFailedAllocation done
Event: 8.491 Thread 0xb620a400 Uncommon trap: trap_request=0xffffff75 fr.pc=0xb3502e64
Event: 8.491 Thread 0xb620a400 DEOPT PACKING pc=0xb3502e64 sp=0xb63aecb0
Event: 8.491 Thread 0xb620a400 DEOPT UNPACKING pc=0xb3203bc8 sp=0xb63aeccc mode 2
Event: 8.502 Thread 0x67d2a400 flushing nmethod 0xb336ccc8
Event: 8.652 Thread 0x67d2a400 flushing nmethod 0xb33d9508
Event: 8.721 Thread 0x67d2a400 flushing nmethod 0xb344c808
Event: 8.840 Executing VM operation: ParallelGCFailedAllocation


Dynamic libraries:
08048000-08049000 r-xp 00000000 08:07 3540783    /usr/lib/jvm/java-7-openjdk-i386/jre/bin/java
08049000-0804a000 r--p 00000000 08:07 3540783    /usr/lib/jvm/java-7-openjdk-i386/jre/bin/java
0804a000-0804b000 rw-p 00001000 08:07 3540783    /usr/lib/jvm/java-7-openjdk-i386/jre/bin/java
094ba000-09d01000 rw-p 00000000 00:00 0          [heap]
66200000-662e4000 rw-p 00000000 00:00 0 
662e4000-66300000 ---p 00000000 00:00 0 
6633f000-66500000 rw-p 00000000 00:00 0 
66500000-665d9000 rw-p 00000000 00:00 0 
665d9000-66600000 ---p 00000000 00:00 0 
66600000-666eb000 rw-p 00000000 00:00 0 
666eb000-66700000 ---p 00000000 00:00 0 
66700000-667fa000 rw-p 00000000 00:00 0 
667fa000-66800000 ---p 00000000 00:00 0 
66817000-6693c000 r-xp 00000000 08:07 5899442    /lib/i386-linux-gnu/libglib-2.0.so.0.4600.1
6693c000-6693d000 r--p 00124000 08:07 5899442    /lib/i386-linux-gnu/libglib-2.0.so.0.4600.1
6693d000-6693e000 rw-p 00125000 08:07 5899442    /lib/i386-linux-gnu/libglib-2.0.so.0.4600.1
6693e000-66afb000 r-xp 00000000 08:07 3019098    /usr/lib/i386-linux-gnu/libgio-2.0.so.0.4600.1
66afb000-66afc000 ---p 001bd000 08:07 3019098    /usr/lib/i386-linux-gnu/libgio-2.0.so.0.4600.1
66afc000-66afe000 r--p 001bd000 08:07 3019098    /usr/lib/i386-linux-gnu/libgio-2.0.so.0.4600.1
66afe000-66aff000 rw-p 001bf000 08:07 3019098    /usr/lib/i386-linux-gnu/libgio-2.0.so.0.4600.1
66aff000-66b00000 rw-p 00000000 00:00 0 
66b00000-66bfb000 rw-p 00000000 00:00 0 
66bfb000-66c00000 ---p 00000000 00:00 0 
66c00000-66cda000 rw-p 00000000 00:00 0 
66cda000-66d00000 ---p 00000000 00:00 0 
66d00000-66df9000 rw-p 00000000 00:00 0 
66df9000-66e00000 ---p 00000000 00:00 0 
66e00000-66efc000 rw-p 00000000 00:00 0 
66efc000-66f00000 ---p 00000000 00:00 0 
66f00000-66ff7000 rw-p 00000000 00:00 0 
66ff7000-67000000 ---p 00000000 00:00 0 
67000000-67100000 rw-p 00000000 00:00 0 
67100000-6716c000 rw-p 00000000 00:00 0 
6716c000-67200000 ---p 00000000 00:00 0 
6724c000-672bd000 r-xp 00000000 08:07 5898310    /lib/i386-linux-gnu/libpcre.so.3.13.1
672bd000-672be000 r--p 00070000 08:07 5898310    /lib/i386-linux-gnu/libpcre.so.3.13.1
672be000-672bf000 rw-p 00071000 08:07 5898310    /lib/i386-linux-gnu/libpcre.so.3.13.1
672bf000-672d3000 r-xp 00000000 08:07 5899505    /lib/i386-linux-gnu/libresolv-2.21.so
672d3000-672d5000 r--p 00013000 08:07 5899505    /lib/i386-linux-gnu/libresolv-2.21.so
672d5000-672d6000 rw-p 00015000 08:07 5899505    /lib/i386-linux-gnu/libresolv-2.21.so
672d6000-672d8000 rw-p 00000000 00:00 0 
672d8000-672fd000 r-xp 00000000 08:07 5898256    /lib/i386-linux-gnu/libselinux.so.1
672fd000-672fe000 r--p 00024000 08:07 5898256    /lib/i386-linux-gnu/libselinux.so.1
672fe000-672ff000 rw-p 00025000 08:07 5898256    /lib/i386-linux-gnu/libselinux.so.1
672ff000-67300000 rw-p 00000000 00:00 0 
67300000-673fc000 rw-p 00000000 00:00 0 
673fc000-67400000 ---p 00000000 00:00 0 
67400000-67500000 rw-p 00000000 00:00 0 
67500000-675f8000 rw-p 00000000 00:00 0 
675f8000-67600000 ---p 00000000 00:00 0 
6760b000-67667000 r-xp 00000000 08:07 3019097    /usr/lib/i386-linux-gnu/libgobject-2.0.so.0.4600.1
67667000-67668000 ---p 0005c000 08:07 3019097    /usr/lib/i386-linux-gnu/libgobject-2.0.so.0.4600.1
67668000-67669000 r--p 0005c000 08:07 3019097    /usr/lib/i386-linux-gnu/libgobject-2.0.so.0.4600.1
67669000-6766a000 rw-p 0005d000 08:07 3019097    /usr/lib/i386-linux-gnu/libgobject-2.0.so.0.4600.1
676f5000-676f8000 ---p 00000000 00:00 0 
676f8000-67746000 rw-p 00000000 00:00 0 
67746000-67749000 ---p 00000000 00:00 0 
67749000-67797000 rw-p 00000000 00:00 0 
67797000-6779a000 ---p 00000000 00:00 0 
6779a000-677e8000 rw-p 00000000 00:00 0 
677e8000-677eb000 ---p 00000000 00:00 0 
677eb000-67839000 rw-p 00000000 00:00 0 
67839000-6783c000 ---p 00000000 00:00 0 
6783c000-6788a000 rw-p 00000000 00:00 0 
6788a000-6788b000 ---p 00000000 00:00 0 
6788b000-6790b000 rw-p 00000000 00:00 0          [stack:6708]
6790b000-6790e000 ---p 00000000 00:00 0 
6790e000-6795c000 rw-p 00000000 00:00 0          [stack:6707]
6795c000-6795f000 ---p 00000000 00:00 0 
6795f000-679dd000 rw-p 00000000 00:00 0          [stack:6706]
679dd000-679e0000 ---p 00000000 00:00 0 
679e0000-67a5e000 rw-p 00000000 00:00 0          [stack:6705]
67a5e000-67a61000 ---p 00000000 00:00 0 
67a61000-67aaf000 rw-p 00000000 00:00 0          [stack:6704]
67aaf000-67caf000 r--p 00000000 08:07 3023765    /usr/lib/locale/locale-archive
67caf000-67cb2000 ---p 00000000 00:00 0 
67cb2000-67d00000 rw-p 00000000 00:00 0          [stack:6703]
67d00000-67dfb000 rw-p 00000000 00:00 0 
67dfb000-67e00000 ---p 00000000 00:00 0 
67e22000-67e39000 r-xp 00000000 08:07 3540840    /usr/lib/jvm/java-7-openjdk-i386/jre/lib/i386/libnet.so
67e39000-67e3a000 r--p 00016000 08:07 3540840    /usr/lib/jvm/java-7-openjdk-i386/jre/lib/i386/libnet.so
67e3a000-67e3b000 rw-p 00017000 08:07 3540840    /usr/lib/jvm/java-7-openjdk-i386/jre/lib/i386/libnet.so
67e3b000-67e4b000 r-xp 00000000 08:07 3540808    /usr/lib/jvm/java-7-openjdk-i386/jre/lib/i386/libnio.so
67e4b000-67e4c000 r--p 0000f000 08:07 3540808    /usr/lib/jvm/java-7-openjdk-i386/jre/lib/i386/libnio.so
67e4c000-67e4d000 rw-p 00010000 08:07 3540808    /usr/lib/jvm/java-7-openjdk-i386/jre/lib/i386/libnio.so
67e4d000-67e4e000 ---p 00000000 00:00 0 
67e4e000-67ece000 rw-p 00000000 00:00 0          [stack:6701]
67ece000-68080000 r--s 01d30000 08:07 3540802    /usr/lib/jvm/java-7-openjdk-i386/jre/lib/rt.jar
68080000-6a900000 rw-p 00000000 00:00 0 
6a900000-6a9fc000 rw-p 00000000 00:00 0 
6a9fc000-6aa00000 ---p 00000000 00:00 0 
6aa01000-6aa08000 r-xp 00000000 08:07 3015859    /usr/lib/i386-linux-gnu/libffi.so.6.0.4
6aa08000-6aa0a000 r--p 00006000 08:07 3015859    /usr/lib/i386-linux-gnu/libffi.so.6.0.4
6aa0a000-6aa0b000 rw-p 00008000 08:07 3015859    /usr/lib/i386-linux-gnu/libffi.so.6.0.4
6aa0b000-6aa0e000 ---p 00000000 00:00 0 
6aa0e000-6ab00000 rw-p 00000000 00:00 0          [stack:6702]
6ab00000-6ab21000 rw-p 00000000 00:00 0 
6ab21000-6ac00000 ---p 00000000 00:00 0 
6ac02000-6ac07000 r--s 0004e000 08:07 3540851    /usr/lib/jvm/java-7-openjdk-i386/jre/lib/jsse.jar
6ac07000-6ac0a000 r-xp 00000000 08:07 3019772    /usr/lib/i386-linux-gnu/libgmodule-2.0.so.0.4600.1
6ac0a000-6ac0b000 r--p 00002000 08:07 3019772    /usr/lib/i386-linux-gnu/libgmodule-2.0.so.0.4600.1
6ac0b000-6ac0c000 rw-p 00003000 08:07 3019772    /usr/lib/i386-linux-gnu/libgmodule-2.0.so.0.4600.1
6ac0c000-6ac27000 rw-p 00000000 00:00 0 
6ac27000-6ac28000 ---p 00000000 00:00 0 
6ac28000-6aca8000 rw-p 00000000 00:00 0          [stack:6700]
6aca8000-6aca9000 ---p 00000000 00:00 0 
6aca9000-6ad31000 rw-p 00000000 00:00 0          [stack:6699]
6ad31000-6ad69000 rw-p 00000000 00:00 0 
6ad69000-6ad81000 rw-p 00000000 00:00 0 
6ad81000-6aebf000 rw-p 00000000 00:00 0 
6aebf000-6aec7000 rw-p 00000000 00:00 0 
6aec7000-6aeff000 rw-p 00000000 00:00 0 
6aeff000-6af17000 rw-p 00000000 00:00 0 
6af17000-6b054000 rw-p 00000000 00:00 0 
6b054000-6b0c0000 rw-p 00000000 00:00 0 
6b0c0000-6b0ff000 rw-p 00000000 00:00 0 
6b0ff000-6c100000 rw-p 00000000 00:00 0 
6c100000-73100000 rw-p 00000000 00:00 0 
73100000-76080000 rw-p 00000000 00:00 0 
76080000-9db80000 rw-p 00000000 00:00 0 
9db80000-ab140000 rw-p 00000000 00:00 0 
b0c80000-b3100000 rw-p 00000000 00:00 0 
b3100000-b310f000 r--s 000df000 08:07 2622907    /home/akhil/Android Linux/Sdk/build-tools/23.0.0_rc3/lib/dx.jar
b310f000-b3113000 r--s 00085000 08:07 3540795    /usr/lib/jvm/java-7-openjdk-i386/jre/lib/ext/localedata.jar
b3113000-b3117000 r--s 0003c000 08:07 3540798    /usr/lib/jvm/java-7-openjdk-i386/jre/lib/ext/sunpkcs11.jar
b3117000-b3124000 rw-p 00000000 00:00 0 
b3124000-b31d7000 rw-p 00000000 00:00 0 
b31d7000-b3517000 rwxp 00000000 00:00 0 
b3517000-b61d7000 rw-p 00000000 00:00 0 
b61d7000-b61e3000 r-xp 00000000 08:07 5899452    /lib/i386-linux-gnu/libnss_files-2.21.so
b61e3000-b61e4000 r--p 0000b000 08:07 5899452    /lib/i386-linux-gnu/libnss_files-2.21.so
b61e4000-b61e5000 rw-p 0000c000 08:07 5899452    /lib/i386-linux-gnu/libnss_files-2.21.so
b61e5000-b61fc000 r-xp 00000000 08:07 5899446    /lib/i386-linux-gnu/libnsl-2.21.so
b61fc000-b61fd000 r--p 00016000 08:07 5899446    /lib/i386-linux-gnu/libnsl-2.21.so
b61fd000-b61fe000 rw-p 00017000 08:07 5899446    /lib/i386-linux-gnu/libnsl-2.21.so
b61fe000-b6200000 rw-p 00000000 00:00 0 
b6200000-b62ff000 rw-p 00000000 00:00 0 
b62ff000-b6300000 ---p 00000000 00:00 0 
b6303000-b630e000 r-xp 00000000 08:07 5899462    /lib/i386-linux-gnu/libnss_nis-2.21.so
b630e000-b630f000 r--p 0000a000 08:07 5899462    /lib/i386-linux-gnu/libnss_nis-2.21.so
b630f000-b6310000 rw-p 0000b000 08:07 5899462    /lib/i386-linux-gnu/libnss_nis-2.21.so
b6311000-b6313000 r--s 00007000 08:07 3412741    /usr/share/java/java-atk-wrapper.jar
b6313000-b6316000 r--s 0000f000 08:07 3540796    /usr/lib/jvm/java-7-openjdk-i386/jre/lib/ext/icedtea-sound.jar
b6316000-b6318000 r--s 00012000 08:07 3540794    /usr/lib/jvm/java-7-openjdk-i386/jre/lib/ext/zipfs.jar
b6318000-b631c000 r--s 00034000 08:07 3540797    /usr/lib/jvm/java-7-openjdk-i386/jre/lib/ext/sunjce_provider.jar
b631c000-b6324000 r-xp 00000000 08:07 3540812    /usr/lib/jvm/java-7-openjdk-i386/jre/lib/i386/libzip.so
b6324000-b6325000 r--p 00007000 08:07 3540812    /usr/lib/jvm/java-7-openjdk-i386/jre/lib/i386/libzip.so
b6325000-b6326000 rw-p 00008000 08:07 3540812    /usr/lib/jvm/java-7-openjdk-i386/jre/lib/i386/libzip.so
b6326000-b632e000 rw-s 00000000 08:07 4718989    /tmp/hsperfdata_akhil/6693
b632e000-b6354000 r-xp 00000000 08:07 3540820    /usr/lib/jvm/java-7-openjdk-i386/jre/lib/i386/libjava.so
b6354000-b6355000 r--p 00025000 08:07 3540820    /usr/lib/jvm/java-7-openjdk-i386/jre/lib/i386/libjava.so
b6355000-b6356000 rw-p 00026000 08:07 3540820    /usr/lib/jvm/java-7-openjdk-i386/jre/lib/i386/libjava.so
b6356000-b635d000 r-xp 00000000 08:07 5899507    /lib/i386-linux-gnu/librt-2.21.so
b635d000-b635e000 r--p 00006000 08:07 5899507    /lib/i386-linux-gnu/librt-2.21.so
b635e000-b635f000 rw-p 00007000 08:07 5899507    /lib/i386-linux-gnu/librt-2.21.so
b635f000-b6362000 ---p 00000000 00:00 0 
b6362000-b63b0000 rw-p 00000000 00:00 0          [stack:6698]
b63b0000-b63cc000 r-xp 00000000 08:07 5899524    /lib/i386-linux-gnu/libgcc_s.so.1
b63cc000-b63cd000 r--p 0001b000 08:07 5899524    /lib/i386-linux-gnu/libgcc_s.so.1
b63cd000-b63ce000 rw-p 0001c000 08:07 5899524    /lib/i386-linux-gnu/libgcc_s.so.1
b63ce000-b6419000 r-xp 00000000 08:07 5899425    /lib/i386-linux-gnu/libm-2.21.so
b6419000-b641a000 r--p 0004a000 08:07 5899425    /lib/i386-linux-gnu/libm-2.21.so
b641a000-b641b000 rw-p 0004b000 08:07 5899425    /lib/i386-linux-gnu/libm-2.21.so
b641b000-b6588000 r-xp 00000000 08:07 3019096    /usr/lib/i386-linux-gnu/libstdc++.so.6.0.21
b6588000-b6589000 ---p 0016d000 08:07 3019096    /usr/lib/i386-linux-gnu/libstdc++.so.6.0.21
b6589000-b658e000 r--p 0016d000 08:07 3019096    /usr/lib/i386-linux-gnu/libstdc++.so.6.0.21
b658e000-b658f000 rw-p 00172000 08:07 3019096    /usr/lib/i386-linux-gnu/libstdc++.so.6.0.21
b658f000-b6592000 rw-p 00000000 00:00 0 
b6592000-b70f8000 r-xp 00000000 08:07 3540828    /usr/lib/jvm/java-7-openjdk-i386/jre/lib/i386/server/libjvm.so
b70f8000-b7143000 r--p 00b65000 08:07 3540828    /usr/lib/jvm/java-7-openjdk-i386/jre/lib/i386/server/libjvm.so
b7143000-b7157000 rw-p 00bb0000 08:07 3540828    /usr/lib/jvm/java-7-openjdk-i386/jre/lib/i386/server/libjvm.so
b7157000-b7575000 rw-p 00000000 00:00 0 
b7575000-b758e000 r-xp 00000000 08:07 5898319    /lib/i386-linux-gnu/libz.so.1.2.8
b758e000-b758f000 r--p 00018000 08:07 5898319    /lib/i386-linux-gnu/libz.so.1.2.8
b758f000-b7590000 rw-p 00019000 08:07 5898319    /lib/i386-linux-gnu/libz.so.1.2.8
b7590000-b75a9000 r-xp 00000000 08:07 5899499    /lib/i386-linux-gnu/libpthread-2.21.so
b75a9000-b75aa000 r--p 00018000 08:07 5899499    /lib/i386-linux-gnu/libpthread-2.21.so
b75aa000-b75ab000 rw-p 00019000 08:07 5899499    /lib/i386-linux-gnu/libpthread-2.21.so
b75ab000-b75ad000 rw-p 00000000 00:00 0 
b75ad000-b75b0000 r-xp 00000000 08:07 5899383    /lib/i386-linux-gnu/libdl-2.21.so
b75b0000-b75b1000 r--p 00002000 08:07 5899383    /lib/i386-linux-gnu/libdl-2.21.so
b75b1000-b75b2000 rw-p 00003000 08:07 5899383    /lib/i386-linux-gnu/libdl-2.21.so
b75b2000-b7766000 r-xp 00000000 08:07 5899366    /lib/i386-linux-gnu/libc-2.21.so
b7766000-b7769000 r--p 001b3000 08:07 5899366    /lib/i386-linux-gnu/libc-2.21.so
b7769000-b776b000 rw-p 001b6000 08:07 5899366    /lib/i386-linux-gnu/libc-2.21.so
b776b000-b776d000 rw-p 00000000 00:00 0 
b776d000-b776e000 r--s 00002000 08:07 3540799    /usr/lib/jvm/java-7-openjdk-i386/jre/lib/ext/dnsns.jar
b776e000-b776f000 r--p 005db000 08:07 3023765    /usr/lib/locale/locale-archive
b776f000-b7777000 r-xp 00000000 08:07 5899448    /lib/i386-linux-gnu/libnss_compat-2.21.so
b7777000-b7778000 r--p 00007000 08:07 5899448    /lib/i386-linux-gnu/libnss_compat-2.21.so
b7778000-b7779000 rw-p 00008000 08:07 5899448    /lib/i386-linux-gnu/libnss_compat-2.21.so
b7779000-b777a000 rw-p 00000000 00:00 0 
b777a000-b777b000 ---p 00000000 00:00 0 
b777b000-b7789000 r-xp 00000000 08:07 3540836    /usr/lib/jvm/java-7-openjdk-i386/jre/lib/i386/libverify.so
b7789000-b778a000 r--p 0000d000 08:07 3540836    /usr/lib/jvm/java-7-openjdk-i386/jre/lib/i386/libverify.so
b778a000-b778b000 rw-p 0000e000 08:07 3540836    /usr/lib/jvm/java-7-openjdk-i386/jre/lib/i386/libverify.so
b778b000-b7797000 r-xp 00000000 08:07 3540837    /usr/lib/jvm/java-7-openjdk-i386/jre/lib/i386/jli/libjli.so
b7797000-b7798000 r--p 0000b000 08:07 3540837    /usr/lib/jvm/java-7-openjdk-i386/jre/lib/i386/jli/libjli.so
b7798000-b7799000 rw-p 0000c000 08:07 3540837    /usr/lib/jvm/java-7-openjdk-i386/jre/lib/i386/jli/libjli.so
b7799000-b779c000 rw-p 00000000 00:00 0 
b779c000-b779e000 r--p 00000000 00:00 0          [vvar]
b779e000-b779f000 r-xp 00000000 00:00 0          [vdso]
b779f000-b77c1000 r-xp 00000000 08:07 5899338    /lib/i386-linux-gnu/ld-2.21.so
b77c1000-b77c2000 r--p 00021000 08:07 5899338    /lib/i386-linux-gnu/ld-2.21.so
b77c2000-b77c3000 rw-p 00022000 08:07 5899338    /lib/i386-linux-gnu/ld-2.21.so
bfea7000-bfea8000 rwxp 00000000 00:00 0 
bfed9000-bfefb000 rw-p 00000000 00:00 0          [stack]

VM Arguments:
jvm_args: -Xmx1024M -Dfile.encoding=UTF-8 -Duser.country=IN -Duser.language=en -Duser.variant 
java_command: com.android.dx.command.Main --dex --num-threads=4 --output /home/akhil/Android Linux/AndroidStudio Workspace/Textile/app/build/intermediates/dex/debug /home/akhil/Android Linux/AndroidStudio Workspace/Textile/app/build/intermediates/classes/debug /home/akhil/Android Linux/AndroidStudio Workspace/Textile/app/build/intermediates/pre-dexed/debug/classes-71beb609d6323c855ed08673eb03139001b55d9f.jar /home/akhil/Android Linux/AndroidStudio Workspace/Textile/app/build/intermediates/pre-dexed/debug/support-annotations-23.1.1-35ee8c546ff778083969bc7d0e3ef22f113bc5bf.jar /home/akhil/Android Linux/AndroidStudio Workspace/Textile/app/build/intermediates/pre-dexed/debug/classes-58f0b0d6a4edcdeac544dace6d11bcb5a80e2590.jar /home/akhil/Android Linux/AndroidStudio Workspace/Textile/app/build/intermediates/pre-dexed/debug/internal_impl-22.2.0-233fc29cc9b9ada3b229788ce7050ffd18ed36d5.jar /home/akhil/Android Linux/AndroidStudio Workspace/Textile/app/build/intermediates/pre-dexed/debug/classes-12fa6e63f5ddf94ea2935d4276e64fd88455dfa0.jar /home/akhil/Android Linux/AndroidStudio Workspace/Textile/app/build/intermediates/pre-dexed/debug/classes-0fe60d16f36dfb31c32263b0e5e1a2143d73a2a5.jar /home/akhil/Android Linux/AndroidStudio Workspace/Textile/app/build/intermediates/pre-dexed/debug/classes-3f98a252866722f8cdbaf23c50cc3a7c292ae1d3.jar /home/akhil/Android Linux/AndroidStudio Workspace/Textile/app/build/intermediates/pre-dexed/debug/classes-b24a6ea5e7c803bc628ff0e4619bd45b1a3f4d24.jar /home/akhil/Android Linux/AndroidStudio Workspace/Textile/app/build/intermediates/pre-dexed/debug/classes-e4f0e40870c1db141295d4247ec7df7692efe548.jar /home/akhil/Android Linux/AndroidStudio Workspace/Textile/app/build/intermediates/pre-dexed/debug/classes-193b7b3ae8fcc1aee4883d237953ddf8ff545966.jar /home/akhil/Android Linux/AndroidStudio Workspace/Textile/app/build/intermediates/pre-dexed/debug/classes-0bff68b1dd44efa636de2c4c019173483e678edc.jar /home/akhil/Android Linux/AndroidStudio Work
Launcher Type: SUN_STANDARD

Environment Variables:
PATH=/usr/local/sbin:/usr/local/bin:/usr/sbin:/usr/bin:/sbin:/bin:/usr/games:/usr/local/games
LD_LIBRARY_PATH=/home/akhil/Android Linux/New Android studio/android-studio/bin:
SHELL=/bin/bash
DISPLAY=:0

Signal Handlers:
SIGSEGV: [libjvm.so+0x80e660], sa_mask[0]=0x7ffbfeff, sa_flags=0x10000004
SIGBUS: [libjvm.so+0x80e660], sa_mask[0]=0x7ffbfeff, sa_flags=0x10000004
SIGFPE: [libjvm.so+0x688620], sa_mask[0]=0x7ffbfeff, sa_flags=0x10000004
SIGPIPE: [libjvm.so+0x688620], sa_mask[0]=0x7ffbfeff, sa_flags=0x10000004
SIGXFSZ: [libjvm.so+0x688620], sa_mask[0]=0x7ffbfeff, sa_flags=0x10000004
SIGILL: [libjvm.so+0x688620], sa_mask[0]=0x7ffbfeff, sa_flags=0x10000004
SIGUSR1: SIG_DFL, sa_mask[0]=0x00000000, sa_flags=0x00000000
SIGUSR2: [libjvm.so+0x688470], sa_mask[0]=0x00000004, sa_flags=0x10000004
SIGHUP: [libjvm.so+0x688650], sa_mask[0]=0x7ffbfeff, sa_flags=0x10000004
SIGINT: [libjvm.so+0x688650], sa_mask[0]=0x7ffbfeff, sa_flags=0x10000004
SIGTERM: [libjvm.so+0x688650], sa_mask[0]=0x7ffbfeff, sa_flags=0x10000004
SIGQUIT: [libjvm.so+0x688650], sa_mask[0]=0x7ffbfeff, sa_flags=0x10000004
SIGTRAP: SIG_DFL, sa_mask[0]=0x00000000, sa_flags=0x00000000


---------------  S Y S T E M  ---------------

OS:Ubuntu 15.10 (wily)
uname:Linux 4.2.0-18-generic #22-Ubuntu SMP Fri Nov 6 23:32:28 UTC 2015 i686
libc:glibc 2.21 NPTL 2.21 
rlimit: STACK 8192k, CORE 0k, NPROC 29724, NOFILE 65536, AS infinity
load average:1.37 1.19 1.23

/proc/meminfo:
MemTotal:        3837900 kB
MemFree:          125264 kB
MemAvailable:     184912 kB
Buffers:           12588 kB
Cached:           405912 kB
SwapCached:            0 kB
Active:          3263396 kB
Inactive:         355520 kB
Active(anon):    3231512 kB
Inactive(anon):   323492 kB
Active(file):      31884 kB
Inactive(file):    32028 kB
Unevictable:         124 kB
Mlocked:             124 kB
HighTotal:       2981304 kB
HighFree:           7956 kB
LowTotal:         856596 kB
LowFree:          117308 kB
SwapTotal:             0 kB
SwapFree:              0 kB
Dirty:              7080 kB
Writeback:             0 kB
AnonPages:       3200584 kB
Mapped:           254804 kB
Shmem:            354540 kB
Slab:              42892 kB
SReclaimable:      20312 kB
SUnreclaim:        22580 kB
KernelStack:        5720 kB
PageTables:        23908 kB
NFS_Unstable:          0 kB
Bounce:                0 kB
WritebackTmp:          0 kB
CommitLimit:     1918948 kB
Committed_AS:   10730532 kB
VmallocTotal:     122880 kB
VmallocUsed:       15628 kB
VmallocChunk:      53252 kB
AnonHugePages:   1638400 kB
CmaTotal:              0 kB
CmaFree:               0 kB
HugePages_Total:       0
HugePages_Free:        0
HugePages_Rsvd:        0
HugePages_Surp:        0
Hugepagesize:       2048 kB
DirectMap4k:       75768 kB
DirectMap2M:      835584 kB


CPU:total 2 (2 cores per cpu, 1 threads per core) family 6 model 58 stepping 9, cmov, cx8, fxsr, mmx, sse, sse2, sse3, ssse3, sse4.1, sse4.2, popcnt, erms, tsc, tscinvbit, tscinv

/proc/cpuinfo:
processor	: 0
vendor_id	: GenuineIntel
cpu family	: 6
model		: 58
model name	: Intel(R) Pentium(R) CPU G2020 @ 2.90GHz
stepping	: 9
microcode	: 0x12
cpu MHz		: 1824.960
cache size	: 3072 KB
physical id	: 0
siblings	: 2
core id		: 0
cpu cores	: 2
apicid		: 0
initial apicid	: 0
fdiv_bug	: no
f00f_bug	: no
coma_bug	: no
fpu		: yes
fpu_exception	: yes
cpuid level	: 13
wp		: yes
flags		: fpu vme de pse tsc msr pae mce cx8 apic sep mtrr pge mca cmov pat pse36 clflush dts acpi mmx fxsr sse sse2 ss ht tm pbe nx rdtscp lm constant_tsc arch_perfmon pebs bts xtopology nonstop_tsc aperfmperf eagerfpu pni pclmulqdq dtes64 monitor ds_cpl vmx est tm2 ssse3 cx16 xtpr pdcm pcid sse4_1 sse4_2 popcnt tsc_deadline_timer xsave lahf_lm arat epb pln pts dtherm tpr_shadow vnmi flexpriority ept vpid fsgsbase smep erms xsaveopt
bugs		:
bogomips	: 5787.20
clflush size	: 64
cache_alignment	: 64
address sizes	: 36 bits physical, 48 bits virtual
power management:

processor	: 1
vendor_id	: GenuineIntel
cpu family	: 6
model		: 58
model name	: Intel(R) Pentium(R) CPU G2020 @ 2.90GHz
stepping	: 9
microcode	: 0x12
cpu MHz		: 1613.691
cache size	: 3072 KB
physical id	: 0
siblings	: 2
core id		: 1
cpu cores	: 2
apicid		: 2
initial apicid	: 2
fdiv_bug	: no
f00f_bug	: no
coma_bug	: no
fpu		: yes
fpu_exception	: yes
cpuid level	: 13
wp		: yes
flags		: fpu vme de pse tsc msr pae mce cx8 apic sep mtrr pge mca cmov pat pse36 clflush dts acpi mmx fxsr sse sse2 ss ht tm pbe nx rdtscp lm constant_tsc arch_perfmon pebs bts xtopology nonstop_tsc aperfmperf eagerfpu pni pclmulqdq dtes64 monitor ds_cpl vmx est tm2 ssse3 cx16 xtpr pdcm pcid sse4_1 sse4_2 popcnt tsc_deadline_timer xsave lahf_lm arat epb pln pts dtherm tpr_shadow vnmi flexpriority ept vpid fsgsbase smep erms xsaveopt
bugs		:
bogomips	: 5787.20
clflush size	: 64
cache_alignment	: 64
address sizes	: 36 bits physical, 48 bits virtual
power management:



Memory: 4k page, physical 3837900k(125264k free), swap 0k(0k free)

vm_info: OpenJDK Server VM (24.85-b03) for linux-x86 JRE (1.7.0_85-b01), built on Oct 22 2015 09:11:51 by "buildd" with gcc 5.2.1 20151010

time: Thu Dec  3 15:24:54 2015
elapsed time: 9 seconds

