#
# There is insufficient memory for the Java Runtime Environment to continue.
# Native memory allocation (malloc) failed to allocate 73924608 bytes for committing reserved memory.
# Possible reasons:
#   The system is out of physical RAM or swap space
#   In 32 bit mode, the process size limit was hit
# Possible solutions:
#   Reduce memory load on the system
#   Increase physical memory or swap space
#   Check if swap backing store is full
#   Use 64 bit Java on a 64 bit OS
#   Decrease Java heap size (-Xmx/-Xms)
#   Decrease number of Java threads
#   Decrease Java thread stack sizes (-Xss)
#   Set larger code cache with -XX:ReservedCodeCacheSize=
# This output file may be truncated or incomplete.
#
#  Out of Memory Error (os_linux.cpp:2827), pid=6960, tid=1743575872
#
# JRE version: OpenJDK Runtime Environment (7.0_85-b01) (build 1.7.0_85-b01)
# Java VM: OpenJDK Server VM (24.85-b03 mixed mode linux-x86 )
# Derivative: IcedTea 2.6.1
# Distribution: Ubuntu 15.10, package 7u85-2.6.1-5ubuntu0.15.10.1
# Failed to write core dump. Core dumps have been disabled. To enable core dumping, try "ulimit -c unlimited" before starting Java again
#

---------------  T H R E A D  ---------------

Current thread (0x67d10400):  VMThread [stack: 0x67e4d000,0x67ece000] [id=6967]

Stack: [0x67e4d000,0x67ece000]
VM_Operation (0x67229cc0): ParallelGCFailedAllocation, mode: safepoint, requested by thread 0x67dcc800


---------------  P R O C E S S  ---------------

Java Threads: ( => current thread )
  0x67ddc000 JavaThread "pool-1-thread-4" [_thread_blocked, id=6979, stack(0x670e7000,0x67138000)]
  0x67ddb000 JavaThread "pool-1-thread-3" [_thread_blocked, id=6978, stack(0x67138000,0x67189000)]
  0x67dda400 JavaThread "pool-1-thread-2" [_thread_blocked, id=6977, stack(0x67189000,0x671da000)]
  0x67dcc800 JavaThread "pool-2-thread-1" [_thread_blocked, id=6976, stack(0x671da000,0x6722b000)]
  0x67dcbc00 JavaThread "pool-1-thread-1" [_thread_blocked, id=6975, stack(0x6722b000,0x6727c000)]
  0x67d2c800 JavaThread "Service Thread" daemon [_thread_blocked, id=6973, stack(0x678ba000,0x6790b000)]
  0x67d2ac00 JavaThread "C2 CompilerThread1" daemon [_thread_blocked, id=6972, stack(0x6790b000,0x6798c000)]
  0x67d28c00 JavaThread "C2 CompilerThread0" daemon [_thread_blocked, id=6971, stack(0x6798c000,0x67a0d000)]
  0x67d27000 JavaThread "Signal Dispatcher" daemon [_thread_blocked, id=6970, stack(0x67a0d000,0x67a5e000)]
  0x67d14400 JavaThread "Finalizer" daemon [_thread_blocked, id=6969, stack(0x67c5e000,0x67caf000)]
  0x67d12c00 JavaThread "Reference Handler" daemon [_thread_blocked, id=6968, stack(0x67caf000,0x67d00000)]
  0xb6207c00 JavaThread "main" [_thread_blocked, id=6963, stack(0xb6345000,0xb6396000)]

Other Threads:
=>0x67d10400 VMThread [stack: 0x67e4d000,0x67ece000] [id=6967]
  0x67d2e800 WatcherThread [stack: 0x67839000,0x678ba000] [id=6974]

VM state:at safepoint (normal execution)

VM Mutex/Monitor currently owned by a thread:  ([mutex/lock_event])
[0xb62052d0] Threads_lock - owner thread: 0x67d10400
[0xb62056e0] Heap_lock - owner thread: 0x67dcc800

Heap
 PSYoungGen      total 68608K, used 7930K [0x9db40000, 0xa26c0000, 0xb30c0000)
  eden space 60672K, 0% used [0x9db40000,0x9db40000,0xa1680000)
  from space 7936K, 99% used [0xa1680000,0xa1e3e808,0xa1e40000)
  to   space 7168K, 0% used [0xa1e40000,0xa1e40000,0xa2540000)
 ParOldGen       total 39936K, used 23946K [0x730c0000, 0x757c0000, 0x9db40000)
  object space 39936K, 59% used [0x730c0000,0x748229b0,0x757c0000)
 PSPermGen       total 16384K, used 4151K [0x6b0c0000, 0x6c0c0000, 0x730c0000)
  object space 16384K, 25% used [0x6b0c0000,0x6b4cddb0,0x6c0c0000)

Card table byte_map: [0x6ae7f000,0x6b0c0000] byte_map_base: 0x6ab26a00

Polling page: 0xb7760000

Code Cache  [0xb31b9000, 0xb33f9000, 0xb61b9000)
 total_blobs=401 nmethods=279 adapters=76 free_code_cache=47981Kb largest_free_block=49077312

Compilation events (10 events):
Event: 9.391 Thread 0x67d2ac00  278             java.util.ArrayList::subListRangeCheck (110 bytes)
Event: 9.391 Thread 0x67d2ac00 nmethod 278 0xb329ed08 code [0xb329ee00, 0xb329ee90]
Event: 9.391 Thread 0x67d2ac00  279             java.util.ArrayList$SubList::<init> (46 bytes)
Event: 9.445 Thread 0x67d2ac00 nmethod 279 0xb329eb08 code [0xb329ec00, 0xb329ec90]
Event: 9.445 Thread 0x67d2ac00  280             com.android.dx.ssa.SsaConverter::edgeSplitSuccessors (98 bytes)
Event: 9.547 Thread 0x67d28c00 nmethod 265 0xb32d9088 code [0xb32da5c0, 0xb32e1b38]
Event: 9.547 Thread 0x67d28c00  281             com.android.dx.ssa.SsaMethod::getExitBlock (26 bytes)
Event: 9.597 Thread 0x67d28c00 nmethod 281 0xb329e708 code [0xb329e800, 0xb329e8f0]
Event: 9.597 Thread 0x67d28c00  282             com.android.dx.ssa.back.SsaToRop::removePhiFunctions (83 bytes)
Event: 10.136 Thread 0x67d28c00 nmethod 282 0xb32d7548 code [0xb32d7700, 0xb32d7f44]

GC Heap History (10 events):
Event: 2.576 GC heap after
Heap after GC invocations=2 (full 0):
 PSYoungGen      total 17664K, used 2292K [0x9db40000, 0x9fdc0000, 0xb30c0000)
  eden space 15360K, 0% used [0x9db40000,0x9db40000,0x9ea40000)
  from space 2304K, 99% used [0x9ec80000,0x9eebd380,0x9eec0000)
  to   space 2304K, 0% used [0x9ea40000,0x9ea40000,0x9ec80000)
 ParOldGen       total 39936K, used 3984K [0x730c0000, 0x757c0000, 0x9db40000)
  object space 39936K, 9% used [0x730c0000,0x734a41a8,0x757c0000)
 PSPermGen       total 16384K, used 4054K [0x6b0c0000, 0x6c0c0000, 0x730c0000)
  object space 16384K, 24% used [0x6b0c0000,0x6b4b58d0,0x6c0c0000)
}
Event: 3.440 GC heap before
{Heap before GC invocations=3 (full 0):
 PSYoungGen      total 17664K, used 17652K [0x9db40000, 0x9fdc0000, 0xb30c0000)
  eden space 15360K, 100% used [0x9db40000,0x9ea40000,0x9ea40000)
  from space 2304K, 99% used [0x9ec80000,0x9eebd380,0x9eec0000)
  to   space 2304K, 0% used [0x9ea40000,0x9ea40000,0x9ec80000)
 ParOldGen       total 39936K, used 3984K [0x730c0000, 0x757c0000, 0x9db40000)
  object space 39936K, 9% used [0x730c0000,0x734a41a8,0x757c0000)
 PSPermGen       total 16384K, used 4076K [0x6b0c0000, 0x6c0c0000, 0x730c0000)
  object space 16384K, 24% used [0x6b0c0000,0x6b4bb3a0,0x6c0c0000)
Event: 3.475 GC heap after
Heap after GC invocations=3 (full 0):
 PSYoungGen      total 17664K, used 2297K [0x9db40000, 0x9fdc0000, 0xb30c0000)
  eden space 15360K, 0% used [0x9db40000,0x9db40000,0x9ea40000)
  from space 2304K, 99% used [0x9ea40000,0x9ec7e720,0x9ec80000)
  to   space 2304K, 0% used [0x9fb80000,0x9fb80000,0x9fdc0000)
 ParOldGen       total 39936K, used 6094K [0x730c0000, 0x757c0000, 0x9db40000)
  object space 39936K, 15% used [0x730c0000,0x736b3870,0x757c0000)
 PSPermGen       total 16384K, used 4076K [0x6b0c0000, 0x6c0c0000, 0x730c0000)
  object space 16384K, 24% used [0x6b0c0000,0x6b4bb3a0,0x6c0c0000)
}
Event: 4.251 GC heap before
{Heap before GC invocations=4 (full 0):
 PSYoungGen      total 17664K, used 17657K [0x9db40000, 0x9fdc0000, 0xb30c0000)
  eden space 15360K, 100% used [0x9db40000,0x9ea40000,0x9ea40000)
  from space 2304K, 99% used [0x9ea40000,0x9ec7e720,0x9ec80000)
  to   space 2304K, 0% used [0x9fb80000,0x9fb80000,0x9fdc0000)
 ParOldGen       total 39936K, used 6094K [0x730c0000, 0x757c0000, 0x9db40000)
  object space 39936K, 15% used [0x730c0000,0x736b3870,0x757c0000)
 PSPermGen       total 16384K, used 4087K [0x6b0c0000, 0x6c0c0000, 0x730c0000)
  object space 16384K, 24% used [0x6b0c0000,0x6b4bdfb0,0x6c0c0000)
Event: 4.324 GC heap after
Heap after GC invocations=4 (full 0):
 PSYoungGen      total 33024K, used 2293K [0x9db40000, 0x9fdc0000, 0xb30c0000)
  eden space 30720K, 0% used [0x9db40000,0x9db40000,0x9f940000)
  from space 2304K, 99% used [0x9fb80000,0x9fdbd7a8,0x9fdc0000)
  to   space 2304K, 0% used [0x9f940000,0x9f940000,0x9fb80000)
 ParOldGen       total 39936K, used 8929K [0x730c0000, 0x757c0000, 0x9db40000)
  object space 39936K, 22% used [0x730c0000,0x739786f8,0x757c0000)
 PSPermGen       total 16384K, used 4087K [0x6b0c0000, 0x6c0c0000, 0x730c0000)
  object space 16384K, 24% used [0x6b0c0000,0x6b4bdfb0,0x6c0c0000)
}
Event: 5.942 GC heap before
{Heap before GC invocations=5 (full 0):
 PSYoungGen      total 33024K, used 33013K [0x9db40000, 0x9fdc0000, 0xb30c0000)
  eden space 30720K, 100% used [0x9db40000,0x9f940000,0x9f940000)
  from space 2304K, 99% used [0x9fb80000,0x9fdbd7a8,0x9fdc0000)
  to   space 2304K, 0% used [0x9f940000,0x9f940000,0x9fb80000)
 ParOldGen       total 39936K, used 8929K [0x730c0000, 0x757c0000, 0x9db40000)
  object space 39936K, 22% used [0x730c0000,0x739786f8,0x757c0000)
 PSPermGen       total 16384K, used 4105K [0x6b0c0000, 0x6c0c0000, 0x730c0000)
  object space 16384K, 25% used [0x6b0c0000,0x6b4c2418,0x6c0c0000)
Event: 6.055 GC heap after
Heap after GC invocations=5 (full 0):
 PSYoungGen      total 33024K, used 2288K [0x9db40000, 0xa2540000, 0xb30c0000)
  eden space 30720K, 0% used [0x9db40000,0x9db40000,0x9f940000)
  from space 2304K, 99% used [0x9f940000,0x9fb7c0f0,0x9fb80000)
  to   space 7168K, 0% used [0xa1e40000,0xa1e40000,0xa2540000)
 ParOldGen       total 39936K, used 13803K [0x730c0000, 0x757c0000, 0x9db40000)
  object space 39936K, 34% used [0x730c0000,0x73e3af10,0x757c0000)
 PSPermGen       total 16384K, used 4105K [0x6b0c0000, 0x6c0c0000, 0x730c0000)
  object space 16384K, 25% used [0x6b0c0000,0x6b4c2418,0x6c0c0000)
}
Event: 7.416 GC heap before
{Heap before GC invocations=6 (full 0):
 PSYoungGen      total 33024K, used 33008K [0x9db40000, 0xa2540000, 0xb30c0000)
  eden space 30720K, 100% used [0x9db40000,0x9f940000,0x9f940000)
  from space 2304K, 99% used [0x9f940000,0x9fb7c0f0,0x9fb80000)
  to   space 7168K, 0% used [0xa1e40000,0xa1e40000,0xa2540000)
 ParOldGen       total 39936K, used 13803K [0x730c0000, 0x757c0000, 0x9db40000)
  object space 39936K, 34% used [0x730c0000,0x73e3af10,0x757c0000)
 PSPermGen       total 16384K, used 4120K [0x6b0c0000, 0x6c0c0000, 0x730c0000)
  object space 16384K, 25% used [0x6b0c0000,0x6b4c6138,0x6c0c0000)
Event: 7.485 GC heap after
Heap after GC invocations=6 (full 0):
 PSYoungGen      total 67840K, used 7160K [0x9db40000, 0xa26c0000, 0xb30c0000)
  eden space 60672K, 0% used [0x9db40000,0x9db40000,0xa1680000)
  from space 7168K, 99% used [0xa1e40000,0xa253e0f0,0xa2540000)
  to   space 7936K, 0% used [0xa1680000,0xa1680000,0xa1e40000)
 ParOldGen       total 39936K, used 13832K [0x730c0000, 0x757c0000, 0x9db40000)
  object space 39936K, 34% used [0x730c0000,0x73e423b8,0x757c0000)
 PSPermGen       total 16384K, used 4120K [0x6b0c0000, 0x6c0c0000, 0x730c0000)
  object space 16384K, 25% used [0x6b0c0000,0x6b4c6138,0x6c0c0000)
}
Event: 10.662 GC heap before
{Heap before GC invocations=7 (full 0):
 PSYoungGen      total 67840K, used 67832K [0x9db40000, 0xa26c0000, 0xb30c0000)
  eden space 60672K, 100% used [0x9db40000,0xa1680000,0xa1680000)
  from space 7168K, 99% used [0xa1e40000,0xa253e0f0,0xa2540000)
  to   space 7936K, 0% used [0xa1680000,0xa1680000,0xa1e40000)
 ParOldGen       total 39936K, used 13832K [0x730c0000, 0x757c0000, 0x9db40000)
  object space 39936K, 34% used [0x730c0000,0x73e423b8,0x757c0000)
 PSPermGen       total 16384K, used 4151K [0x6b0c0000, 0x6c0c0000, 0x730c0000)
  object space 16384K, 25% used [0x6b0c0000,0x6b4cddb0,0x6c0c0000)

Deoptimization events (10 events):
Event: 8.038 Thread 0x67ddb000 Uncommon trap: reason=unstable_if action=reinterpret pc=0xb3233a18 method=com.android.dx.ssa.NormalSsaInsn.getLocalAssignment()Lcom/android/dx/rop/code/RegisterSpec; @ 12
Event: 8.038 Thread 0x67ddb000 Uncommon trap: reason=unstable_if action=reinterpret pc=0xb3236824 method=com.android.dx.ssa.NormalSsaInsn.getLocalAssignment()Lcom/android/dx/rop/code/RegisterSpec; @ 12
Event: 8.038 Thread 0x67ddb000 Uncommon trap: reason=unstable_if action=reinterpret pc=0xb32276d0 method=com.android.dx.ssa.NormalSsaInsn.getLocalAssignment()Lcom/android/dx/rop/code/RegisterSpec; @ 12
Event: 8.039 Thread 0x67ddb000 Uncommon trap: reason=unstable_if action=reinterpret pc=0xb327df30 method=com.android.dx.rop.code.Insn.getLocalAssignment()Lcom/android/dx/rop/code/RegisterSpec; @ 9
Event: 8.041 Thread 0x67ddb000 Uncommon trap: reason=unloaded action=reinterpret pc=0xb32397fc method=com.android.dx.ssa.SsaRenamer$BlockRenamer.visitMoveInsn(Lcom/android/dx/ssa/NormalSsaInsn;)V @ 208
Event: 8.656 Thread 0xb6207c00 Uncommon trap: reason=null_check action=make_not_entrant pc=0xb32bd884 method=com.android.dx.cf.code.Ropper$CatchInfo.getSetup(Lcom/android/dx/rop/type/Type;)Lcom/android/dx/cf/code/Ropper$ExceptionHandlerSetup; @ 10
Event: 8.663 Thread 0x67dda400 Uncommon trap: reason=unstable_if action=reinterpret pc=0xb3270aa4 method=java.util.HashMap.put(Ljava/lang/Object;Ljava/lang/Object;)Ljava/lang/Object; @ 86
Event: 8.732 Thread 0xb6207c00 Uncommon trap: reason=null_check action=make_not_entrant pc=0xb328fd08 method=com.android.dx.rop.type.Type.putIntern(Lcom/android/dx/rop/type/Type;)Lcom/android/dx/rop/type/Type; @ 18
Event: 9.310 Thread 0x67ddc000 Uncommon trap: reason=class_check action=maybe_recompile pc=0xb3274730 method=com.android.dx.ssa.SCCP.simulateBranch(Lcom/android/dx/ssa/SsaInsn;)V @ 145
Event: 9.341 Thread 0x67ddc000 Uncommon trap: reason=unstable_if action=reinterpret pc=0xb324a72c method=com.android.dx.ssa.SsaConverter.placePhiFunctions(Lcom/android/dx/ssa/SsaMethod;Lcom/android/dx/ssa/LocalVariableInfo;I)V @ 327

Internal exceptions (10 events):
Event: 1.139 Thread 0x67dcbc00 Threw 0x9e30eab8 at /build/openjdk-7-Qyh454/openjdk-7-7u85-2.6.1/build/openjdk/hotspot/src/share/vm/prims/jvm.cpp:1322
Event: 1.446 Thread 0x67ddb000 Threw 0x9e843a70 at /build/openjdk-7-Qyh454/openjdk-7-7u85-2.6.1/build/openjdk/hotspot/src/share/vm/prims/jvm.cpp:1322
Event: 1.503 Thread 0xb6207c00 Implicit null exception at 0xb3217b23 to 0xb3217cd5
Event: 1.749 Thread 0x67ddc000 Threw 0x9decb550 at /build/openjdk-7-Qyh454/openjdk-7-7u85-2.6.1/build/openjdk/hotspot/src/share/vm/prims/jvm.cpp:1322
Event: 1.888 Thread 0xb6207c00 Threw 0x9e129158 at /build/openjdk-7-Qyh454/openjdk-7-7u85-2.6.1/build/openjdk/hotspot/src/share/vm/prims/jvm.cpp:1322
Event: 1.951 Thread 0x67ddc000 Implicit null exception at 0xb321a8ab to 0xb321a982
Event: 5.510 Thread 0x67dda400 Threw 0x9f220f48 at /build/openjdk-7-Qyh454/openjdk-7-7u85-2.6.1/build/openjdk/hotspot/src/share/vm/prims/jvm.cpp:1322
Event: 7.362 Thread 0xb6207c00 Threw 0x9f44e830 at /build/openjdk-7-Qyh454/openjdk-7-7u85-2.6.1/build/openjdk/hotspot/src/share/vm/prims/jvm.cpp:1322
Event: 8.656 Thread 0xb6207c00 Implicit null exception at 0xb32ba08c to 0xb32bd841
Event: 8.732 Thread 0xb6207c00 Implicit null exception at 0xb328f766 to 0xb328fcfd

Events (10 events):
Event: 8.732 Thread 0xb6207c00 Uncommon trap: trap_request=0xfffffff4 fr.pc=0xb328fd08
Event: 8.732 Thread 0xb6207c00 DEOPT PACKING pc=0xb328fd08 sp=0xb6394a90
Event: 8.732 Thread 0xb6207c00 DEOPT UNPACKING pc=0xb31e5bc8 sp=0xb6394a28 mode 2
Event: 9.310 Thread 0x67ddc000 Uncommon trap: trap_request=0xffffffde fr.pc=0xb3274730
Event: 9.310 Thread 0x67ddc000 DEOPT PACKING pc=0xb3274730 sp=0x67136b50
Event: 9.310 Thread 0x67ddc000 DEOPT UNPACKING pc=0xb31e5bc8 sp=0x67136b3c mode 2
Event: 9.341 Thread 0x67ddc000 Uncommon trap: trap_request=0xffffff75 fr.pc=0xb324a72c
Event: 9.341 Thread 0x67ddc000 DEOPT PACKING pc=0xb324a72c sp=0x67136bf0
Event: 9.341 Thread 0x67ddc000 DEOPT UNPACKING pc=0xb31e5bc8 sp=0x67136c08 mode 2
Event: 10.150 Executing VM operation: ParallelGCFailedAllocation


Dynamic libraries:
08048000-08049000 r-xp 00000000 08:07 3540783    /usr/lib/jvm/java-7-openjdk-i386/jre/bin/java
08049000-0804a000 r--p 00000000 08:07 3540783    /usr/lib/jvm/java-7-openjdk-i386/jre/bin/java
0804a000-0804b000 rw-p 00001000 08:07 3540783    /usr/lib/jvm/java-7-openjdk-i386/jre/bin/java
09db4000-0a8f6000 rw-p 00000000 00:00 0          [heap]
66700000-667f2000 rw-p 00000000 00:00 0 
667f2000-66800000 ---p 00000000 00:00 0 
66800000-668f6000 rw-p 00000000 00:00 0 
668f6000-66900000 ---p 00000000 00:00 0 
66900000-669fb000 rw-p 00000000 00:00 0 
669fb000-66a00000 ---p 00000000 00:00 0 
66b00000-66bfd000 rw-p 00000000 00:00 0 
66bfd000-66c00000 ---p 00000000 00:00 0 
66c00000-66d00000 rw-p 00000000 00:00 0 
66d00000-66dfe000 rw-p 00000000 00:00 0 
66dfe000-66e00000 ---p 00000000 00:00 0 
66e00000-66ef6000 rw-p 00000000 00:00 0 
66ef6000-66f00000 ---p 00000000 00:00 0 
66f00000-66f2b000 rw-p 00000000 00:00 0 
66f2b000-67000000 ---p 00000000 00:00 0 
670e7000-670ea000 ---p 00000000 00:00 0 
670ea000-67138000 rw-p 00000000 00:00 0          [stack:6979]
67138000-6713b000 ---p 00000000 00:00 0 
6713b000-67189000 rw-p 00000000 00:00 0          [stack:6978]
67189000-6718c000 ---p 00000000 00:00 0 
6718c000-671da000 rw-p 00000000 00:00 0          [stack:6977]
671da000-671dd000 ---p 00000000 00:00 0 
671dd000-6722b000 rw-p 00000000 00:00 0          [stack:6976]
6722b000-6722e000 ---p 00000000 00:00 0 
6722e000-6743d000 rw-p 00000000 00:00 0          [stack:6975]
6743d000-674ae000 r-xp 00000000 08:07 5898310    /lib/i386-linux-gnu/libpcre.so.3.13.1
674ae000-674af000 r--p 00070000 08:07 5898310    /lib/i386-linux-gnu/libpcre.so.3.13.1
674af000-674b0000 rw-p 00071000 08:07 5898310    /lib/i386-linux-gnu/libpcre.so.3.13.1
674b0000-674c4000 r-xp 00000000 08:07 5899505    /lib/i386-linux-gnu/libresolv-2.21.so
674c4000-674c6000 r--p 00013000 08:07 5899505    /lib/i386-linux-gnu/libresolv-2.21.so
674c6000-674c7000 rw-p 00015000 08:07 5899505    /lib/i386-linux-gnu/libresolv-2.21.so
674c7000-674c9000 rw-p 00000000 00:00 0 
674c9000-674ee000 r-xp 00000000 08:07 5898256    /lib/i386-linux-gnu/libselinux.so.1
674ee000-674ef000 r--p 00024000 08:07 5898256    /lib/i386-linux-gnu/libselinux.so.1
674ef000-674f0000 rw-p 00025000 08:07 5898256    /lib/i386-linux-gnu/libselinux.so.1
674f0000-674f1000 rw-p 00000000 00:00 0 
674f1000-67616000 r-xp 00000000 08:07 5899442    /lib/i386-linux-gnu/libglib-2.0.so.0.4600.1
67616000-67617000 r--p 00124000 08:07 5899442    /lib/i386-linux-gnu/libglib-2.0.so.0.4600.1
67617000-67618000 rw-p 00125000 08:07 5899442    /lib/i386-linux-gnu/libglib-2.0.so.0.4600.1
67618000-67674000 r-xp 00000000 08:07 3019097    /usr/lib/i386-linux-gnu/libgobject-2.0.so.0.4600.1
67674000-67675000 ---p 0005c000 08:07 3019097    /usr/lib/i386-linux-gnu/libgobject-2.0.so.0.4600.1
67675000-67676000 r--p 0005c000 08:07 3019097    /usr/lib/i386-linux-gnu/libgobject-2.0.so.0.4600.1
67676000-67677000 rw-p 0005d000 08:07 3019097    /usr/lib/i386-linux-gnu/libgobject-2.0.so.0.4600.1
67677000-67834000 r-xp 00000000 08:07 3019098    /usr/lib/i386-linux-gnu/libgio-2.0.so.0.4600.1
67834000-67835000 ---p 001bd000 08:07 3019098    /usr/lib/i386-linux-gnu/libgio-2.0.so.0.4600.1
67835000-67837000 r--p 001bd000 08:07 3019098    /usr/lib/i386-linux-gnu/libgio-2.0.so.0.4600.1
67837000-67838000 rw-p 001bf000 08:07 3019098    /usr/lib/i386-linux-gnu/libgio-2.0.so.0.4600.1
67838000-67839000 rw-p 00000000 00:00 0 
67839000-6783a000 ---p 00000000 00:00 0 
6783a000-678ba000 rw-p 00000000 00:00 0          [stack:6974]
678ba000-678bd000 ---p 00000000 00:00 0 
678bd000-6790b000 rw-p 00000000 00:00 0          [stack:6973]
6790b000-6790e000 ---p 00000000 00:00 0 
6790e000-6798c000 rw-p 00000000 00:00 0          [stack:6972]
6798c000-6798f000 ---p 00000000 00:00 0 
6798f000-67a0d000 rw-p 00000000 00:00 0          [stack:6971]
67a0d000-67a10000 ---p 00000000 00:00 0 
67a10000-67a5e000 rw-p 00000000 00:00 0          [stack:6970]
67a5e000-67c5e000 r--p 00000000 08:07 3023765    /usr/lib/locale/locale-archive
67c5e000-67c61000 ---p 00000000 00:00 0 
67c61000-67caf000 rw-p 00000000 00:00 0          [stack:6969]
67caf000-67cb2000 ---p 00000000 00:00 0 
67cb2000-67d00000 rw-p 00000000 00:00 0          [stack:6968]
67d00000-67e00000 rw-p 00000000 00:00 0 
67e34000-67e4b000 r-xp 00000000 08:07 3540840    /usr/lib/jvm/java-7-openjdk-i386/jre/lib/i386/libnet.so
67e4b000-67e4c000 r--p 00016000 08:07 3540840    /usr/lib/jvm/java-7-openjdk-i386/jre/lib/i386/libnet.so
67e4c000-67e4d000 rw-p 00017000 08:07 3540840    /usr/lib/jvm/java-7-openjdk-i386/jre/lib/i386/libnet.so
67e4d000-67e4e000 ---p 00000000 00:00 0 
67e4e000-67ece000 rw-p 00000000 00:00 0          [stack:6967]
67ece000-68080000 r--s 01d30000 08:07 3540802    /usr/lib/jvm/java-7-openjdk-i386/jre/lib/rt.jar
68080000-6a900000 rw-p 00000000 00:00 0 
6a900000-6a9fb000 rw-p 00000000 00:00 0 
6a9fb000-6aa00000 ---p 00000000 00:00 0 
6aa10000-6aa20000 r-xp 00000000 08:07 3540808    /usr/lib/jvm/java-7-openjdk-i386/jre/lib/i386/libnio.so
6aa20000-6aa21000 r--p 0000f000 08:07 3540808    /usr/lib/jvm/java-7-openjdk-i386/jre/lib/i386/libnio.so
6aa21000-6aa22000 rw-p 00010000 08:07 3540808    /usr/lib/jvm/java-7-openjdk-i386/jre/lib/i386/libnio.so
6aa22000-6aa36000 r--s 000be000 08:07 273653     /home/akhil/Android Linux/AndroidStudio Workspace/Textile/app/build/intermediates/exploded-aar/com.google.android.gms/play-services-basement/8.3.0/jars/classes.jar
6aa36000-6aa7f000 rw-p 00000000 00:00 0 
6aa7f000-6aa80000 ---p 00000000 00:00 0 
6aa80000-6ab00000 rw-p 00000000 00:00 0          [stack:6966]
6ab00000-6ab21000 rw-p 00000000 00:00 0 
6ab21000-6ac00000 ---p 00000000 00:00 0 
6ac03000-6ac0a000 r-xp 00000000 08:07 3015859    /usr/lib/i386-linux-gnu/libffi.so.6.0.4
6ac0a000-6ac0c000 r--p 00006000 08:07 3015859    /usr/lib/i386-linux-gnu/libffi.so.6.0.4
6ac0c000-6ac0d000 rw-p 00008000 08:07 3015859    /usr/lib/i386-linux-gnu/libffi.so.6.0.4
6ac0d000-6ac68000 rw-p 00000000 00:00 0 
6ac68000-6ac69000 ---p 00000000 00:00 0 
6ac69000-6acf1000 rw-p 00000000 00:00 0          [stack:6965]
6acf1000-6ad29000 rw-p 00000000 00:00 0 
6ad29000-6ad3d000 rw-p 00000000 00:00 0 
6ad3d000-6ae7f000 rw-p 00000000 00:00 0 
6ae7f000-6ae87000 rw-p 00000000 00:00 0 
6ae87000-6aebf000 rw-p 00000000 00:00 0 
6aebf000-6aed3000 rw-p 00000000 00:00 0 
6aed3000-6b014000 rw-p 00000000 00:00 0 
6b014000-6b03a000 rw-p 00000000 00:00 0 
6b03a000-6b0bf000 rw-p 00000000 00:00 0 
6b0bf000-6c0c0000 rw-p 00000000 00:00 0 
6c0c0000-730c0000 rw-p 00000000 00:00 0 
730c0000-757c0000 rw-p 00000000 00:00 0 
757c0000-9db40000 rw-p 00000000 00:00 0 
9db40000-a26c0000 rw-p 00000000 00:00 0 
a6d40000-b30c0000 rw-p 00000000 00:00 0 
b30c6000-b30c9000 r-xp 00000000 08:07 3019772    /usr/lib/i386-linux-gnu/libgmodule-2.0.so.0.4600.1
b30c9000-b30ca000 r--p 00002000 08:07 3019772    /usr/lib/i386-linux-gnu/libgmodule-2.0.so.0.4600.1
b30ca000-b30cb000 rw-p 00003000 08:07 3019772    /usr/lib/i386-linux-gnu/libgmodule-2.0.so.0.4600.1
b30cb000-b30da000 r--s 000df000 08:07 2622907    /home/akhil/Android Linux/Sdk/build-tools/23.0.0_rc3/lib/dx.jar
b30da000-b30de000 r--s 00085000 08:07 3540795    /usr/lib/jvm/java-7-openjdk-i386/jre/lib/ext/localedata.jar
b30de000-b3102000 rw-p 00000000 00:00 0 
b3102000-b31b9000 rw-p 00000000 00:00 0 
b31b9000-b33f9000 rwxp 00000000 00:00 0 
b33f9000-b61b9000 rw-p 00000000 00:00 0 
b61b9000-b61c5000 r-xp 00000000 08:07 5899452    /lib/i386-linux-gnu/libnss_files-2.21.so
b61c5000-b61c6000 r--p 0000b000 08:07 5899452    /lib/i386-linux-gnu/libnss_files-2.21.so
b61c6000-b61c7000 rw-p 0000c000 08:07 5899452    /lib/i386-linux-gnu/libnss_files-2.21.so
b61c7000-b61de000 r-xp 00000000 08:07 5899446    /lib/i386-linux-gnu/libnsl-2.21.so
b61de000-b61df000 r--p 00016000 08:07 5899446    /lib/i386-linux-gnu/libnsl-2.21.so
b61df000-b61e0000 rw-p 00017000 08:07 5899446    /lib/i386-linux-gnu/libnsl-2.21.so
b61e0000-b61e2000 rw-p 00000000 00:00 0 
b61e5000-b61e9000 r--s 0003c000 08:07 3540798    /usr/lib/jvm/java-7-openjdk-i386/jre/lib/ext/sunpkcs11.jar
b61e9000-b61eb000 r--s 00007000 08:07 3412741    /usr/share/java/java-atk-wrapper.jar
b61eb000-b61ee000 r--s 0000f000 08:07 3540796    /usr/lib/jvm/java-7-openjdk-i386/jre/lib/ext/icedtea-sound.jar
b61ee000-b61f6000 r-xp 00000000 08:07 3540812    /usr/lib/jvm/java-7-openjdk-i386/jre/lib/i386/libzip.so
b61f6000-b61f7000 r--p 00007000 08:07 3540812    /usr/lib/jvm/java-7-openjdk-i386/jre/lib/i386/libzip.so
b61f7000-b61f8000 rw-p 00008000 08:07 3540812    /usr/lib/jvm/java-7-openjdk-i386/jre/lib/i386/libzip.so
b61f8000-b6200000 rw-s 00000000 08:07 4718989    /tmp/hsperfdata_akhil/6960
b6200000-b62fd000 rw-p 00000000 00:00 0 
b62fd000-b6300000 ---p 00000000 00:00 0 
b6301000-b6303000 r--s 00012000 08:07 3540794    /usr/lib/jvm/java-7-openjdk-i386/jre/lib/ext/zipfs.jar
b6303000-b6307000 r--s 00034000 08:07 3540797    /usr/lib/jvm/java-7-openjdk-i386/jre/lib/ext/sunjce_provider.jar
b6307000-b6312000 r-xp 00000000 08:07 5899462    /lib/i386-linux-gnu/libnss_nis-2.21.so
b6312000-b6313000 r--p 0000a000 08:07 5899462    /lib/i386-linux-gnu/libnss_nis-2.21.so
b6313000-b6314000 rw-p 0000b000 08:07 5899462    /lib/i386-linux-gnu/libnss_nis-2.21.so
b6314000-b633a000 r-xp 00000000 08:07 3540820    /usr/lib/jvm/java-7-openjdk-i386/jre/lib/i386/libjava.so
b633a000-b633b000 r--p 00025000 08:07 3540820    /usr/lib/jvm/java-7-openjdk-i386/jre/lib/i386/libjava.so
b633b000-b633c000 rw-p 00026000 08:07 3540820    /usr/lib/jvm/java-7-openjdk-i386/jre/lib/i386/libjava.so
b633c000-b6343000 r-xp 00000000 08:07 5899507    /lib/i386-linux-gnu/librt-2.21.so
b6343000-b6344000 r--p 00006000 08:07 5899507    /lib/i386-linux-gnu/librt-2.21.so
b6344000-b6345000 rw-p 00007000 08:07 5899507    /lib/i386-linux-gnu/librt-2.21.so
b6345000-b6348000 ---p 00000000 00:00 0 
b6348000-b6396000 rw-p 00000000 00:00 0          [stack:6963]
b6396000-b63b2000 r-xp 00000000 08:07 5899524    /lib/i386-linux-gnu/libgcc_s.so.1
b63b2000-b63b3000 r--p 0001b000 08:07 5899524    /lib/i386-linux-gnu/libgcc_s.so.1
b63b3000-b63b4000 rw-p 0001c000 08:07 5899524    /lib/i386-linux-gnu/libgcc_s.so.1
b63b4000-b63ff000 r-xp 00000000 08:07 5899425    /lib/i386-linux-gnu/libm-2.21.so
b63ff000-b6400000 r--p 0004a000 08:07 5899425    /lib/i386-linux-gnu/libm-2.21.so
b6400000-b6401000 rw-p 0004b000 08:07 5899425    /lib/i386-linux-gnu/libm-2.21.so
b6401000-b656e000 r-xp 00000000 08:07 3019096    /usr/lib/i386-linux-gnu/libstdc++.so.6.0.21
b656e000-b656f000 ---p 0016d000 08:07 3019096    /usr/lib/i386-linux-gnu/libstdc++.so.6.0.21
b656f000-b6574000 r--p 0016d000 08:07 3019096    /usr/lib/i386-linux-gnu/libstdc++.so.6.0.21
b6574000-b6575000 rw-p 00172000 08:07 3019096    /usr/lib/i386-linux-gnu/libstdc++.so.6.0.21
b6575000-b6578000 rw-p 00000000 00:00 0 
b6578000-b70de000 r-xp 00000000 08:07 3540828    /usr/lib/jvm/java-7-openjdk-i386/jre/lib/i386/server/libjvm.so
b70de000-b7129000 r--p 00b65000 08:07 3540828    /usr/lib/jvm/java-7-openjdk-i386/jre/lib/i386/server/libjvm.so
b7129000-b713d000 rw-p 00bb0000 08:07 3540828    /usr/lib/jvm/java-7-openjdk-i386/jre/lib/i386/server/libjvm.so
b713d000-b755b000 rw-p 00000000 00:00 0 
b755b000-b7574000 r-xp 00000000 08:07 5898319    /lib/i386-linux-gnu/libz.so.1.2.8
b7574000-b7575000 r--p 00018000 08:07 5898319    /lib/i386-linux-gnu/libz.so.1.2.8
b7575000-b7576000 rw-p 00019000 08:07 5898319    /lib/i386-linux-gnu/libz.so.1.2.8
b7576000-b758f000 r-xp 00000000 08:07 5899499    /lib/i386-linux-gnu/libpthread-2.21.so
b758f000-b7590000 r--p 00018000 08:07 5899499    /lib/i386-linux-gnu/libpthread-2.21.so
b7590000-b7591000 rw-p 00019000 08:07 5899499    /lib/i386-linux-gnu/libpthread-2.21.so
b7591000-b7593000 rw-p 00000000 00:00 0 
b7593000-b7596000 r-xp 00000000 08:07 5899383    /lib/i386-linux-gnu/libdl-2.21.so
b7596000-b7597000 r--p 00002000 08:07 5899383    /lib/i386-linux-gnu/libdl-2.21.so
b7597000-b7598000 rw-p 00003000 08:07 5899383    /lib/i386-linux-gnu/libdl-2.21.so
b7598000-b774c000 r-xp 00000000 08:07 5899366    /lib/i386-linux-gnu/libc-2.21.so
b774c000-b774f000 r--p 001b3000 08:07 5899366    /lib/i386-linux-gnu/libc-2.21.so
b774f000-b7751000 rw-p 001b6000 08:07 5899366    /lib/i386-linux-gnu/libc-2.21.so
b7751000-b7753000 rw-p 00000000 00:00 0 
b7753000-b7754000 r--s 00002000 08:07 3540799    /usr/lib/jvm/java-7-openjdk-i386/jre/lib/ext/dnsns.jar
b7754000-b7755000 r--p 005db000 08:07 3023765    /usr/lib/locale/locale-archive
b7755000-b775d000 r-xp 00000000 08:07 5899448    /lib/i386-linux-gnu/libnss_compat-2.21.so
b775d000-b775e000 r--p 00007000 08:07 5899448    /lib/i386-linux-gnu/libnss_compat-2.21.so
b775e000-b775f000 rw-p 00008000 08:07 5899448    /lib/i386-linux-gnu/libnss_compat-2.21.so
b775f000-b7760000 rw-p 00000000 00:00 0 
b7760000-b7761000 ---p 00000000 00:00 0 
b7761000-b776f000 r-xp 00000000 08:07 3540836    /usr/lib/jvm/java-7-openjdk-i386/jre/lib/i386/libverify.so
b776f000-b7770000 r--p 0000d000 08:07 3540836    /usr/lib/jvm/java-7-openjdk-i386/jre/lib/i386/libverify.so
b7770000-b7771000 rw-p 0000e000 08:07 3540836    /usr/lib/jvm/java-7-openjdk-i386/jre/lib/i386/libverify.so
b7771000-b777d000 r-xp 00000000 08:07 3540837    /usr/lib/jvm/java-7-openjdk-i386/jre/lib/i386/jli/libjli.so
b777d000-b777e000 r--p 0000b000 08:07 3540837    /usr/lib/jvm/java-7-openjdk-i386/jre/lib/i386/jli/libjli.so
b777e000-b777f000 rw-p 0000c000 08:07 3540837    /usr/lib/jvm/java-7-openjdk-i386/jre/lib/i386/jli/libjli.so
b777f000-b7782000 rw-p 00000000 00:00 0 
b7782000-b7784000 r--p 00000000 00:00 0          [vvar]
b7784000-b7785000 r-xp 00000000 00:00 0          [vdso]
b7785000-b77a7000 r-xp 00000000 08:07 5899338    /lib/i386-linux-gnu/ld-2.21.so
b77a7000-b77a8000 r--p 00021000 08:07 5899338    /lib/i386-linux-gnu/ld-2.21.so
b77a8000-b77a9000 rw-p 00022000 08:07 5899338    /lib/i386-linux-gnu/ld-2.21.so
bfaf7000-bfaf8000 rwxp 00000000 00:00 0 
bfb2a000-bfb4b000 rw-p 00000000 00:00 0          [stack]

VM Arguments:
jvm_args: -Xmx1024M -Dfile.encoding=UTF-8 -Duser.country=IN -Duser.language=en -Duser.variant 
java_command: com.android.dx.command.Main --dex --num-threads=4 --output /home/akhil/Android Linux/AndroidStudio Workspace/Textile/app/build/intermediates/pre-dexed/debug/classes-a11ecd6d4155e7c09d2761e40832cf5d8c4a1280.jar /home/akhil/Android Linux/AndroidStudio Workspace/Textile/app/build/intermediates/exploded-aar/com.google.android.gms/play-services-basement/8.3.0/jars/classes.jar
Launcher Type: SUN_STANDARD

Environment Variables:
PATH=/usr/local/sbin:/usr/local/bin:/usr/sbin:/usr/bin:/sbin:/bin:/usr/games:/usr/local/games
LD_LIBRARY_PATH=/home/akhil/Android Linux/New Android studio/android-studio/bin:
SHELL=/bin/bash
DISPLAY=:0

Signal Handlers:
SIGSEGV: [libjvm.so+0x80e660], sa_mask[0]=0x7ffbfeff, sa_flags=0x10000004
SIGBUS: [libjvm.so+0x80e660], sa_mask[0]=0x7ffbfeff, sa_flags=0x10000004
SIGFPE: [libjvm.so+0x688620], sa_mask[0]=0x7ffbfeff, sa_flags=0x10000004
SIGPIPE: [libjvm.so+0x688620], sa_mask[0]=0x7ffbfeff, sa_flags=0x10000004
SIGXFSZ: [libjvm.so+0x688620], sa_mask[0]=0x7ffbfeff, sa_flags=0x10000004
SIGILL: [libjvm.so+0x688620], sa_mask[0]=0x7ffbfeff, sa_flags=0x10000004
SIGUSR1: SIG_DFL, sa_mask[0]=0x00000000, sa_flags=0x00000000
SIGUSR2: [libjvm.so+0x688470], sa_mask[0]=0x00000004, sa_flags=0x10000004
SIGHUP: [libjvm.so+0x688650], sa_mask[0]=0x7ffbfeff, sa_flags=0x10000004
SIGINT: [libjvm.so+0x688650], sa_mask[0]=0x7ffbfeff, sa_flags=0x10000004
SIGTERM: [libjvm.so+0x688650], sa_mask[0]=0x7ffbfeff, sa_flags=0x10000004
SIGQUIT: [libjvm.so+0x688650], sa_mask[0]=0x7ffbfeff, sa_flags=0x10000004
SIGTRAP: SIG_DFL, sa_mask[0]=0x00000000, sa_flags=0x00000000


---------------  S Y S T E M  ---------------

OS:Ubuntu 15.10 (wily)
uname:Linux 4.2.0-18-generic #22-Ubuntu SMP Fri Nov 6 23:32:28 UTC 2015 i686
libc:glibc 2.21 NPTL 2.21 
rlimit: STACK 8192k, CORE 0k, NPROC 29724, NOFILE 65536, AS infinity
load average:14.81 4.79 2.45

/proc/meminfo:
MemTotal:        3837900 kB
MemFree:          116156 kB
MemAvailable:     141384 kB
Buffers:             284 kB
Cached:           386600 kB
SwapCached:            0 kB
Active:          3297516 kB
Inactive:         332176 kB
Active(anon):    3283792 kB
Inactive(anon):   314600 kB
Active(file):      13724 kB
Inactive(file):    17576 kB
Unevictable:         124 kB
Mlocked:             124 kB
HighTotal:       2981304 kB
HighFree:           3604 kB
LowTotal:         856596 kB
LowFree:          112552 kB
SwapTotal:             0 kB
SwapFree:              0 kB
Dirty:               132 kB
Writeback:             0 kB
AnonPages:       3243092 kB
Mapped:           241548 kB
Shmem:            355424 kB
Slab:              41704 kB
SReclaimable:      18504 kB
SUnreclaim:        23200 kB
KernelStack:        5888 kB
PageTables:        24240 kB
NFS_Unstable:          0 kB
Bounce:                0 kB
WritebackTmp:          0 kB
CommitLimit:     1918948 kB
Committed_AS:   10916780 kB
VmallocTotal:     122880 kB
VmallocUsed:       15628 kB
VmallocChunk:      53252 kB
AnonHugePages:   1671168 kB
CmaTotal:              0 kB
CmaFree:               0 kB
HugePages_Total:       0
HugePages_Free:        0
HugePages_Rsvd:        0
HugePages_Surp:        0
Hugepagesize:       2048 kB
DirectMap4k:       75768 kB
DirectMap2M:      835584 kB


CPU:total 2 (2 cores per cpu, 1 threads per core) family 6 model 58 stepping 9, cmov, cx8, fxsr, mmx, sse, sse2, sse3, ssse3, sse4.1, sse4.2, popcnt, erms, tsc, tscinvbit, tscinv

/proc/cpuinfo:
processor	: 0
vendor_id	: GenuineIntel
cpu family	: 6
model		: 58
model name	: Intel(R) Pentium(R) CPU G2020 @ 2.90GHz
stepping	: 9
microcode	: 0x12
cpu MHz		: 1648.015
cache size	: 3072 KB
physical id	: 0
siblings	: 2
core id		: 0
cpu cores	: 2
apicid		: 0
initial apicid	: 0
fdiv_bug	: no
f00f_bug	: no
coma_bug	: no
fpu		: yes
fpu_exception	: yes
cpuid level	: 13
wp		: yes
flags		: fpu vme de pse tsc msr pae mce cx8 apic sep mtrr pge mca cmov pat pse36 clflush dts acpi mmx fxsr sse sse2 ss ht tm pbe nx rdtscp lm constant_tsc arch_perfmon pebs bts xtopology nonstop_tsc aperfmperf eagerfpu pni pclmulqdq dtes64 monitor ds_cpl vmx est tm2 ssse3 cx16 xtpr pdcm pcid sse4_1 sse4_2 popcnt tsc_deadline_timer xsave lahf_lm arat epb pln pts dtherm tpr_shadow vnmi flexpriority ept vpid fsgsbase smep erms xsaveopt
bugs		:
bogomips	: 5787.20
clflush size	: 64
cache_alignment	: 64
address sizes	: 36 bits physical, 48 bits virtual
power management:

processor	: 1
vendor_id	: GenuineIntel
cpu family	: 6
model		: 58
model name	: Intel(R) Pentium(R) CPU G2020 @ 2.90GHz
stepping	: 9
microcode	: 0x12
cpu MHz		: 1682.339
cache size	: 3072 KB
physical id	: 0
siblings	: 2
core id		: 1
cpu cores	: 2
apicid		: 2
initial apicid	: 2
fdiv_bug	: no
f00f_bug	: no
coma_bug	: no
fpu		: yes
fpu_exception	: yes
cpuid level	: 13
wp		: yes
flags		: fpu vme de pse tsc msr pae mce cx8 apic sep mtrr pge mca cmov pat pse36 clflush dts acpi mmx fxsr sse sse2 ss ht tm pbe nx rdtscp lm constant_tsc arch_perfmon pebs bts xtopology nonstop_tsc aperfmperf eagerfpu pni pclmulqdq dtes64 monitor ds_cpl vmx est tm2 ssse3 cx16 xtpr pdcm pcid sse4_1 sse4_2 popcnt tsc_deadline_timer xsave lahf_lm arat epb pln pts dtherm tpr_shadow vnmi flexpriority ept vpid fsgsbase smep erms xsaveopt
bugs		:
bogomips	: 5787.20
clflush size	: 64
cache_alignment	: 64
address sizes	: 36 bits physical, 48 bits virtual
power management:



Memory: 4k page, physical 3837900k(116156k free), swap 0k(0k free)

vm_info: OpenJDK Server VM (24.85-b03) for linux-x86 JRE (1.7.0_85-b01), built on Oct 22 2015 09:11:51 by "buildd" with gcc 5.2.1 20151010

time: Thu Dec  3 15:26:53 2015
elapsed time: 38 seconds

