#
# There is insufficient memory for the Java Runtime Environment to continue.
# Native memory allocation (malloc) failed to allocate 77594624 bytes for committing reserved memory.
# Possible reasons:
#   The system is out of physical RAM or swap space
#   In 32 bit mode, the process size limit was hit
# Possible solutions:
#   Reduce memory load on the system
#   Increase physical memory or swap space
#   Check if swap backing store is full
#   Use 64 bit Java on a 64 bit OS
#   Decrease Java heap size (-Xmx/-Xms)
#   Decrease number of Java threads
#   Decrease Java thread stack sizes (-Xss)
#   Set larger code cache with -XX:ReservedCodeCacheSize=
# This output file may be truncated or incomplete.
#
#  Out of Memory Error (os_linux.cpp:2827), pid=10176, tid=1743575872
#
# JRE version: OpenJDK Runtime Environment (7.0_85-b01) (build 1.7.0_85-b01)
# Java VM: OpenJDK Server VM (24.85-b03 mixed mode linux-x86 )
# Derivative: IcedTea 2.6.1
# Distribution: Ubuntu 15.10, package 7u85-2.6.1-5ubuntu0.15.10.1
# Failed to write core dump. Core dumps have been disabled. To enable core dumping, try "ulimit -c unlimited" before starting Java again
#

---------------  T H R E A D  ---------------

Current thread (0x67d10c00):  VMThread [stack: 0x67e4d000,0x67ece000] [id=10183]

Stack: [0x67e4d000,0x67ece000]
VM_Operation (0xb638dd8c): ParallelGCFailedAllocation, mode: safepoint, requested by thread 0xb620a400


---------------  P R O C E S S  ---------------

Java Threads: ( => current thread )
  0x67d2d400 JavaThread "Service Thread" daemon [_thread_blocked, id=10189, stack(0x678ba000,0x6790b000)]
  0x67d2b400 JavaThread "C2 CompilerThread1" daemon [_thread_blocked, id=10188, stack(0x6790b000,0x6798c000)]
  0x67d29400 JavaThread "C2 CompilerThread0" daemon [_thread_blocked, id=10187, stack(0x6798c000,0x67a0d000)]
  0x67d27800 JavaThread "Signal Dispatcher" daemon [_thread_blocked, id=10186, stack(0x67a0d000,0x67a5e000)]
  0x67d15000 JavaThread "Finalizer" daemon [_thread_blocked, id=10185, stack(0x67c5e000,0x67caf000)]
  0x67d13400 JavaThread "Reference Handler" daemon [_thread_blocked, id=10184, stack(0x67caf000,0x67d00000)]
  0xb620a400 JavaThread "main" [_thread_blocked, id=10180, stack(0xb633e000,0xb638f000)]

Other Threads:
=>0x67d10c00 VMThread [stack: 0x67e4d000,0x67ece000] [id=10183]
  0x67d2f000 WatcherThread [stack: 0x67839000,0x678ba000] [id=10190]

VM state:at safepoint (normal execution)

VM Mutex/Monitor currently owned by a thread:  ([mutex/lock_event])
[0xb6207ba0] Threads_lock - owner thread: 0x67d10c00
[0xb6207fb0] Heap_lock - owner thread: 0xb620a400

Heap
 PSYoungGen      total 257792K, used 9018K [0x9db40000, 0xae6c0000, 0xb30c0000)
  eden space 243712K, 0% used [0x9db40000,0x9db40000,0xac940000)
  from space 14080K, 64% used [0xac940000,0xad20ea38,0xad700000)
  to   space 12032K, 0% used [0xad700000,0xad700000,0xae2c0000)
 ParOldGen       total 39936K, used 29453K [0x730c0000, 0x757c0000, 0x9db40000)
  object space 39936K, 73% used [0x730c0000,0x74d83768,0x757c0000)
 PSPermGen       total 16384K, used 5370K [0x6b0c0000, 0x6c0c0000, 0x730c0000)
  object space 16384K, 32% used [0x6b0c0000,0x6b5febc0,0x6c0c0000)

Card table byte_map: [0x6ae7f000,0x6b0c0000] byte_map_base: 0x6ab26a00

Polling page: 0xb7759000

Code Cache  [0xb31b9000, 0xb34e9000, 0xb61b9000)
 total_blobs=1272 nmethods=1137 adapters=89 free_code_cache=45938Kb largest_free_block=47009728

Compilation events (10 events):
Event: 10.046 Thread 0x67d2b400 nmethod 1166 0xb343ab48 code [0xb343ac20, 0xb343ac70]
Event: 10.046 Thread 0x67d2b400 1167             com.android.dx.io.instructions.DecodedInstruction::getAUnit (46 bytes)
Event: 10.047 Thread 0x67d2b400 nmethod 1167 0xb343a8c8 code [0xb343a9c0, 0xb343aa50]
Event: 10.047 Thread 0x67d2b400 1168             com.android.dx.io.instructions.RegisterRangeDecodedInstruction::getA (5 bytes)
Event: 10.047 Thread 0x67d2b400 nmethod 1168 0xb34d00c8 code [0xb34d01a0, 0xb34d01f0]
Event: 10.050 Thread 0x67d29400 nmethod 1164 0xb34d1888 code [0xb34d19a0, 0xb34d1b90]
Event: 10.056 Thread 0x67d2b400 1169             com.android.dx.io.instructions.InstructionCodec$7::decode (50 bytes)
Event: 10.058 Thread 0x67d2b400 nmethod 1169 0xb34d1388 code [0xb34d14a0, 0xb34d16b0]
Event: 10.059 Thread 0x67d2b400 1170             com.android.dx.io.instructions.InstructionCodec$7::encode (23 bytes)
Event: 10.060 Thread 0x67d2b400 nmethod 1170 0xb3427348 code [0xb3427440, 0xb3427570]

GC Heap History (10 events):
Event: 3.381 GC heap after
Heap after GC invocations=4 (full 0):
 PSYoungGen      total 63744K, used 2292K [0x9db40000, 0xa1bc0000, 0xb30c0000)
  eden space 61440K, 0% used [0x9db40000,0x9db40000,0xa1740000)
  from space 2304K, 99% used [0xa1980000,0xa1bbd020,0xa1bc0000)
  to   space 2304K, 0% used [0xa1740000,0xa1740000,0xa1980000)
 ParOldGen       total 39936K, used 18753K [0x730c0000, 0x757c0000, 0x9db40000)
  object space 39936K, 46% used [0x730c0000,0x74310660,0x757c0000)
 PSPermGen       total 16384K, used 4111K [0x6b0c0000, 0x6c0c0000, 0x730c0000)
  object space 16384K, 25% used [0x6b0c0000,0x6b4c3f40,0x6c0c0000)
}
Event: 7.825 GC heap before
{Heap before GC invocations=5 (full 0):
 PSYoungGen      total 63744K, used 63732K [0x9db40000, 0xa1bc0000, 0xb30c0000)
  eden space 61440K, 100% used [0x9db40000,0xa1740000,0xa1740000)
  from space 2304K, 99% used [0xa1980000,0xa1bbd020,0xa1bc0000)
  to   space 2304K, 0% used [0xa1740000,0xa1740000,0xa1980000)
 ParOldGen       total 39936K, used 18753K [0x730c0000, 0x757c0000, 0x9db40000)
  object space 39936K, 46% used [0x730c0000,0x74310660,0x757c0000)
 PSPermGen       total 16384K, used 5276K [0x6b0c0000, 0x6c0c0000, 0x730c0000)
  object space 16384K, 32% used [0x6b0c0000,0x6b5e72b8,0x6c0c0000)
Event: 7.848 GC heap after
Heap after GC invocations=5 (full 0):
 PSYoungGen      total 63744K, used 2293K [0x9db40000, 0xa6cc0000, 0xb30c0000)
  eden space 61440K, 0% used [0x9db40000,0x9db40000,0xa1740000)
  from space 2304K, 99% used [0xa1740000,0xa197d420,0xa1980000)
  to   space 13056K, 0% used [0xa6000000,0xa6000000,0xa6cc0000)
 ParOldGen       total 39936K, used 26725K [0x730c0000, 0x757c0000, 0x9db40000)
  object space 39936K, 66% used [0x730c0000,0x74ad9708,0x757c0000)
 PSPermGen       total 16384K, used 5276K [0x6b0c0000, 0x6c0c0000, 0x730c0000)
  object space 16384K, 32% used [0x6b0c0000,0x6b5e72b8,0x6c0c0000)
}
Event: 8.262 GC heap before
{Heap before GC invocations=6 (full 0):
 PSYoungGen      total 63744K, used 63733K [0x9db40000, 0xa6cc0000, 0xb30c0000)
  eden space 61440K, 100% used [0x9db40000,0xa1740000,0xa1740000)
  from space 2304K, 99% used [0xa1740000,0xa197d420,0xa1980000)
  to   space 13056K, 0% used [0xa6000000,0xa6000000,0xa6cc0000)
 ParOldGen       total 39936K, used 26725K [0x730c0000, 0x757c0000, 0x9db40000)
  object space 39936K, 66% used [0x730c0000,0x74ad9708,0x757c0000)
 PSPermGen       total 16384K, used 5351K [0x6b0c0000, 0x6c0c0000, 0x730c0000)
  object space 16384K, 32% used [0x6b0c0000,0x6b5f9d78,0x6c0c0000)
Event: 8.286 GC heap after
Heap after GC invocations=6 (full 0):
 PSYoungGen      total 134912K, used 8401K [0x9db40000, 0xa6bc0000, 0xb30c0000)
  eden space 122880K, 0% used [0x9db40000,0x9db40000,0xa5340000)
  from space 12032K, 69% used [0xa6000000,0xa6834498,0xa6bc0000)
  to   space 12544K, 0% used [0xa5340000,0xa5340000,0xa5f80000)
 ParOldGen       total 39936K, used 26725K [0x730c0000, 0x757c0000, 0x9db40000)
  object space 39936K, 66% used [0x730c0000,0x74ad9708,0x757c0000)
 PSPermGen       total 16384K, used 5351K [0x6b0c0000, 0x6c0c0000, 0x730c0000)
  object space 16384K, 32% used [0x6b0c0000,0x6b5f9d78,0x6c0c0000)
}
Event: 8.960 GC heap before
{Heap before GC invocations=7 (full 0):
 PSYoungGen      total 134912K, used 131281K [0x9db40000, 0xa6bc0000, 0xb30c0000)
  eden space 122880K, 100% used [0x9db40000,0xa5340000,0xa5340000)
  from space 12032K, 69% used [0xa6000000,0xa6834498,0xa6bc0000)
  to   space 12544K, 0% used [0xa5340000,0xa5340000,0xa5f80000)
 ParOldGen       total 39936K, used 26725K [0x730c0000, 0x757c0000, 0x9db40000)
  object space 39936K, 66% used [0x730c0000,0x74ad9708,0x757c0000)
 PSPermGen       total 16384K, used 5362K [0x6b0c0000, 0x6c0c0000, 0x730c0000)
  object space 16384K, 32% used [0x6b0c0000,0x6b5fcb50,0x6c0c0000)
Event: 8.983 GC heap after
Heap after GC invocations=7 (full 0):
 PSYoungGen      total 135424K, used 8013K [0x9db40000, 0xae2c0000, 0xb30c0000)
  eden space 122880K, 0% used [0x9db40000,0x9db40000,0xa5340000)
  from space 12544K, 63% used [0xa5340000,0xa5b134a8,0xa5f80000)
  to   space 12032K, 0% used [0xad700000,0xad700000,0xae2c0000)
 ParOldGen       total 39936K, used 27380K [0x730c0000, 0x757c0000, 0x9db40000)
  object space 39936K, 68% used [0x730c0000,0x74b7d2e8,0x757c0000)
 PSPermGen       total 16384K, used 5362K [0x6b0c0000, 0x6c0c0000, 0x730c0000)
  object space 16384K, 32% used [0x6b0c0000,0x6b5fcb50,0x6c0c0000)
}
Event: 9.440 GC heap before
{Heap before GC invocations=8 (full 0):
 PSYoungGen      total 135424K, used 130893K [0x9db40000, 0xae2c0000, 0xb30c0000)
  eden space 122880K, 100% used [0x9db40000,0xa5340000,0xa5340000)
  from space 12544K, 63% used [0xa5340000,0xa5b134a8,0xa5f80000)
  to   space 12032K, 0% used [0xad700000,0xad700000,0xae2c0000)
 ParOldGen       total 39936K, used 27380K [0x730c0000, 0x757c0000, 0x9db40000)
  object space 39936K, 68% used [0x730c0000,0x74b7d2e8,0x757c0000)
 PSPermGen       total 16384K, used 5367K [0x6b0c0000, 0x6c0c0000, 0x730c0000)
  object space 16384K, 32% used [0x6b0c0000,0x6b5fdf18,0x6c0c0000)
Event: 9.469 GC heap after
Heap after GC invocations=8 (full 0):
 PSYoungGen      total 255744K, used 12022K [0x9db40000, 0xae6c0000, 0xb30c0000)
  eden space 243712K, 0% used [0x9db40000,0x9db40000,0xac940000)
  from space 12032K, 99% used [0xad700000,0xae2bd820,0xae2c0000)
  to   space 14080K, 0% used [0xac940000,0xac940000,0xad700000)
 ParOldGen       total 39936K, used 28801K [0x730c0000, 0x757c0000, 0x9db40000)
  object space 39936K, 72% used [0x730c0000,0x74ce05d8,0x757c0000)
 PSPermGen       total 16384K, used 5367K [0x6b0c0000, 0x6c0c0000, 0x730c0000)
  object space 16384K, 32% used [0x6b0c0000,0x6b5fdf18,0x6c0c0000)
}
Event: 10.131 GC heap before
{Heap before GC invocations=9 (full 0):
 PSYoungGen      total 255744K, used 254311K [0x9db40000, 0xae6c0000, 0xb30c0000)
  eden space 243712K, 99% used [0x9db40000,0xac7dc4b0,0xac940000)
  from space 12032K, 99% used [0xad700000,0xae2bd820,0xae2c0000)
  to   space 14080K, 0% used [0xac940000,0xac940000,0xad700000)
 ParOldGen       total 39936K, used 28801K [0x730c0000, 0x757c0000, 0x9db40000)
  object space 39936K, 72% used [0x730c0000,0x74ce05d8,0x757c0000)
 PSPermGen       total 16384K, used 5370K [0x6b0c0000, 0x6c0c0000, 0x730c0000)
  object space 16384K, 32% used [0x6b0c0000,0x6b5febc0,0x6c0c0000)

Deoptimization events (10 events):
Event: 8.614 Thread 0xb620a400 Uncommon trap: reason=unstable_if action=reinterpret pc=0xb325503c method=com.android.dex.Mutf8.countBytes(Ljava/lang/String;Z)J @ 35
Event: 8.614 Thread 0xb620a400 Uncommon trap: reason=unstable_if action=reinterpret pc=0xb3423274 method=com.android.dex.Mutf8.encode([BILjava/lang/String;)V @ 31
Event: 8.663 Thread 0xb620a400 Uncommon trap: reason=array_check action=maybe_recompile pc=0xb34af91c method=java.util.TimSort.binarySort([Ljava/lang/Object;IIILjava/util/Comparator;)V @ 215
Event: 8.663 Thread 0xb620a400 Uncommon trap: reason=array_check action=maybe_recompile pc=0xb34af91c method=java.util.TimSort.binarySort([Ljava/lang/Object;IIILjava/util/Comparator;)V @ 215
Event: 8.740 Thread 0xb620a400 Uncommon trap: reason=unstable_if action=reinterpret pc=0xb3237b20 method=com.android.dex.Mutf8.countBytes(Ljava/lang/String;Z)J @ 35
Event: 8.826 Thread 0xb620a400 Uncommon trap: reason=unstable_if action=reinterpret pc=0xb3236644 method=com.android.dex.Mutf8.countBytes(Ljava/lang/String;Z)J @ 35
Event: 8.847 Thread 0xb620a400 Uncommon trap: reason=unstable_if action=reinterpret pc=0xb34b3fc4 method=java.util.ComparableTimSort.mergeHi(IIII)V @ 553
Event: 8.915 Thread 0xb620a400 Uncommon trap: reason=unstable_if action=reinterpret pc=0xb3254314 method=com.android.dex.Mutf8.countBytes(Ljava/lang/String;Z)J @ 35
Event: 8.952 Thread 0xb620a400 Uncommon trap: reason=unstable_if action=reinterpret pc=0xb3490cd4 method=com.android.dx.merge.DexMerger.transformAnnotationDirectory(Lcom/android/dex/Dex$Section;Lcom/android/dx/merge/IndexMap;)V @ 199
Event: 9.644 Thread 0xb620a400 Uncommon trap: reason=unstable_if action=reinterpret pc=0xb34ce7bc method=java.util.ComparableTimSort.mergeLo(IIII)V @ 522

Internal exceptions (10 events):
Event: 5.540 Thread 0xb620a400 Threw 0x9ef8d478 at /build/openjdk-7-Qyh454/openjdk-7-7u85-2.6.1/build/openjdk/hotspot/src/share/vm/prims/jvm.cpp:1322
Event: 5.545 Thread 0xb620a400 Threw 0x9ef943f0 at /build/openjdk-7-Qyh454/openjdk-7-7u85-2.6.1/build/openjdk/hotspot/src/share/vm/prims/jvm.cpp:1322
Event: 5.545 Thread 0xb620a400 Threw 0x9ef96eb0 at /build/openjdk-7-Qyh454/openjdk-7-7u85-2.6.1/build/openjdk/hotspot/src/share/vm/prims/jvm.cpp:1322
Event: 5.973 Thread 0xb620a400 Threw 0x9f14b630 at /build/openjdk-7-Qyh454/openjdk-7-7u85-2.6.1/build/openjdk/hotspot/src/share/vm/prims/jvm.cpp:1322
Event: 5.973 Thread 0xb620a400 Threw 0x9f14b748 at /build/openjdk-7-Qyh454/openjdk-7-7u85-2.6.1/build/openjdk/hotspot/src/share/vm/prims/jvm.cpp:1322
Event: 5.974 Thread 0xb620a400 Threw 0x9f14db98 at /build/openjdk-7-Qyh454/openjdk-7-7u85-2.6.1/build/openjdk/hotspot/src/share/vm/prims/jvm.cpp:1322
Event: 5.974 Thread 0xb620a400 Threw 0x9f14dcb0 at /build/openjdk-7-Qyh454/openjdk-7-7u85-2.6.1/build/openjdk/hotspot/src/share/vm/prims/jvm.cpp:1322
Event: 5.974 Thread 0xb620a400 Threw 0x9f14e620 at /build/openjdk-7-Qyh454/openjdk-7-7u85-2.6.1/build/openjdk/hotspot/src/share/vm/prims/jvm.cpp:1322
Event: 5.974 Thread 0xb620a400 Threw 0x9f14e738 at /build/openjdk-7-Qyh454/openjdk-7-7u85-2.6.1/build/openjdk/hotspot/src/share/vm/prims/jvm.cpp:1322
Event: 7.594 Thread 0xb620a400 Threw 0xa04e6408 at /build/openjdk-7-Qyh454/openjdk-7-7u85-2.6.1/build/openjdk/hotspot/src/share/vm/prims/jvm.cpp:1322

Events (10 events):
Event: 9.469 Executing VM operation: ParallelGCFailedAllocation done
Event: 9.507 Thread 0x67d2b400 flushing nmethod 0xb322cb48
Event: 9.507 Thread 0x67d2b400 flushing nmethod 0xb3235ac8
Event: 9.644 Thread 0xb620a400 Uncommon trap: trap_request=0xffffff75 fr.pc=0xb34ce7bc
Event: 9.644 Thread 0xb620a400 DEOPT PACKING pc=0xb34ce7bc sp=0xb638dcb0
Event: 9.644 Thread 0xb620a400 DEOPT UNPACKING pc=0xb31e5bc8 sp=0xb638dccc mode 2
Event: 10.042 Thread 0x67d29400 flushing nmethod 0xb3427348
Event: 10.042 Thread 0x67d29400 flushing nmethod 0xb3427588
Event: 10.044 Thread 0x67d2b400 flushing nmethod 0xb343a8c8
Event: 10.131 Executing VM operation: ParallelGCFailedAllocation


Dynamic libraries:
08048000-08049000 r-xp 00000000 08:07 3540783    /usr/lib/jvm/java-7-openjdk-i386/jre/bin/java
08049000-0804a000 r--p 00000000 08:07 3540783    /usr/lib/jvm/java-7-openjdk-i386/jre/bin/java
0804a000-0804b000 rw-p 00001000 08:07 3540783    /usr/lib/jvm/java-7-openjdk-i386/jre/bin/java
09d43000-0a59f000 rw-p 00000000 00:00 0          [heap]
66100000-661fd000 rw-p 00000000 00:00 0 
661fd000-66200000 ---p 00000000 00:00 0 
66300000-663ff000 rw-p 00000000 00:00 0 
663ff000-66400000 ---p 00000000 00:00 0 
66500000-665f2000 rw-p 00000000 00:00 0 
665f2000-66600000 ---p 00000000 00:00 0 
66600000-666ff000 rw-p 00000000 00:00 0 
666ff000-66700000 ---p 00000000 00:00 0 
66700000-66800000 rw-p 00000000 00:00 0 
66900000-66937000 rw-p 00000000 00:00 0 
66937000-66a00000 ---p 00000000 00:00 0 
66a56000-66c17000 rw-p 00000000 00:00 0 
66c17000-66d3c000 r-xp 00000000 08:07 5899442    /lib/i386-linux-gnu/libglib-2.0.so.0.4600.1
66d3c000-66d3d000 r--p 00124000 08:07 5899442    /lib/i386-linux-gnu/libglib-2.0.so.0.4600.1
66d3d000-66d3e000 rw-p 00125000 08:07 5899442    /lib/i386-linux-gnu/libglib-2.0.so.0.4600.1
66d3e000-66efb000 r-xp 00000000 08:07 3019098    /usr/lib/i386-linux-gnu/libgio-2.0.so.0.4600.1
66efb000-66efc000 ---p 001bd000 08:07 3019098    /usr/lib/i386-linux-gnu/libgio-2.0.so.0.4600.1
66efc000-66efe000 r--p 001bd000 08:07 3019098    /usr/lib/i386-linux-gnu/libgio-2.0.so.0.4600.1
66efe000-66eff000 rw-p 001bf000 08:07 3019098    /usr/lib/i386-linux-gnu/libgio-2.0.so.0.4600.1
66eff000-66f00000 rw-p 00000000 00:00 0 
66f00000-66ffc000 rw-p 00000000 00:00 0 
66ffc000-67000000 ---p 00000000 00:00 0 
67100000-67200000 rw-p 00000000 00:00 0 
67300000-673fb000 rw-p 00000000 00:00 0 
673fb000-67400000 ---p 00000000 00:00 0 
6748d000-674fe000 r-xp 00000000 08:07 5898310    /lib/i386-linux-gnu/libpcre.so.3.13.1
674fe000-674ff000 r--p 00070000 08:07 5898310    /lib/i386-linux-gnu/libpcre.so.3.13.1
674ff000-67500000 rw-p 00071000 08:07 5898310    /lib/i386-linux-gnu/libpcre.so.3.13.1
67500000-675fe000 rw-p 00000000 00:00 0 
675fe000-67600000 ---p 00000000 00:00 0 
6762c000-67640000 r-xp 00000000 08:07 5899505    /lib/i386-linux-gnu/libresolv-2.21.so
67640000-67642000 r--p 00013000 08:07 5899505    /lib/i386-linux-gnu/libresolv-2.21.so
67642000-67643000 rw-p 00015000 08:07 5899505    /lib/i386-linux-gnu/libresolv-2.21.so
67643000-67645000 rw-p 00000000 00:00 0 
67645000-676a1000 r-xp 00000000 08:07 3019097    /usr/lib/i386-linux-gnu/libgobject-2.0.so.0.4600.1
676a1000-676a2000 ---p 0005c000 08:07 3019097    /usr/lib/i386-linux-gnu/libgobject-2.0.so.0.4600.1
676a2000-676a3000 r--p 0005c000 08:07 3019097    /usr/lib/i386-linux-gnu/libgobject-2.0.so.0.4600.1
676a3000-676a4000 rw-p 0005d000 08:07 3019097    /usr/lib/i386-linux-gnu/libgobject-2.0.so.0.4600.1
676a4000-676a7000 ---p 00000000 00:00 0 
676a7000-676f5000 rw-p 00000000 00:00 0 
676f5000-676f8000 ---p 00000000 00:00 0 
676f8000-67746000 rw-p 00000000 00:00 0 
67746000-67749000 ---p 00000000 00:00 0 
67749000-67797000 rw-p 00000000 00:00 0 
67797000-6779a000 ---p 00000000 00:00 0 
6779a000-677e8000 rw-p 00000000 00:00 0 
677e8000-677eb000 ---p 00000000 00:00 0 
677eb000-67839000 rw-p 00000000 00:00 0 
67839000-6783a000 ---p 00000000 00:00 0 
6783a000-678ba000 rw-p 00000000 00:00 0          [stack:10190]
678ba000-678bd000 ---p 00000000 00:00 0 
678bd000-6790b000 rw-p 00000000 00:00 0          [stack:10189]
6790b000-6790e000 ---p 00000000 00:00 0 
6790e000-6798c000 rw-p 00000000 00:00 0          [stack:10188]
6798c000-6798f000 ---p 00000000 00:00 0 
6798f000-67a0d000 rw-p 00000000 00:00 0          [stack:10187]
67a0d000-67a10000 ---p 00000000 00:00 0 
67a10000-67a5e000 rw-p 00000000 00:00 0          [stack:10186]
67a5e000-67c5e000 r--p 00000000 08:07 3023765    /usr/lib/locale/locale-archive
67c5e000-67c61000 ---p 00000000 00:00 0 
67c61000-67caf000 rw-p 00000000 00:00 0          [stack:10185]
67caf000-67cb2000 ---p 00000000 00:00 0 
67cb2000-67d00000 rw-p 00000000 00:00 0          [stack:10184]
67d00000-67e00000 rw-p 00000000 00:00 0 
67e07000-67e2c000 r-xp 00000000 08:07 5898256    /lib/i386-linux-gnu/libselinux.so.1
67e2c000-67e2d000 r--p 00024000 08:07 5898256    /lib/i386-linux-gnu/libselinux.so.1
67e2d000-67e2e000 rw-p 00025000 08:07 5898256    /lib/i386-linux-gnu/libselinux.so.1
67e2e000-67e2f000 rw-p 00000000 00:00 0 
67e4d000-67e4e000 ---p 00000000 00:00 0 
67e4e000-67ece000 rw-p 00000000 00:00 0          [stack:10183]
67ece000-68080000 r--s 01d30000 08:07 3540802    /usr/lib/jvm/java-7-openjdk-i386/jre/lib/rt.jar
68080000-6a900000 rw-p 00000000 00:00 0 
6a900000-6a9fc000 rw-p 00000000 00:00 0 
6a9fc000-6aa00000 ---p 00000000 00:00 0 
6aa06000-6aa0b000 r--s 0004e000 08:07 3540851    /usr/lib/jvm/java-7-openjdk-i386/jre/lib/jsse.jar
6aa0b000-6aa22000 r-xp 00000000 08:07 3540840    /usr/lib/jvm/java-7-openjdk-i386/jre/lib/i386/libnet.so
6aa22000-6aa23000 r--p 00016000 08:07 3540840    /usr/lib/jvm/java-7-openjdk-i386/jre/lib/i386/libnet.so
6aa23000-6aa24000 rw-p 00017000 08:07 3540840    /usr/lib/jvm/java-7-openjdk-i386/jre/lib/i386/libnet.so
6aa24000-6aa34000 r-xp 00000000 08:07 3540808    /usr/lib/jvm/java-7-openjdk-i386/jre/lib/i386/libnio.so
6aa34000-6aa35000 r--p 0000f000 08:07 3540808    /usr/lib/jvm/java-7-openjdk-i386/jre/lib/i386/libnio.so
6aa35000-6aa36000 rw-p 00010000 08:07 3540808    /usr/lib/jvm/java-7-openjdk-i386/jre/lib/i386/libnio.so
6aa36000-6aa7f000 rw-p 00000000 00:00 0 
6aa7f000-6aa80000 ---p 00000000 00:00 0 
6aa80000-6ab00000 rw-p 00000000 00:00 0          [stack:10182]
6ab00000-6ab21000 rw-p 00000000 00:00 0 
6ab21000-6ac00000 ---p 00000000 00:00 0 
6ac03000-6ac0a000 r-xp 00000000 08:07 3015859    /usr/lib/i386-linux-gnu/libffi.so.6.0.4
6ac0a000-6ac0c000 r--p 00006000 08:07 3015859    /usr/lib/i386-linux-gnu/libffi.so.6.0.4
6ac0c000-6ac0d000 rw-p 00008000 08:07 3015859    /usr/lib/i386-linux-gnu/libffi.so.6.0.4
6ac0d000-6ac68000 rw-p 00000000 00:00 0 
6ac68000-6ac69000 ---p 00000000 00:00 0 
6ac69000-6acf1000 rw-p 00000000 00:00 0          [stack:10181]
6acf1000-6ad29000 rw-p 00000000 00:00 0 
6ad29000-6ad3d000 rw-p 00000000 00:00 0 
6ad3d000-6ae7f000 rw-p 00000000 00:00 0 
6ae7f000-6ae87000 rw-p 00000000 00:00 0 
6ae87000-6aebf000 rw-p 00000000 00:00 0 
6aebf000-6aed3000 rw-p 00000000 00:00 0 
6aed3000-6b014000 rw-p 00000000 00:00 0 
6b014000-6b09a000 rw-p 00000000 00:00 0 
6b09a000-6b0bf000 rw-p 00000000 00:00 0 
6b0bf000-6c0c0000 rw-p 00000000 00:00 0 
6c0c0000-730c0000 rw-p 00000000 00:00 0 
730c0000-757c0000 rw-p 00000000 00:00 0 
757c0000-9db40000 rw-p 00000000 00:00 0 
9db40000-ae6c0000 rw-p 00000000 00:00 0 
b30c2000-b30c5000 r-xp 00000000 08:07 3019772    /usr/lib/i386-linux-gnu/libgmodule-2.0.so.0.4600.1
b30c5000-b30c6000 r--p 00002000 08:07 3019772    /usr/lib/i386-linux-gnu/libgmodule-2.0.so.0.4600.1
b30c6000-b30c7000 rw-p 00003000 08:07 3019772    /usr/lib/i386-linux-gnu/libgmodule-2.0.so.0.4600.1
b30c7000-b30d6000 r--s 000df000 08:07 2622907    /home/akhil/Android Linux/Sdk/build-tools/23.0.0_rc3/lib/dx.jar
b30d6000-b30da000 r--s 00085000 08:07 3540795    /usr/lib/jvm/java-7-openjdk-i386/jre/lib/ext/localedata.jar
b30da000-b30de000 r--s 0003c000 08:07 3540798    /usr/lib/jvm/java-7-openjdk-i386/jre/lib/ext/sunpkcs11.jar
b30de000-b3106000 rw-p 00000000 00:00 0 
b3106000-b31b9000 rw-p 00000000 00:00 0 
b31b9000-b34e9000 rwxp 00000000 00:00 0 
b34e9000-b61b9000 rw-p 00000000 00:00 0 
b61b9000-b61c5000 r-xp 00000000 08:07 5899452    /lib/i386-linux-gnu/libnss_files-2.21.so
b61c5000-b61c6000 r--p 0000b000 08:07 5899452    /lib/i386-linux-gnu/libnss_files-2.21.so
b61c6000-b61c7000 rw-p 0000c000 08:07 5899452    /lib/i386-linux-gnu/libnss_files-2.21.so
b61c7000-b61de000 r-xp 00000000 08:07 5899446    /lib/i386-linux-gnu/libnsl-2.21.so
b61de000-b61df000 r--p 00016000 08:07 5899446    /lib/i386-linux-gnu/libnsl-2.21.so
b61df000-b61e0000 rw-p 00017000 08:07 5899446    /lib/i386-linux-gnu/libnsl-2.21.so
b61e0000-b61e2000 rw-p 00000000 00:00 0 
b61e3000-b61e5000 r--s 00007000 08:07 3412741    /usr/share/java/java-atk-wrapper.jar
b61e5000-b61e8000 r--s 0000f000 08:07 3540796    /usr/lib/jvm/java-7-openjdk-i386/jre/lib/ext/icedtea-sound.jar
b61e8000-b61ea000 r--s 00012000 08:07 3540794    /usr/lib/jvm/java-7-openjdk-i386/jre/lib/ext/zipfs.jar
b61ea000-b61ee000 r--s 00034000 08:07 3540797    /usr/lib/jvm/java-7-openjdk-i386/jre/lib/ext/sunjce_provider.jar
b61ee000-b61f6000 r-xp 00000000 08:07 3540812    /usr/lib/jvm/java-7-openjdk-i386/jre/lib/i386/libzip.so
b61f6000-b61f7000 r--p 00007000 08:07 3540812    /usr/lib/jvm/java-7-openjdk-i386/jre/lib/i386/libzip.so
b61f7000-b61f8000 rw-p 00008000 08:07 3540812    /usr/lib/jvm/java-7-openjdk-i386/jre/lib/i386/libzip.so
b61f8000-b6200000 rw-s 00000000 08:07 4725680    /tmp/hsperfdata_akhil/10176
b6200000-b62ff000 rw-p 00000000 00:00 0 
b62ff000-b6300000 ---p 00000000 00:00 0 
b6300000-b630b000 r-xp 00000000 08:07 5899462    /lib/i386-linux-gnu/libnss_nis-2.21.so
b630b000-b630c000 r--p 0000a000 08:07 5899462    /lib/i386-linux-gnu/libnss_nis-2.21.so
b630c000-b630d000 rw-p 0000b000 08:07 5899462    /lib/i386-linux-gnu/libnss_nis-2.21.so
b630d000-b6333000 r-xp 00000000 08:07 3540820    /usr/lib/jvm/java-7-openjdk-i386/jre/lib/i386/libjava.so
b6333000-b6334000 r--p 00025000 08:07 3540820    /usr/lib/jvm/java-7-openjdk-i386/jre/lib/i386/libjava.so
b6334000-b6335000 rw-p 00026000 08:07 3540820    /usr/lib/jvm/java-7-openjdk-i386/jre/lib/i386/libjava.so
b6335000-b633c000 r-xp 00000000 08:07 5899507    /lib/i386-linux-gnu/librt-2.21.so
b633c000-b633d000 r--p 00006000 08:07 5899507    /lib/i386-linux-gnu/librt-2.21.so
b633d000-b633e000 rw-p 00007000 08:07 5899507    /lib/i386-linux-gnu/librt-2.21.so
b633e000-b6341000 ---p 00000000 00:00 0 
b6341000-b638f000 rw-p 00000000 00:00 0          [stack:10180]
b638f000-b63ab000 r-xp 00000000 08:07 5899524    /lib/i386-linux-gnu/libgcc_s.so.1
b63ab000-b63ac000 r--p 0001b000 08:07 5899524    /lib/i386-linux-gnu/libgcc_s.so.1
b63ac000-b63ad000 rw-p 0001c000 08:07 5899524    /lib/i386-linux-gnu/libgcc_s.so.1
b63ad000-b63f8000 r-xp 00000000 08:07 5899425    /lib/i386-linux-gnu/libm-2.21.so
b63f8000-b63f9000 r--p 0004a000 08:07 5899425    /lib/i386-linux-gnu/libm-2.21.so
b63f9000-b63fa000 rw-p 0004b000 08:07 5899425    /lib/i386-linux-gnu/libm-2.21.so
b63fa000-b6567000 r-xp 00000000 08:07 3019096    /usr/lib/i386-linux-gnu/libstdc++.so.6.0.21
b6567000-b6568000 ---p 0016d000 08:07 3019096    /usr/lib/i386-linux-gnu/libstdc++.so.6.0.21
b6568000-b656d000 r--p 0016d000 08:07 3019096    /usr/lib/i386-linux-gnu/libstdc++.so.6.0.21
b656d000-b656e000 rw-p 00172000 08:07 3019096    /usr/lib/i386-linux-gnu/libstdc++.so.6.0.21
b656e000-b6571000 rw-p 00000000 00:00 0 
b6571000-b70d7000 r-xp 00000000 08:07 3540828    /usr/lib/jvm/java-7-openjdk-i386/jre/lib/i386/server/libjvm.so
b70d7000-b7122000 r--p 00b65000 08:07 3540828    /usr/lib/jvm/java-7-openjdk-i386/jre/lib/i386/server/libjvm.so
b7122000-b7136000 rw-p 00bb0000 08:07 3540828    /usr/lib/jvm/java-7-openjdk-i386/jre/lib/i386/server/libjvm.so
b7136000-b7554000 rw-p 00000000 00:00 0 
b7554000-b756d000 r-xp 00000000 08:07 5898319    /lib/i386-linux-gnu/libz.so.1.2.8
b756d000-b756e000 r--p 00018000 08:07 5898319    /lib/i386-linux-gnu/libz.so.1.2.8
b756e000-b756f000 rw-p 00019000 08:07 5898319    /lib/i386-linux-gnu/libz.so.1.2.8
b756f000-b7588000 r-xp 00000000 08:07 5899499    /lib/i386-linux-gnu/libpthread-2.21.so
b7588000-b7589000 r--p 00018000 08:07 5899499    /lib/i386-linux-gnu/libpthread-2.21.so
b7589000-b758a000 rw-p 00019000 08:07 5899499    /lib/i386-linux-gnu/libpthread-2.21.so
b758a000-b758c000 rw-p 00000000 00:00 0 
b758c000-b758f000 r-xp 00000000 08:07 5899383    /lib/i386-linux-gnu/libdl-2.21.so
b758f000-b7590000 r--p 00002000 08:07 5899383    /lib/i386-linux-gnu/libdl-2.21.so
b7590000-b7591000 rw-p 00003000 08:07 5899383    /lib/i386-linux-gnu/libdl-2.21.so
b7591000-b7745000 r-xp 00000000 08:07 5899366    /lib/i386-linux-gnu/libc-2.21.so
b7745000-b7748000 r--p 001b3000 08:07 5899366    /lib/i386-linux-gnu/libc-2.21.so
b7748000-b774a000 rw-p 001b6000 08:07 5899366    /lib/i386-linux-gnu/libc-2.21.so
b774a000-b774c000 rw-p 00000000 00:00 0 
b774c000-b774d000 r--s 00002000 08:07 3540799    /usr/lib/jvm/java-7-openjdk-i386/jre/lib/ext/dnsns.jar
b774d000-b774e000 r--p 005db000 08:07 3023765    /usr/lib/locale/locale-archive
b774e000-b7756000 r-xp 00000000 08:07 5899448    /lib/i386-linux-gnu/libnss_compat-2.21.so
b7756000-b7757000 r--p 00007000 08:07 5899448    /lib/i386-linux-gnu/libnss_compat-2.21.so
b7757000-b7758000 rw-p 00008000 08:07 5899448    /lib/i386-linux-gnu/libnss_compat-2.21.so
b7758000-b7759000 rw-p 00000000 00:00 0 
b7759000-b775a000 ---p 00000000 00:00 0 
b775a000-b7768000 r-xp 00000000 08:07 3540836    /usr/lib/jvm/java-7-openjdk-i386/jre/lib/i386/libverify.so
b7768000-b7769000 r--p 0000d000 08:07 3540836    /usr/lib/jvm/java-7-openjdk-i386/jre/lib/i386/libverify.so
b7769000-b776a000 rw-p 0000e000 08:07 3540836    /usr/lib/jvm/java-7-openjdk-i386/jre/lib/i386/libverify.so
b776a000-b7776000 r-xp 00000000 08:07 3540837    /usr/lib/jvm/java-7-openjdk-i386/jre/lib/i386/jli/libjli.so
b7776000-b7777000 r--p 0000b000 08:07 3540837    /usr/lib/jvm/java-7-openjdk-i386/jre/lib/i386/jli/libjli.so
b7777000-b7778000 rw-p 0000c000 08:07 3540837    /usr/lib/jvm/java-7-openjdk-i386/jre/lib/i386/jli/libjli.so
b7778000-b777b000 rw-p 00000000 00:00 0 
b777b000-b777d000 r--p 00000000 00:00 0          [vvar]
b777d000-b777e000 r-xp 00000000 00:00 0          [vdso]
b777e000-b77a0000 r-xp 00000000 08:07 5899338    /lib/i386-linux-gnu/ld-2.21.so
b77a0000-b77a1000 r--p 00021000 08:07 5899338    /lib/i386-linux-gnu/ld-2.21.so
b77a1000-b77a2000 rw-p 00022000 08:07 5899338    /lib/i386-linux-gnu/ld-2.21.so
bfc75000-bfc76000 rwxp 00000000 00:00 0 
bfca7000-bfcc9000 rw-p 00000000 00:00 0          [stack]

VM Arguments:
jvm_args: -Xmx1024M -Dfile.encoding=UTF-8 -Duser.country=IN -Duser.language=en -Duser.variant 
java_command: com.android.dx.command.Main --dex --num-threads=4 --output /home/akhil/Android Linux/AndroidStudio Workspace/Textile/app/build/intermediates/dex/debug /home/akhil/Android Linux/AndroidStudio Workspace/Textile/app/build/intermediates/classes/debug /home/akhil/Android Linux/AndroidStudio Workspace/Textile/app/build/intermediates/pre-dexed/debug/classes-71beb609d6323c855ed08673eb03139001b55d9f.jar /home/akhil/Android Linux/AndroidStudio Workspace/Textile/app/build/intermediates/pre-dexed/debug/support-annotations-23.1.1-35ee8c546ff778083969bc7d0e3ef22f113bc5bf.jar /home/akhil/Android Linux/AndroidStudio Workspace/Textile/app/build/intermediates/pre-dexed/debug/classes-58f0b0d6a4edcdeac544dace6d11bcb5a80e2590.jar /home/akhil/Android Linux/AndroidStudio Workspace/Textile/app/build/intermediates/pre-dexed/debug/internal_impl-22.2.0-233fc29cc9b9ada3b229788ce7050ffd18ed36d5.jar /home/akhil/Android Linux/AndroidStudio Workspace/Textile/app/build/intermediates/pre-dexed/debug/classes-12fa6e63f5ddf94ea2935d4276e64fd88455dfa0.jar /home/akhil/Android Linux/AndroidStudio Workspace/Textile/app/build/intermediates/pre-dexed/debug/classes-0fe60d16f36dfb31c32263b0e5e1a2143d73a2a5.jar /home/akhil/Android Linux/AndroidStudio Workspace/Textile/app/build/intermediates/pre-dexed/debug/classes-3f98a252866722f8cdbaf23c50cc3a7c292ae1d3.jar /home/akhil/Android Linux/AndroidStudio Workspace/Textile/app/build/intermediates/pre-dexed/debug/classes-b24a6ea5e7c803bc628ff0e4619bd45b1a3f4d24.jar /home/akhil/Android Linux/AndroidStudio Workspace/Textile/app/build/intermediates/pre-dexed/debug/classes-e4f0e40870c1db141295d4247ec7df7692efe548.jar /home/akhil/Android Linux/AndroidStudio Workspace/Textile/app/build/intermediates/pre-dexed/debug/classes-193b7b3ae8fcc1aee4883d237953ddf8ff545966.jar /home/akhil/Android Linux/AndroidStudio Workspace/Textile/app/build/intermediates/pre-dexed/debug/classes-0bff68b1dd44efa636de2c4c019173483e678edc.jar /home/akhil/Android Linux/AndroidStudio Work
Launcher Type: SUN_STANDARD

Environment Variables:
PATH=/usr/local/sbin:/usr/local/bin:/usr/sbin:/usr/bin:/sbin:/bin:/usr/games:/usr/local/games
LD_LIBRARY_PATH=/home/akhil/Android Linux/New Android studio/android-studio/bin:
SHELL=/bin/bash
DISPLAY=:0

Signal Handlers:
SIGSEGV: [libjvm.so+0x80e660], sa_mask[0]=0x7ffbfeff, sa_flags=0x10000004
SIGBUS: [libjvm.so+0x80e660], sa_mask[0]=0x7ffbfeff, sa_flags=0x10000004
SIGFPE: [libjvm.so+0x688620], sa_mask[0]=0x7ffbfeff, sa_flags=0x10000004
SIGPIPE: [libjvm.so+0x688620], sa_mask[0]=0x7ffbfeff, sa_flags=0x10000004
SIGXFSZ: [libjvm.so+0x688620], sa_mask[0]=0x7ffbfeff, sa_flags=0x10000004
SIGILL: [libjvm.so+0x688620], sa_mask[0]=0x7ffbfeff, sa_flags=0x10000004
SIGUSR1: SIG_DFL, sa_mask[0]=0x00000000, sa_flags=0x00000000
SIGUSR2: [libjvm.so+0x688470], sa_mask[0]=0x00000004, sa_flags=0x10000004
SIGHUP: [libjvm.so+0x688650], sa_mask[0]=0x7ffbfeff, sa_flags=0x10000004
SIGINT: [libjvm.so+0x688650], sa_mask[0]=0x7ffbfeff, sa_flags=0x10000004
SIGTERM: [libjvm.so+0x688650], sa_mask[0]=0x7ffbfeff, sa_flags=0x10000004
SIGQUIT: [libjvm.so+0x688650], sa_mask[0]=0x7ffbfeff, sa_flags=0x10000004
SIGTRAP: SIG_DFL, sa_mask[0]=0x00000000, sa_flags=0x00000000


---------------  S Y S T E M  ---------------

OS:Ubuntu 15.10 (wily)
uname:Linux 4.2.0-18-generic #22-Ubuntu SMP Fri Nov 6 23:32:28 UTC 2015 i686
libc:glibc 2.21 NPTL 2.21 
rlimit: STACK 8192k, CORE 0k, NPROC 29724, NOFILE 65536, AS infinity
load average:4.10 2.25 2.28

/proc/meminfo:
MemTotal:        3837900 kB
MemFree:          116528 kB
MemAvailable:     140000 kB
Buffers:             344 kB
Cached:           398340 kB
SwapCached:            0 kB
Active:          3279764 kB
Inactive:         341812 kB
Active(anon):    3268296 kB
Inactive(anon):   328008 kB
Active(file):      11468 kB
Inactive(file):    13804 kB
Unevictable:         120 kB
Mlocked:             120 kB
HighTotal:       2981304 kB
HighFree:           3596 kB
LowTotal:         856596 kB
LowFree:          112932 kB
SwapTotal:             0 kB
SwapFree:              0 kB
Dirty:                80 kB
Writeback:             0 kB
AnonPages:       3223096 kB
Mapped:           205616 kB
Shmem:            373332 kB
Slab:              48840 kB
SReclaimable:      22776 kB
SUnreclaim:        26064 kB
KernelStack:        5560 kB
PageTables:        21728 kB
NFS_Unstable:          0 kB
Bounce:                0 kB
WritebackTmp:          0 kB
CommitLimit:     1918948 kB
Committed_AS:   11018844 kB
VmallocTotal:     122880 kB
VmallocUsed:       16664 kB
VmallocChunk:      53228 kB
AnonHugePages:   1880064 kB
CmaTotal:              0 kB
CmaFree:               0 kB
HugePages_Total:       0
HugePages_Free:        0
HugePages_Rsvd:        0
HugePages_Surp:        0
Hugepagesize:       2048 kB
DirectMap4k:       55288 kB
DirectMap2M:      856064 kB


CPU:total 2 (2 cores per cpu, 1 threads per core) family 6 model 58 stepping 9, cmov, cx8, fxsr, mmx, sse, sse2, sse3, ssse3, sse4.1, sse4.2, popcnt, erms, tsc, tscinvbit, tscinv

/proc/cpuinfo:
processor	: 0
vendor_id	: GenuineIntel
cpu family	: 6
model		: 58
model name	: Intel(R) Pentium(R) CPU G2020 @ 2.90GHz
stepping	: 9
microcode	: 0x12
cpu MHz		: 2900.000
cache size	: 3072 KB
physical id	: 0
siblings	: 2
core id		: 0
cpu cores	: 2
apicid		: 0
initial apicid	: 0
fdiv_bug	: no
f00f_bug	: no
coma_bug	: no
fpu		: yes
fpu_exception	: yes
cpuid level	: 13
wp		: yes
flags		: fpu vme de pse tsc msr pae mce cx8 apic sep mtrr pge mca cmov pat pse36 clflush dts acpi mmx fxsr sse sse2 ss ht tm pbe nx rdtscp lm constant_tsc arch_perfmon pebs bts xtopology nonstop_tsc aperfmperf eagerfpu pni pclmulqdq dtes64 monitor ds_cpl vmx est tm2 ssse3 cx16 xtpr pdcm pcid sse4_1 sse4_2 popcnt tsc_deadline_timer xsave lahf_lm arat epb pln pts dtherm tpr_shadow vnmi flexpriority ept vpid fsgsbase smep erms xsaveopt
bugs		:
bogomips	: 5786.82
clflush size	: 64
cache_alignment	: 64
address sizes	: 36 bits physical, 48 bits virtual
power management:

processor	: 1
vendor_id	: GenuineIntel
cpu family	: 6
model		: 58
model name	: Intel(R) Pentium(R) CPU G2020 @ 2.90GHz
stepping	: 9
microcode	: 0x12
cpu MHz		: 2900.000
cache size	: 3072 KB
physical id	: 0
siblings	: 2
core id		: 1
cpu cores	: 2
apicid		: 2
initial apicid	: 2
fdiv_bug	: no
f00f_bug	: no
coma_bug	: no
fpu		: yes
fpu_exception	: yes
cpuid level	: 13
wp		: yes
flags		: fpu vme de pse tsc msr pae mce cx8 apic sep mtrr pge mca cmov pat pse36 clflush dts acpi mmx fxsr sse sse2 ss ht tm pbe nx rdtscp lm constant_tsc arch_perfmon pebs bts xtopology nonstop_tsc aperfmperf eagerfpu pni pclmulqdq dtes64 monitor ds_cpl vmx est tm2 ssse3 cx16 xtpr pdcm pcid sse4_1 sse4_2 popcnt tsc_deadline_timer xsave lahf_lm arat epb pln pts dtherm tpr_shadow vnmi flexpriority ept vpid fsgsbase smep erms xsaveopt
bugs		:
bogomips	: 5786.82
clflush size	: 64
cache_alignment	: 64
address sizes	: 36 bits physical, 48 bits virtual
power management:



Memory: 4k page, physical 3837900k(116528k free), swap 0k(0k free)

vm_info: OpenJDK Server VM (24.85-b03) for linux-x86 JRE (1.7.0_85-b01), built on Oct 22 2015 09:11:51 by "buildd" with gcc 5.2.1 20151010

time: Thu Nov 26 16:30:16 2015
elapsed time: 20 seconds

