#
# There is insufficient memory for the Java Runtime Environment to continue.
# Native memory allocation (malloc) failed to allocate 88342528 bytes for committing reserved memory.
# Possible reasons:
#   The system is out of physical RAM or swap space
#   In 32 bit mode, the process size limit was hit
# Possible solutions:
#   Reduce memory load on the system
#   Increase physical memory or swap space
#   Check if swap backing store is full
#   Use 64 bit Java on a 64 bit OS
#   Decrease Java heap size (-Xmx/-Xms)
#   Decrease number of Java threads
#   Decrease Java thread stack sizes (-Xss)
#   Set larger code cache with -XX:ReservedCodeCacheSize=
# This output file may be truncated or incomplete.
#
#  Out of Memory Error (os_linux.cpp:2827), pid=14312, tid=1743276864
#
# JRE version: OpenJDK Runtime Environment (7.0_85-b01) (build 1.7.0_85-b01)
# Java VM: OpenJDK Server VM (24.85-b03 mixed mode linux-x86 )
# Derivative: IcedTea 2.6.1
# Distribution: Ubuntu 15.10, package 7u85-2.6.1-5ubuntu0.15.10.1
# Failed to write core dump. Core dumps have been disabled. To enable core dumping, try "ulimit -c unlimited" before starting Java again
#

---------------  T H R E A D  ---------------

Current thread (0x67d10400):  VMThread [stack: 0x67e04000,0x67e85000] [id=14319]

Stack: [0x67e04000,0x67e85000]
VM_Operation (0x670ffaf4): ParallelGCFailedAllocation, mode: safepoint, requested by thread 0x67dce000


---------------  P R O C E S S  ---------------

Java Threads: ( => current thread )
  0x67dce000 JavaThread "pool-1-thread-4" [_thread_blocked, id=14332, stack(0x670b0000,0x67101000)]
  0x67dcb400 JavaThread "pool-1-thread-3" [_thread_blocked, id=14331, stack(0x67101000,0x67152000)]
  0x67dca800 JavaThread "pool-1-thread-2" [_thread_blocked, id=14330, stack(0x67152000,0x671a3000)]
  0x67dc8c00 JavaThread "pool-2-thread-1" [_thread_blocked, id=14329, stack(0x671a3000,0x671f4000)]
  0x67dc7c00 JavaThread "pool-1-thread-1" [_thread_blocked, id=14328, stack(0x671f4000,0x67245000)]
  0x67d2b800 JavaThread "Service Thread" daemon [_thread_blocked, id=14325, stack(0x678ba000,0x6790b000)]
  0x67d29c00 JavaThread "C2 CompilerThread1" daemon [_thread_blocked, id=14324, stack(0x6790b000,0x6798c000)]
  0x67d27c00 JavaThread "C2 CompilerThread0" daemon [_thread_blocked, id=14323, stack(0x6798c000,0x67a0d000)]
  0x67d26000 JavaThread "Signal Dispatcher" daemon [_thread_blocked, id=14322, stack(0x67a0d000,0x67a5e000)]
  0x67d14400 JavaThread "Finalizer" daemon [_thread_blocked, id=14321, stack(0x67c5e000,0x67caf000)]
  0x67d12c00 JavaThread "Reference Handler" daemon [_thread_blocked, id=14320, stack(0x67caf000,0x67d00000)]
  0xb6207c00 JavaThread "main" [_thread_blocked, id=14314, stack(0xb6301000,0xb6352000)]

Other Threads:
=>0x67d10400 VMThread [stack: 0x67e04000,0x67e85000] [id=14319]
  0x67d2d800 WatcherThread [stack: 0x67839000,0x678ba000] [id=14326]

VM state:at safepoint (normal execution)

VM Mutex/Monitor currently owned by a thread:  ([mutex/lock_event])
[0xb62052c0] Threads_lock - owner thread: 0x67d10400
[0xb62056d0] Heap_lock - owner thread: 0x67dce000

Heap
 PSYoungGen      total 63744K, used 2304K [0x9db00000, 0xa1b80000, 0xb3080000)
  eden space 61440K, 0% used [0x9db00000,0x9db00000,0xa1700000)
  from space 2304K, 100% used [0xa1700000,0xa1940000,0xa1940000)
  to   space 2304K, 0% used [0xa1940000,0xa1940000,0xa1b80000)
 ParOldGen       total 73728K, used 55857K [0x73080000, 0x77880000, 0x9db00000)
  object space 73728K, 75% used [0x73080000,0x7670c5e0,0x77880000)
 PSPermGen       total 16384K, used 4105K [0x6b080000, 0x6c080000, 0x73080000)
  object space 16384K, 25% used [0x6b080000,0x6b482468,0x6c080000)

Card table byte_map: [0x6ae3f000,0x6b080000] byte_map_base: 0x6aae6c00

Polling page: 0xb771c000

Code Cache  [0xb317b000, 0xb33bb000, 0xb617b000)
 total_blobs=328 nmethods=206 adapters=76 free_code_cache=48389Kb largest_free_block=49520192

Compilation events (10 events):
Event: 3.937 Thread 0x67d27c00 nmethod 201 0xb3215b88 code [0xb3215c80, 0xb3215e10]
Event: 3.937 Thread 0x67d27c00  202             java.util.BitSet::or (105 bytes)
Event: 3.957 Thread 0x67d27c00 nmethod 202 0xb321ee48 code [0xb321ef60, 0xb321f190]
Event: 3.957 Thread 0x67d27c00  203             com.android.dx.util.IntList::mutableCopy (39 bytes)
Event: 3.997 Thread 0x67d27c00 nmethod 203 0xb31fbec8 code [0xb31fc000, 0xb31fc530]
Event: 3.997 Thread 0x67d27c00  204             com.android.dx.ssa.SCCP::run (298 bytes)
Event: 4.894 Thread 0x67d29c00 nmethod 188 0xb3237148 code [0xb32376c0, 0xb3239f80]
Event: 4.894 Thread 0x67d29c00  206             com.android.dx.ssa.SsaMethod::bitSetFromLabelList (47 bytes)
Event: 4.929 Thread 0x67d29c00 nmethod 206 0xb3234bc8 code [0xb3234ce0, 0xb32351f0]
Event: 4.929 Thread 0x67d29c00  207             com.android.dx.ssa.SCCP::simulateBranch (666 bytes)

GC Heap History (10 events):
Event: 1.350 GC heap after
Heap after GC invocations=1 (full 0):
 PSYoungGen      total 17664K, used 2292K [0x9db00000, 0x9fd80000, 0xb3080000)
  eden space 15360K, 0% used [0x9db00000,0x9db00000,0x9ea00000)
  from space 2304K, 99% used [0x9ea00000,0x9ec3d030,0x9ec40000)
  to   space 2304K, 0% used [0x9fb40000,0x9fb40000,0x9fd80000)
 ParOldGen       total 39936K, used 2110K [0x73080000, 0x75780000, 0x9db00000)
  object space 39936K, 5% used [0x73080000,0x7328fad8,0x75780000)
 PSPermGen       total 16384K, used 3954K [0x6b080000, 0x6c080000, 0x73080000)
  object space 16384K, 24% used [0x6b080000,0x6b45c858,0x6c080000)
}
Event: 2.287 GC heap before
{Heap before GC invocations=2 (full 0):
 PSYoungGen      total 17664K, used 17652K [0x9db00000, 0x9fd80000, 0xb3080000)
  eden space 15360K, 100% used [0x9db00000,0x9ea00000,0x9ea00000)
  from space 2304K, 99% used [0x9ea00000,0x9ec3d030,0x9ec40000)
  to   space 2304K, 0% used [0x9fb40000,0x9fb40000,0x9fd80000)
 ParOldGen       total 39936K, used 2110K [0x73080000, 0x75780000, 0x9db00000)
  object space 39936K, 5% used [0x73080000,0x7328fad8,0x75780000)
 PSPermGen       total 16384K, used 4056K [0x6b080000, 0x6c080000, 0x73080000)
  object space 16384K, 24% used [0x6b080000,0x6b476268,0x6c080000)
Event: 2.324 GC heap after
Heap after GC invocations=2 (full 0):
 PSYoungGen      total 33024K, used 2303K [0x9db00000, 0x9fd80000, 0xb3080000)
  eden space 30720K, 0% used [0x9db00000,0x9db00000,0x9f900000)
  from space 2304K, 99% used [0x9fb40000,0x9fd7fdb8,0x9fd80000)
  to   space 2304K, 0% used [0x9f900000,0x9f900000,0x9fb40000)
 ParOldGen       total 39936K, used 5347K [0x73080000, 0x75780000, 0x9db00000)
  object space 39936K, 13% used [0x73080000,0x735b8e30,0x75780000)
 PSPermGen       total 16384K, used 4056K [0x6b080000, 0x6c080000, 0x73080000)
  object space 16384K, 24% used [0x6b080000,0x6b476268,0x6c080000)
}
Event: 4.043 GC heap before
{Heap before GC invocations=3 (full 0):
 PSYoungGen      total 33024K, used 33023K [0x9db00000, 0x9fd80000, 0xb3080000)
  eden space 30720K, 100% used [0x9db00000,0x9f900000,0x9f900000)
  from space 2304K, 99% used [0x9fb40000,0x9fd7fdb8,0x9fd80000)
  to   space 2304K, 0% used [0x9f900000,0x9f900000,0x9fb40000)
 ParOldGen       total 39936K, used 5347K [0x73080000, 0x75780000, 0x9db00000)
  object space 39936K, 13% used [0x73080000,0x735b8e30,0x75780000)
 PSPermGen       total 16384K, used 4086K [0x6b080000, 0x6c080000, 0x73080000)
  object space 16384K, 24% used [0x6b080000,0x6b47d850,0x6c080000)
Event: 4.120 GC heap after
Heap after GC invocations=3 (full 0):
 PSYoungGen      total 33024K, used 2303K [0x9db00000, 0xa1b80000, 0xb3080000)
  eden space 30720K, 0% used [0x9db00000,0x9db00000,0x9f900000)
  from space 2304K, 99% used [0x9f900000,0x9fb3fca8,0x9fb40000)
  to   space 2304K, 0% used [0xa1940000,0xa1940000,0xa1b80000)
 ParOldGen       total 39936K, used 13155K [0x73080000, 0x75780000, 0x9db00000)
  object space 39936K, 32% used [0x73080000,0x73d58e08,0x75780000)
 PSPermGen       total 16384K, used 4086K [0x6b080000, 0x6c080000, 0x73080000)
  object space 16384K, 24% used [0x6b080000,0x6b47d850,0x6c080000)
}
Event: 4.963 GC heap before
{Heap before GC invocations=4 (full 0):
 PSYoungGen      total 33024K, used 33023K [0x9db00000, 0xa1b80000, 0xb3080000)
  eden space 30720K, 100% used [0x9db00000,0x9f900000,0x9f900000)
  from space 2304K, 99% used [0x9f900000,0x9fb3fca8,0x9fb40000)
  to   space 2304K, 0% used [0xa1940000,0xa1940000,0xa1b80000)
 ParOldGen       total 39936K, used 13155K [0x73080000, 0x75780000, 0x9db00000)
  object space 39936K, 32% used [0x73080000,0x73d58e08,0x75780000)
 PSPermGen       total 16384K, used 4099K [0x6b080000, 0x6c080000, 0x73080000)
  object space 16384K, 25% used [0x6b080000,0x6b480fc0,0x6c080000)
Event: 5.100 GC heap after
Heap after GC invocations=4 (full 0):
 PSYoungGen      total 63744K, used 2292K [0x9db00000, 0xa1b80000, 0xb3080000)
  eden space 61440K, 0% used [0x9db00000,0x9db00000,0xa1700000)
  from space 2304K, 99% used [0xa1940000,0xa1b7d158,0xa1b80000)
  to   space 2304K, 0% used [0xa1700000,0xa1700000,0xa1940000)
 ParOldGen       total 39936K, used 34028K [0x73080000, 0x75780000, 0x9db00000)
  object space 39936K, 85% used [0x73080000,0x751bb030,0x75780000)
 PSPermGen       total 16384K, used 4099K [0x6b080000, 0x6c080000, 0x73080000)
  object space 16384K, 25% used [0x6b080000,0x6b480fc0,0x6c080000)
}
Event: 5.138 GC heap before
{Heap before GC invocations=5 (full 1):
 PSYoungGen      total 63744K, used 2292K [0x9db00000, 0xa1b80000, 0xb3080000)
  eden space 61440K, 0% used [0x9db00000,0x9db00000,0xa1700000)
  from space 2304K, 99% used [0xa1940000,0xa1b7d158,0xa1b80000)
  to   space 2304K, 0% used [0xa1700000,0xa1700000,0xa1940000)
 ParOldGen       total 39936K, used 34028K [0x73080000, 0x75780000, 0x9db00000)
  object space 39936K, 85% used [0x73080000,0x751bb030,0x75780000)
 PSPermGen       total 16384K, used 4099K [0x6b080000, 0x6c080000, 0x73080000)
  object space 16384K, 25% used [0x6b080000,0x6b480fc0,0x6c080000)
Event: 5.672 GC heap after
Heap after GC invocations=5 (full 1):
 PSYoungGen      total 63744K, used 0K [0x9db00000, 0xa1b80000, 0xb3080000)
  eden space 61440K, 0% used [0x9db00000,0x9db00000,0xa1700000)
  from space 2304K, 0% used [0xa1940000,0xa1940000,0xa1b80000)
  to   space 2304K, 0% used [0xa1700000,0xa1700000,0xa1940000)
 ParOldGen       total 73728K, used 27892K [0x73080000, 0x77880000, 0x9db00000)
  object space 73728K, 37% used [0x73080000,0x74bbd328,0x77880000)
 PSPermGen       total 16384K, used 4098K [0x6b080000, 0x6c080000, 0x73080000)
  object space 16384K, 25% used [0x6b080000,0x6b480870,0x6c080000)
}
Event: 6.276 GC heap before
{Heap before GC invocations=6 (full 1):
 PSYoungGen      total 63744K, used 61440K [0x9db00000, 0xa1b80000, 0xb3080000)
  eden space 61440K, 100% used [0x9db00000,0xa1700000,0xa1700000)
  from space 2304K, 0% used [0xa1940000,0xa1940000,0xa1b80000)
  to   space 2304K, 0% used [0xa1700000,0xa1700000,0xa1940000)
 ParOldGen       total 73728K, used 27892K [0x73080000, 0x77880000, 0x9db00000)
  object space 73728K, 37% used [0x73080000,0x74bbd328,0x77880000)
 PSPermGen       total 16384K, used 4105K [0x6b080000, 0x6c080000, 0x73080000)
  object space 16384K, 25% used [0x6b080000,0x6b482468,0x6c080000)

Deoptimization events (10 events):
Event: 1.904 Thread 0x67dca800 Uncommon trap: reason=class_check action=maybe_recompile pc=0xb31d71c8 method=com.android.dx.ssa.NormalSsaInsn.accept(Lcom/android/dx/ssa/SsaInsn$Visitor;)V @ 9
Event: 2.353 Thread 0x67dc7c00 Uncommon trap: reason=class_check action=maybe_recompile pc=0xb31d71c8 method=com.android.dx.ssa.NormalSsaInsn.accept(Lcom/android/dx/ssa/SsaInsn$Visitor;)V @ 9
Event: 2.431 Thread 0x67dc7c00 Uncommon trap: reason=class_check action=maybe_recompile pc=0xb31d71c8 method=com.android.dx.ssa.NormalSsaInsn.accept(Lcom/android/dx/ssa/SsaInsn$Visitor;)V @ 9
Event: 2.774 Thread 0x67dca800 Uncommon trap: reason=bimorphic action=maybe_recompile pc=0xb3200874 method=com.android.dx.cf.code.BytecodeArray.parseInstruction(ILcom/android/dx/cf/code/BytecodeArray$Visitor;)I @ 1501
Event: 2.775 Thread 0x67dca800 Uncommon trap: reason=bimorphic action=maybe_recompile pc=0xb3200874 method=com.android.dx.cf.code.BytecodeArray.parseInstruction(ILcom/android/dx/cf/code/BytecodeArray$Visitor;)I @ 1501
Event: 2.890 Thread 0xb6207c00 Uncommon trap: reason=null_check action=make_not_entrant pc=0xb31e5b10 method=com.android.dx.rop.type.Type.equals(Ljava/lang/Object;)Z @ 8
Event: 3.621 Thread 0x67dc7c00 Uncommon trap: reason=unstable_if action=reinterpret pc=0xb3204ff4 method=com.android.dx.cf.code.ByteCatchList.listFor(I)Lcom/android/dx/cf/code/ByteCatchList; @ 47
Event: 3.930 Thread 0xb6207c00 Uncommon trap: reason=null_check action=make_not_entrant pc=0xb322001c method=com.android.dx.rop.type.Type.putIntern(Lcom/android/dx/rop/type/Type;)Lcom/android/dx/rop/type/Type; @ 18
Event: 5.907 Thread 0xb6207c00 Uncommon trap: reason=unstable_if action=reinterpret pc=0xb3216668 method=java.util.HashMap.put(Ljava/lang/Object;Ljava/lang/Object;)Ljava/lang/Object; @ 86
Event: 6.157 Thread 0xb6207c00 Uncommon trap: reason=unstable_if action=reinterpret pc=0xb32394a8 method=com.android.dx.ssa.Dominators.run()V @ 346

Internal exceptions (10 events):
Event: 0.898 Thread 0x67dce000 Threw 0x9e4b2178 at /build/openjdk-7-Qyh454/openjdk-7-7u85-2.6.1/build/openjdk/hotspot/src/share/vm/prims/jvm.cpp:1322
Event: 0.917 Thread 0x67dce000 Threw 0x9e4bf658 at /build/openjdk-7-Qyh454/openjdk-7-7u85-2.6.1/build/openjdk/hotspot/src/share/vm/prims/jvm.cpp:1322
Event: 0.918 Thread 0x67dce000 Threw 0x9e4c5b48 at /build/openjdk-7-Qyh454/openjdk-7-7u85-2.6.1/build/openjdk/hotspot/src/share/vm/prims/jvm.cpp:1322
Event: 0.978 Thread 0x67dc7c00 Threw 0x9e5d92f8 at /build/openjdk-7-Qyh454/openjdk-7-7u85-2.6.1/build/openjdk/hotspot/src/share/vm/prims/jvm.cpp:1322
Event: 1.002 Thread 0x67dc7c00 Threw 0x9e5ef7b0 at /build/openjdk-7-Qyh454/openjdk-7-7u85-2.6.1/build/openjdk/hotspot/src/share/vm/prims/jvm.cpp:1322
Event: 1.414 Thread 0x67dca800 Threw 0x9dc8c9c0 at /build/openjdk-7-Qyh454/openjdk-7-7u85-2.6.1/build/openjdk/hotspot/src/share/vm/prims/jvm.cpp:1322
Event: 2.890 Thread 0xb6207c00 Implicit null exception at 0xb31e5a2b to 0xb31e5b02
Event: 3.551 Thread 0xb6207c00 Threw 0x9eeb1ff0 at /build/openjdk-7-Qyh454/openjdk-7-7u85-2.6.1/build/openjdk/hotspot/src/share/vm/prims/jvm.cpp:1322
Event: 3.930 Thread 0xb6207c00 Implicit null exception at 0xb321faaa to 0xb3220011
Event: 4.941 Thread 0x67dca800 Threw 0x9f8da790 at /build/openjdk-7-Qyh454/openjdk-7-7u85-2.6.1/build/openjdk/hotspot/src/share/vm/prims/jvm.cpp:1322

Events (10 events):
Event: 5.715 Executing VM operation: RevokeBias done
Event: 5.715 Executing VM operation: BulkRevokeBias
Event: 5.716 Executing VM operation: BulkRevokeBias done
Event: 5.907 Thread 0xb6207c00 Uncommon trap: trap_request=0xffffff75 fr.pc=0xb3216668
Event: 5.907 Thread 0xb6207c00 DEOPT PACKING pc=0xb3216668 sp=0xb63507d0
Event: 5.907 Thread 0xb6207c00 DEOPT UNPACKING pc=0xb31a7bc8 sp=0xb63507c0 mode 2
Event: 6.157 Thread 0xb6207c00 Uncommon trap: trap_request=0xffffff75 fr.pc=0xb32394a8
Event: 6.157 Thread 0xb6207c00 DEOPT PACKING pc=0xb32394a8 sp=0xb6350740
Event: 6.157 Thread 0xb6207c00 DEOPT UNPACKING pc=0xb31a7bc8 sp=0xb6350774 mode 2
Event: 6.270 Executing VM operation: ParallelGCFailedAllocation


Dynamic libraries:
08048000-08049000 r-xp 00000000 08:07 3540783    /usr/lib/jvm/java-7-openjdk-i386/jre/bin/java
08049000-0804a000 r--p 00000000 08:07 3540783    /usr/lib/jvm/java-7-openjdk-i386/jre/bin/java
0804a000-0804b000 rw-p 00001000 08:07 3540783    /usr/lib/jvm/java-7-openjdk-i386/jre/bin/java
09f93000-0ae97000 rw-p 00000000 00:00 0          [heap]
66600000-666fd000 rw-p 00000000 00:00 0 
666fd000-66700000 ---p 00000000 00:00 0 
66700000-667f8000 rw-p 00000000 00:00 0 
667f8000-66800000 ---p 00000000 00:00 0 
66800000-668ff000 rw-p 00000000 00:00 0 
668ff000-66900000 ---p 00000000 00:00 0 
66900000-669fd000 rw-p 00000000 00:00 0 
669fd000-66a00000 ---p 00000000 00:00 0 
66a00000-66b00000 rw-p 00000000 00:00 0 
66c00000-66ceb000 rw-p 00000000 00:00 0 
66ceb000-66d00000 ---p 00000000 00:00 0 
66d00000-66dff000 rw-p 00000000 00:00 0 
66dff000-66e00000 ---p 00000000 00:00 0 
66f00000-66fff000 rw-p 00000000 00:00 0 
66fff000-67000000 ---p 00000000 00:00 0 
670b0000-670b3000 ---p 00000000 00:00 0 
670b3000-67101000 rw-p 00000000 00:00 0          [stack:14332]
67101000-67104000 ---p 00000000 00:00 0 
67104000-67152000 rw-p 00000000 00:00 0          [stack:14331]
67152000-67155000 ---p 00000000 00:00 0 
67155000-671a3000 rw-p 00000000 00:00 0          [stack:14330]
671a3000-671a6000 ---p 00000000 00:00 0 
671a6000-671f4000 rw-p 00000000 00:00 0          [stack:14329]
671f4000-671f7000 ---p 00000000 00:00 0 
671f7000-67406000 rw-p 00000000 00:00 0          [stack:14328]
67406000-67477000 r-xp 00000000 08:07 5898310    /lib/i386-linux-gnu/libpcre.so.3.13.1
67477000-67478000 r--p 00070000 08:07 5898310    /lib/i386-linux-gnu/libpcre.so.3.13.1
67478000-67479000 rw-p 00071000 08:07 5898310    /lib/i386-linux-gnu/libpcre.so.3.13.1
67479000-6748d000 r-xp 00000000 08:07 5899505    /lib/i386-linux-gnu/libresolv-2.21.so
6748d000-6748f000 r--p 00013000 08:07 5899505    /lib/i386-linux-gnu/libresolv-2.21.so
6748f000-67490000 rw-p 00015000 08:07 5899505    /lib/i386-linux-gnu/libresolv-2.21.so
67490000-67492000 rw-p 00000000 00:00 0 
67492000-674b7000 r-xp 00000000 08:07 5898256    /lib/i386-linux-gnu/libselinux.so.1
674b7000-674b8000 r--p 00024000 08:07 5898256    /lib/i386-linux-gnu/libselinux.so.1
674b8000-674b9000 rw-p 00025000 08:07 5898256    /lib/i386-linux-gnu/libselinux.so.1
674b9000-674ba000 rw-p 00000000 00:00 0 
674ba000-675df000 r-xp 00000000 08:07 5899442    /lib/i386-linux-gnu/libglib-2.0.so.0.4600.1
675df000-675e0000 r--p 00124000 08:07 5899442    /lib/i386-linux-gnu/libglib-2.0.so.0.4600.1
675e0000-675e1000 rw-p 00125000 08:07 5899442    /lib/i386-linux-gnu/libglib-2.0.so.0.4600.1
675e1000-6763d000 r-xp 00000000 08:07 3019097    /usr/lib/i386-linux-gnu/libgobject-2.0.so.0.4600.1
6763d000-6763e000 ---p 0005c000 08:07 3019097    /usr/lib/i386-linux-gnu/libgobject-2.0.so.0.4600.1
6763e000-6763f000 r--p 0005c000 08:07 3019097    /usr/lib/i386-linux-gnu/libgobject-2.0.so.0.4600.1
6763f000-67640000 rw-p 0005d000 08:07 3019097    /usr/lib/i386-linux-gnu/libgobject-2.0.so.0.4600.1
67640000-677fd000 r-xp 00000000 08:07 3019098    /usr/lib/i386-linux-gnu/libgio-2.0.so.0.4600.1
677fd000-677fe000 ---p 001bd000 08:07 3019098    /usr/lib/i386-linux-gnu/libgio-2.0.so.0.4600.1
677fe000-67800000 r--p 001bd000 08:07 3019098    /usr/lib/i386-linux-gnu/libgio-2.0.so.0.4600.1
67800000-67801000 rw-p 001bf000 08:07 3019098    /usr/lib/i386-linux-gnu/libgio-2.0.so.0.4600.1
67801000-67802000 rw-p 00000000 00:00 0 
67820000-67837000 r-xp 00000000 08:07 3540840    /usr/lib/jvm/java-7-openjdk-i386/jre/lib/i386/libnet.so
67837000-67838000 r--p 00016000 08:07 3540840    /usr/lib/jvm/java-7-openjdk-i386/jre/lib/i386/libnet.so
67838000-67839000 rw-p 00017000 08:07 3540840    /usr/lib/jvm/java-7-openjdk-i386/jre/lib/i386/libnet.so
67839000-6783a000 ---p 00000000 00:00 0 
6783a000-678ba000 rw-p 00000000 00:00 0          [stack:14326]
678ba000-678bd000 ---p 00000000 00:00 0 
678bd000-6790b000 rw-p 00000000 00:00 0          [stack:14325]
6790b000-6790e000 ---p 00000000 00:00 0 
6790e000-6798c000 rw-p 00000000 00:00 0          [stack:14324]
6798c000-6798f000 ---p 00000000 00:00 0 
6798f000-67a0d000 rw-p 00000000 00:00 0          [stack:14323]
67a0d000-67a10000 ---p 00000000 00:00 0 
67a10000-67a5e000 rw-p 00000000 00:00 0          [stack:14322]
67a5e000-67c5e000 r--p 00000000 08:07 3023765    /usr/lib/locale/locale-archive
67c5e000-67c61000 ---p 00000000 00:00 0 
67c61000-67caf000 rw-p 00000000 00:00 0          [stack:14321]
67caf000-67cb2000 ---p 00000000 00:00 0 
67cb2000-67d00000 rw-p 00000000 00:00 0          [stack:14320]
67d00000-67dfe000 rw-p 00000000 00:00 0 
67dfe000-67e00000 ---p 00000000 00:00 0 
67e04000-67e05000 ---p 00000000 00:00 0 
67e05000-67ece000 rw-p 00000000 00:00 0          [stack:14319]
67ece000-68080000 r--s 01d30000 08:07 3540802    /usr/lib/jvm/java-7-openjdk-i386/jre/lib/rt.jar
68080000-6a900000 rw-p 00000000 00:00 0 
6a900000-6a9f9000 rw-p 00000000 00:00 0 
6a9f9000-6aa00000 ---p 00000000 00:00 0 
6aa12000-6aa22000 r-xp 00000000 08:07 3540808    /usr/lib/jvm/java-7-openjdk-i386/jre/lib/i386/libnio.so
6aa22000-6aa23000 r--p 0000f000 08:07 3540808    /usr/lib/jvm/java-7-openjdk-i386/jre/lib/i386/libnio.so
6aa23000-6aa24000 rw-p 00010000 08:07 3540808    /usr/lib/jvm/java-7-openjdk-i386/jre/lib/i386/libnio.so
6aa24000-6aa7f000 rw-p 00000000 00:00 0 
6aa7f000-6aa80000 ---p 00000000 00:00 0 
6aa80000-6ab00000 rw-p 00000000 00:00 0          [stack:14318]
6ab00000-6ab2e000 rw-p 00000000 00:00 0 
6ab2e000-6ac00000 ---p 00000000 00:00 0 
6ac06000-6ac0d000 r-xp 00000000 08:07 3015859    /usr/lib/i386-linux-gnu/libffi.so.6.0.4
6ac0d000-6ac0f000 r--p 00006000 08:07 3015859    /usr/lib/i386-linux-gnu/libffi.so.6.0.4
6ac0f000-6ac10000 rw-p 00008000 08:07 3015859    /usr/lib/i386-linux-gnu/libffi.so.6.0.4
6ac10000-6ac28000 r--s 000e7000 08:07 1325125    /home/akhil/Android Linux/AndroidStudio Workspace/Textile/app/build/intermediates/exploded-aar/com.google.android.gms/play-services-ads/8.3.0/jars/classes.jar
6ac28000-6ac29000 ---p 00000000 00:00 0 
6ac29000-6acb1000 rw-p 00000000 00:00 0          [stack:14317]
6acb1000-6ace9000 rw-p 00000000 00:00 0 
6ace9000-6ad0d000 rw-p 00000000 00:00 0 
6ad0d000-6ae3f000 rw-p 00000000 00:00 0 
6ae3f000-6ae47000 rw-p 00000000 00:00 0 
6ae47000-6ae7f000 rw-p 00000000 00:00 0 
6ae7f000-6aea3000 rw-p 00000000 00:00 0 
6aea3000-6afd4000 rw-p 00000000 00:00 0 
6afd4000-6aff5000 rw-p 00000000 00:00 0 
6aff5000-6b07f000 rw-p 00000000 00:00 0 
6b07f000-6c080000 rw-p 00000000 00:00 0 
6c080000-73080000 rw-p 00000000 00:00 0 
73080000-77880000 rw-p 00000000 00:00 0 
77880000-9db00000 rw-p 00000000 00:00 0 
9db00000-a1b80000 rw-p 00000000 00:00 0 
a6e00000-a6e41000 rw-p 00000000 00:00 0 
a6e41000-a6f00000 ---p 00000000 00:00 0 
a6fc0000-b3080000 rw-p 00000000 00:00 0 
b3084000-b3087000 r-xp 00000000 08:07 3019772    /usr/lib/i386-linux-gnu/libgmodule-2.0.so.0.4600.1
b3087000-b3088000 r--p 00002000 08:07 3019772    /usr/lib/i386-linux-gnu/libgmodule-2.0.so.0.4600.1
b3088000-b3089000 rw-p 00003000 08:07 3019772    /usr/lib/i386-linux-gnu/libgmodule-2.0.so.0.4600.1
b3089000-b3098000 r--s 000df000 08:07 2622907    /home/akhil/Android Linux/Sdk/build-tools/23.0.0_rc3/lib/dx.jar
b3098000-b309c000 r--s 00085000 08:07 3540795    /usr/lib/jvm/java-7-openjdk-i386/jre/lib/ext/localedata.jar
b309c000-b30a0000 r--s 0003c000 08:07 3540798    /usr/lib/jvm/java-7-openjdk-i386/jre/lib/ext/sunpkcs11.jar
b30a0000-b30c4000 rw-p 00000000 00:00 0 
b30c4000-b317b000 rw-p 00000000 00:00 0 
b317b000-b33bb000 rwxp 00000000 00:00 0 
b33bb000-b617b000 rw-p 00000000 00:00 0 
b617b000-b6187000 r-xp 00000000 08:07 5899452    /lib/i386-linux-gnu/libnss_files-2.21.so
b6187000-b6188000 r--p 0000b000 08:07 5899452    /lib/i386-linux-gnu/libnss_files-2.21.so
b6188000-b6189000 rw-p 0000c000 08:07 5899452    /lib/i386-linux-gnu/libnss_files-2.21.so
b6189000-b6194000 r-xp 00000000 08:07 5899462    /lib/i386-linux-gnu/libnss_nis-2.21.so
b6194000-b6195000 r--p 0000a000 08:07 5899462    /lib/i386-linux-gnu/libnss_nis-2.21.so
b6195000-b6196000 rw-p 0000b000 08:07 5899462    /lib/i386-linux-gnu/libnss_nis-2.21.so
b6196000-b61ad000 r-xp 00000000 08:07 5899446    /lib/i386-linux-gnu/libnsl-2.21.so
b61ad000-b61ae000 r--p 00016000 08:07 5899446    /lib/i386-linux-gnu/libnsl-2.21.so
b61ae000-b61af000 rw-p 00017000 08:07 5899446    /lib/i386-linux-gnu/libnsl-2.21.so
b61af000-b61b1000 rw-p 00000000 00:00 0 
b61b2000-b61b4000 r--s 00007000 08:07 3412741    /usr/share/java/java-atk-wrapper.jar
b61b4000-b61b7000 r--s 0000f000 08:07 3540796    /usr/lib/jvm/java-7-openjdk-i386/jre/lib/ext/icedtea-sound.jar
b61b7000-b61b9000 r--s 00012000 08:07 3540794    /usr/lib/jvm/java-7-openjdk-i386/jre/lib/ext/zipfs.jar
b61b9000-b61bd000 r--s 00034000 08:07 3540797    /usr/lib/jvm/java-7-openjdk-i386/jre/lib/ext/sunjce_provider.jar
b61bd000-b61c5000 r-xp 00000000 08:07 3540812    /usr/lib/jvm/java-7-openjdk-i386/jre/lib/i386/libzip.so
b61c5000-b61c6000 r--p 00007000 08:07 3540812    /usr/lib/jvm/java-7-openjdk-i386/jre/lib/i386/libzip.so
b61c6000-b61c7000 rw-p 00008000 08:07 3540812    /usr/lib/jvm/java-7-openjdk-i386/jre/lib/i386/libzip.so
b61c7000-b61cf000 rw-s 00000000 08:07 3802770    /tmp/hsperfdata_akhil/14312
b61cf000-b61f5000 r-xp 00000000 08:07 3540820    /usr/lib/jvm/java-7-openjdk-i386/jre/lib/i386/libjava.so
b61f5000-b61f6000 r--p 00025000 08:07 3540820    /usr/lib/jvm/java-7-openjdk-i386/jre/lib/i386/libjava.so
b61f6000-b61f7000 rw-p 00026000 08:07 3540820    /usr/lib/jvm/java-7-openjdk-i386/jre/lib/i386/libjava.so
b61f7000-b61fe000 r-xp 00000000 08:07 5899507    /lib/i386-linux-gnu/librt-2.21.so
b61fe000-b61ff000 r--p 00006000 08:07 5899507    /lib/i386-linux-gnu/librt-2.21.so
b61ff000-b6200000 rw-p 00007000 08:07 5899507    /lib/i386-linux-gnu/librt-2.21.so
b6200000-b62fd000 rw-p 00000000 00:00 0 
b62fd000-b6300000 ---p 00000000 00:00 0 
b6301000-b6304000 ---p 00000000 00:00 0 
b6304000-b6352000 rw-p 00000000 00:00 0          [stack:14314]
b6352000-b636e000 r-xp 00000000 08:07 5899524    /lib/i386-linux-gnu/libgcc_s.so.1
b636e000-b636f000 r--p 0001b000 08:07 5899524    /lib/i386-linux-gnu/libgcc_s.so.1
b636f000-b6370000 rw-p 0001c000 08:07 5899524    /lib/i386-linux-gnu/libgcc_s.so.1
b6370000-b63bb000 r-xp 00000000 08:07 5899425    /lib/i386-linux-gnu/libm-2.21.so
b63bb000-b63bc000 r--p 0004a000 08:07 5899425    /lib/i386-linux-gnu/libm-2.21.so
b63bc000-b63bd000 rw-p 0004b000 08:07 5899425    /lib/i386-linux-gnu/libm-2.21.so
b63bd000-b652a000 r-xp 00000000 08:07 3019096    /usr/lib/i386-linux-gnu/libstdc++.so.6.0.21
b652a000-b652b000 ---p 0016d000 08:07 3019096    /usr/lib/i386-linux-gnu/libstdc++.so.6.0.21
b652b000-b6530000 r--p 0016d000 08:07 3019096    /usr/lib/i386-linux-gnu/libstdc++.so.6.0.21
b6530000-b6531000 rw-p 00172000 08:07 3019096    /usr/lib/i386-linux-gnu/libstdc++.so.6.0.21
b6531000-b6534000 rw-p 00000000 00:00 0 
b6534000-b709a000 r-xp 00000000 08:07 3540828    /usr/lib/jvm/java-7-openjdk-i386/jre/lib/i386/server/libjvm.so
b709a000-b70e5000 r--p 00b65000 08:07 3540828    /usr/lib/jvm/java-7-openjdk-i386/jre/lib/i386/server/libjvm.so
b70e5000-b70f9000 rw-p 00bb0000 08:07 3540828    /usr/lib/jvm/java-7-openjdk-i386/jre/lib/i386/server/libjvm.so
b70f9000-b7517000 rw-p 00000000 00:00 0 
b7517000-b7530000 r-xp 00000000 08:07 5898319    /lib/i386-linux-gnu/libz.so.1.2.8
b7530000-b7531000 r--p 00018000 08:07 5898319    /lib/i386-linux-gnu/libz.so.1.2.8
b7531000-b7532000 rw-p 00019000 08:07 5898319    /lib/i386-linux-gnu/libz.so.1.2.8
b7532000-b754b000 r-xp 00000000 08:07 5899499    /lib/i386-linux-gnu/libpthread-2.21.so
b754b000-b754c000 r--p 00018000 08:07 5899499    /lib/i386-linux-gnu/libpthread-2.21.so
b754c000-b754d000 rw-p 00019000 08:07 5899499    /lib/i386-linux-gnu/libpthread-2.21.so
b754d000-b754f000 rw-p 00000000 00:00 0 
b754f000-b7552000 r-xp 00000000 08:07 5899383    /lib/i386-linux-gnu/libdl-2.21.so
b7552000-b7553000 r--p 00002000 08:07 5899383    /lib/i386-linux-gnu/libdl-2.21.so
b7553000-b7554000 rw-p 00003000 08:07 5899383    /lib/i386-linux-gnu/libdl-2.21.so
b7554000-b7708000 r-xp 00000000 08:07 5899366    /lib/i386-linux-gnu/libc-2.21.so
b7708000-b770b000 r--p 001b3000 08:07 5899366    /lib/i386-linux-gnu/libc-2.21.so
b770b000-b770d000 rw-p 001b6000 08:07 5899366    /lib/i386-linux-gnu/libc-2.21.so
b770d000-b770f000 rw-p 00000000 00:00 0 
b770f000-b7710000 r--s 00002000 08:07 3540799    /usr/lib/jvm/java-7-openjdk-i386/jre/lib/ext/dnsns.jar
b7710000-b7711000 r--p 005db000 08:07 3023765    /usr/lib/locale/locale-archive
b7711000-b7719000 r-xp 00000000 08:07 5899448    /lib/i386-linux-gnu/libnss_compat-2.21.so
b7719000-b771a000 r--p 00007000 08:07 5899448    /lib/i386-linux-gnu/libnss_compat-2.21.so
b771a000-b771b000 rw-p 00008000 08:07 5899448    /lib/i386-linux-gnu/libnss_compat-2.21.so
b771b000-b771c000 rw-p 00000000 00:00 0 
b771c000-b771d000 ---p 00000000 00:00 0 
b771d000-b772b000 r-xp 00000000 08:07 3540836    /usr/lib/jvm/java-7-openjdk-i386/jre/lib/i386/libverify.so
b772b000-b772c000 r--p 0000d000 08:07 3540836    /usr/lib/jvm/java-7-openjdk-i386/jre/lib/i386/libverify.so
b772c000-b772d000 rw-p 0000e000 08:07 3540836    /usr/lib/jvm/java-7-openjdk-i386/jre/lib/i386/libverify.so
b772d000-b7739000 r-xp 00000000 08:07 3540837    /usr/lib/jvm/java-7-openjdk-i386/jre/lib/i386/jli/libjli.so
b7739000-b773a000 r--p 0000b000 08:07 3540837    /usr/lib/jvm/java-7-openjdk-i386/jre/lib/i386/jli/libjli.so
b773a000-b773b000 rw-p 0000c000 08:07 3540837    /usr/lib/jvm/java-7-openjdk-i386/jre/lib/i386/jli/libjli.so
b773b000-b773e000 rw-p 00000000 00:00 0 
b773e000-b7740000 r--p 00000000 00:00 0          [vvar]
b7740000-b7741000 r-xp 00000000 00:00 0          [vdso]
b7741000-b7763000 r-xp 00000000 08:07 5899338    /lib/i386-linux-gnu/ld-2.21.so
b7763000-b7764000 r--p 00021000 08:07 5899338    /lib/i386-linux-gnu/ld-2.21.so
b7764000-b7765000 rw-p 00022000 08:07 5899338    /lib/i386-linux-gnu/ld-2.21.so
bfb72000-bfb73000 rwxp 00000000 00:00 0 
bfba5000-bfbc6000 rw-p 00000000 00:00 0          [stack]

VM Arguments:
jvm_args: -Xmx1024M -Dfile.encoding=UTF-8 -Duser.country=IN -Duser.language=en -Duser.variant 
java_command: com.android.dx.command.Main --dex --num-threads=4 --output /home/akhil/Android Linux/AndroidStudio Workspace/Textile/app/build/intermediates/pre-dexed/debug/classes-02a94b23954b5cd591f7628e116658306e02caf8.jar /home/akhil/Android Linux/AndroidStudio Workspace/Textile/app/build/intermediates/exploded-aar/com.google.android.gms/play-services-ads/8.3.0/jars/classes.jar
Launcher Type: SUN_STANDARD

Environment Variables:
PATH=/usr/local/sbin:/usr/local/bin:/usr/sbin:/usr/bin:/sbin:/bin:/usr/games:/usr/local/games
LD_LIBRARY_PATH=/home/akhil/Android Linux/New Android studio/android-studio/bin:
SHELL=/bin/bash
DISPLAY=:0

Signal Handlers:
SIGSEGV: [libjvm.so+0x80e660], sa_mask[0]=0x7ffbfeff, sa_flags=0x10000004
SIGBUS: [libjvm.so+0x80e660], sa_mask[0]=0x7ffbfeff, sa_flags=0x10000004
SIGFPE: [libjvm.so+0x688620], sa_mask[0]=0x7ffbfeff, sa_flags=0x10000004
SIGPIPE: [libjvm.so+0x688620], sa_mask[0]=0x7ffbfeff, sa_flags=0x10000004
SIGXFSZ: [libjvm.so+0x688620], sa_mask[0]=0x7ffbfeff, sa_flags=0x10000004
SIGILL: [libjvm.so+0x688620], sa_mask[0]=0x7ffbfeff, sa_flags=0x10000004
SIGUSR1: SIG_DFL, sa_mask[0]=0x00000000, sa_flags=0x00000000
SIGUSR2: [libjvm.so+0x688470], sa_mask[0]=0x00000004, sa_flags=0x10000004
SIGHUP: [libjvm.so+0x688650], sa_mask[0]=0x7ffbfeff, sa_flags=0x10000004
SIGINT: [libjvm.so+0x688650], sa_mask[0]=0x7ffbfeff, sa_flags=0x10000004
SIGTERM: [libjvm.so+0x688650], sa_mask[0]=0x7ffbfeff, sa_flags=0x10000004
SIGQUIT: [libjvm.so+0x688650], sa_mask[0]=0x7ffbfeff, sa_flags=0x10000004
SIGTRAP: SIG_DFL, sa_mask[0]=0x00000000, sa_flags=0x00000000


---------------  S Y S T E M  ---------------

OS:Ubuntu 15.10 (wily)
uname:Linux 4.2.0-18-generic #22-Ubuntu SMP Fri Nov 6 23:32:28 UTC 2015 i686
libc:glibc 2.21 NPTL 2.21 
rlimit: STACK 8192k, CORE 0k, NPROC 29724, NOFILE 65536, AS infinity
load average:12.88 7.11 3.83

/proc/meminfo:
MemTotal:        3837900 kB
MemFree:          117660 kB
MemAvailable:     155708 kB
Buffers:            7808 kB
Cached:           414980 kB
SwapCached:            0 kB
Active:          3269752 kB
Inactive:         352900 kB
Active(anon):    3250024 kB
Inactive(anon):   331576 kB
Active(file):      19728 kB
Inactive(file):    21324 kB
Unevictable:         228 kB
Mlocked:             228 kB
HighTotal:       2981304 kB
HighFree:           3796 kB
LowTotal:         856596 kB
LowFree:          113864 kB
SwapTotal:             0 kB
SwapFree:              0 kB
Dirty:               240 kB
Writeback:             0 kB
AnonPages:       3200544 kB
Mapped:           231612 kB
Shmem:            381284 kB
Slab:              47236 kB
SReclaimable:      21572 kB
SUnreclaim:        25664 kB
KernelStack:        5704 kB
PageTables:        21636 kB
NFS_Unstable:          0 kB
Bounce:               84 kB
WritebackTmp:          0 kB
CommitLimit:     1918948 kB
Committed_AS:   10162876 kB
VmallocTotal:     122880 kB
VmallocUsed:       16220 kB
VmallocChunk:      62600 kB
AnonHugePages:   1732608 kB
CmaTotal:              0 kB
CmaFree:               0 kB
HugePages_Total:       0
HugePages_Free:        0
HugePages_Rsvd:        0
HugePages_Surp:        0
Hugepagesize:       2048 kB
DirectMap4k:       77816 kB
DirectMap2M:      833536 kB


CPU:total 2 (2 cores per cpu, 1 threads per core) family 6 model 58 stepping 9, cmov, cx8, fxsr, mmx, sse, sse2, sse3, ssse3, sse4.1, sse4.2, popcnt, erms, tsc, tscinvbit, tscinv

/proc/cpuinfo:
processor	: 0
vendor_id	: GenuineIntel
cpu family	: 6
model		: 58
model name	: Intel(R) Pentium(R) CPU G2020 @ 2.90GHz
stepping	: 9
microcode	: 0x12
cpu MHz		: 2900.000
cache size	: 3072 KB
physical id	: 0
siblings	: 2
core id		: 0
cpu cores	: 2
apicid		: 0
initial apicid	: 0
fdiv_bug	: no
f00f_bug	: no
coma_bug	: no
fpu		: yes
fpu_exception	: yes
cpuid level	: 13
wp		: yes
flags		: fpu vme de pse tsc msr pae mce cx8 apic sep mtrr pge mca cmov pat pse36 clflush dts acpi mmx fxsr sse sse2 ss ht tm pbe nx rdtscp lm constant_tsc arch_perfmon pebs bts xtopology nonstop_tsc aperfmperf eagerfpu pni pclmulqdq dtes64 monitor ds_cpl vmx est tm2 ssse3 cx16 xtpr pdcm pcid sse4_1 sse4_2 popcnt tsc_deadline_timer xsave lahf_lm arat epb pln pts dtherm tpr_shadow vnmi flexpriority ept vpid fsgsbase smep erms xsaveopt
bugs		:
bogomips	: 5787.03
clflush size	: 64
cache_alignment	: 64
address sizes	: 36 bits physical, 48 bits virtual
power management:

processor	: 1
vendor_id	: GenuineIntel
cpu family	: 6
model		: 58
model name	: Intel(R) Pentium(R) CPU G2020 @ 2.90GHz
stepping	: 9
microcode	: 0x12
cpu MHz		: 2899.886
cache size	: 3072 KB
physical id	: 0
siblings	: 2
core id		: 1
cpu cores	: 2
apicid		: 2
initial apicid	: 2
fdiv_bug	: no
f00f_bug	: no
coma_bug	: no
fpu		: yes
fpu_exception	: yes
cpuid level	: 13
wp		: yes
flags		: fpu vme de pse tsc msr pae mce cx8 apic sep mtrr pge mca cmov pat pse36 clflush dts acpi mmx fxsr sse sse2 ss ht tm pbe nx rdtscp lm constant_tsc arch_perfmon pebs bts xtopology nonstop_tsc aperfmperf eagerfpu pni pclmulqdq dtes64 monitor ds_cpl vmx est tm2 ssse3 cx16 xtpr pdcm pcid sse4_1 sse4_2 popcnt tsc_deadline_timer xsave lahf_lm arat epb pln pts dtherm tpr_shadow vnmi flexpriority ept vpid fsgsbase smep erms xsaveopt
bugs		:
bogomips	: 5787.03
clflush size	: 64
cache_alignment	: 64
address sizes	: 36 bits physical, 48 bits virtual
power management:



Memory: 4k page, physical 3837900k(117660k free), swap 0k(0k free)

vm_info: OpenJDK Server VM (24.85-b03) for linux-x86 JRE (1.7.0_85-b01), built on Oct 22 2015 09:11:51 by "buildd" with gcc 5.2.1 20151010

time: Thu Nov 26 13:44:58 2015
elapsed time: 8 seconds

