#
# There is insufficient memory for the Java Runtime Environment to continue.
# Native memory allocation (malloc) failed to allocate 125829120 bytes for committing reserved memory.
# Possible reasons:
#   The system is out of physical RAM or swap space
#   In 32 bit mode, the process size limit was hit
# Possible solutions:
#   Reduce memory load on the system
#   Increase physical memory or swap space
#   Check if swap backing store is full
#   Use 64 bit Java on a 64 bit OS
#   Decrease Java heap size (-Xmx/-Xms)
#   Decrease number of Java threads
#   Decrease Java thread stack sizes (-Xss)
#   Set larger code cache with -XX:ReservedCodeCacheSize=
# This output file may be truncated or incomplete.
#
#  Out of Memory Error (os_linux.cpp:2827), pid=13488, tid=1789545280
#
# JRE version: OpenJDK Runtime Environment (7.0_85-b01) (build 1.7.0_85-b01)
# Java VM: OpenJDK Server VM (24.85-b03 mixed mode linux-x86 )
# Derivative: IcedTea 2.6.1
# Distribution: Ubuntu 15.10, package 7u85-2.6.1-5ubuntu0.15.10.1
# Failed to write core dump. Core dumps have been disabled. To enable core dumping, try "ulimit -c unlimited" before starting Java again
#

---------------  T H R E A D  ---------------

Current thread (0x67d10c00):  VMThread [stack: 0x6aa24000,0x6aaa5000] [id=13496]

Stack: [0x6aa24000,0x6aaa5000]
VM_Operation (0xb63d9c74): ParallelGCFailedAllocation, mode: safepoint, requested by thread 0xb620a400


---------------  P R O C E S S  ---------------

Java Threads: ( => current thread )
  0x67d2d400 JavaThread "Service Thread" daemon [_thread_blocked, id=13502, stack(0x6795c000,0x679ad000)]
  0x67d2b400 JavaThread "C2 CompilerThread1" daemon [_thread_blocked, id=13501, stack(0x679ad000,0x67a2e000)]
  0x67d29400 JavaThread "C2 CompilerThread0" daemon [_thread_blocked, id=13500, stack(0x67a2e000,0x67aaf000)]
  0x67d27c00 JavaThread "Signal Dispatcher" daemon [_thread_blocked, id=13499, stack(0x67aaf000,0x67b00000)]
  0x67d15000 JavaThread "Finalizer" daemon [_thread_blocked, id=13498, stack(0x67e2c000,0x67e7d000)]
  0x67d13400 JavaThread "Reference Handler" daemon [_thread_blocked, id=13497, stack(0x67e7d000,0x67ece000)]
  0xb620a400 JavaThread "main" [_thread_blocked, id=13493, stack(0xb638a000,0xb63db000)]

Other Threads:
=>0x67d10c00 VMThread [stack: 0x6aa24000,0x6aaa5000] [id=13496]
  0x67d2f000 WatcherThread [stack: 0x678db000,0x6795c000] [id=13503]

VM state:at safepoint (normal execution)

VM Mutex/Monitor currently owned by a thread:  ([mutex/lock_event])
[0xb6207ba0] Threads_lock - owner thread: 0x67d10c00
[0xb6207fb0] Heap_lock - owner thread: 0xb620a400

Heap
 PSYoungGen      total 134400K, used 8280K [0x9dbc0000, 0xa6a40000, 0xb3140000)
  eden space 122880K, 0% used [0x9dbc0000,0x9dbc0000,0xa53c0000)
  from space 11520K, 71% used [0xa53c0000,0xa5bd61c0,0xa5f00000)
  to   space 11008K, 0% used [0xa5f80000,0xa5f80000,0xa6a40000)
 ParOldGen       total 39936K, used 26446K [0x73140000, 0x75840000, 0x9dbc0000)
  object space 39936K, 66% used [0x73140000,0x74b13bc0,0x75840000)
 PSPermGen       total 16384K, used 5360K [0x6b140000, 0x6c140000, 0x73140000)
  object space 16384K, 32% used [0x6b140000,0x6b67c200,0x6c140000)

Card table byte_map: [0x6aeff000,0x6b140000] byte_map_base: 0x6aba6600

Polling page: 0xb77a5000

Code Cache  [0xb3200000, 0xb34f0000, 0xb6200000)
 total_blobs=1189 nmethods=1054 adapters=89 free_code_cache=46196Kb largest_free_block=47274112

Compilation events (10 events):
Event: 8.546 Thread 0x67d2b400 1067             com.android.dx.merge.DexMerger::transformCatchHandlers (65 bytes)
Event: 8.568 Thread 0x67d2b400 nmethod 1067 0xb34e23c8 code [0xb34e2560, 0xb34e2f38]
Event: 8.597 Thread 0x67d29400 1068   !         com.android.dex.Dex$Section::writeStringData (36 bytes)
Event: 8.600 Thread 0x67d2b400 1069 %           com.android.dex.Mutf8::encode @ 8 (153 bytes)
Event: 8.601 Thread 0x67d29400 nmethod 1068 0xb34e1948 code [0xb34e1aa0, 0xb34e1de4]
Event: 8.620 Thread 0x67d2b400 nmethod 1069% 0xb34e4b48 code [0xb34e4c80, 0xb34e5870]
Event: 8.620 Thread 0x67d29400 1070             com.android.dex.Mutf8::encode (153 bytes)
Event: 8.626 Thread 0x67d29400 nmethod 1070 0xb34e4088 code [0xb34e41a0, 0xb34e4850]
Event: 8.649 Thread 0x67d2b400 1071             com.android.dx.io.instructions.InstructionCodec$33::decode (99 bytes)
Event: 8.656 Thread 0x67d29400 1072             com.android.dx.io.instructions.InstructionCodec$33::encode (131 bytes)

GC Heap History (10 events):
Event: 1.740 GC heap after
Heap after GC invocations=2 (full 0):
 PSYoungGen      total 33024K, used 2299K [0x9dbc0000, 0x9fe40000, 0xb3140000)
  eden space 30720K, 0% used [0x9dbc0000,0x9dbc0000,0x9f9c0000)
  from space 2304K, 99% used [0x9fc00000,0x9fe3ee70,0x9fe40000)
  to   space 2304K, 0% used [0x9f9c0000,0x9f9c0000,0x9fc00000)
 ParOldGen       total 39936K, used 4706K [0x73140000, 0x75840000, 0x9dbc0000)
  object space 39936K, 11% used [0x73140000,0x735d8ac8,0x75840000)
 PSPermGen       total 16384K, used 3751K [0x6b140000, 0x6c140000, 0x73140000)
  object space 16384K, 22% used [0x6b140000,0x6b4e9cc8,0x6c140000)
}
Event: 2.624 GC heap before
{Heap before GC invocations=3 (full 0):
 PSYoungGen      total 33024K, used 33019K [0x9dbc0000, 0x9fe40000, 0xb3140000)
  eden space 30720K, 100% used [0x9dbc0000,0x9f9c0000,0x9f9c0000)
  from space 2304K, 99% used [0x9fc00000,0x9fe3ee70,0x9fe40000)
  to   space 2304K, 0% used [0x9f9c0000,0x9f9c0000,0x9fc00000)
 ParOldGen       total 39936K, used 4706K [0x73140000, 0x75840000, 0x9dbc0000)
  object space 39936K, 11% used [0x73140000,0x735d8ac8,0x75840000)
 PSPermGen       total 16384K, used 3825K [0x6b140000, 0x6c140000, 0x73140000)
  object space 16384K, 23% used [0x6b140000,0x6b4fc630,0x6c140000)
Event: 2.694 GC heap after
Heap after GC invocations=3 (full 0):
 PSYoungGen      total 33024K, used 2291K [0x9dbc0000, 0xa1c40000, 0xb3140000)
  eden space 30720K, 0% used [0x9dbc0000,0x9dbc0000,0x9f9c0000)
  from space 2304K, 99% used [0x9f9c0000,0x9fbfcc70,0x9fc00000)
  to   space 2304K, 0% used [0xa1a00000,0xa1a00000,0xa1c40000)
 ParOldGen       total 39936K, used 10455K [0x73140000, 0x75840000, 0x9dbc0000)
  object space 39936K, 26% used [0x73140000,0x73b75d78,0x75840000)
 PSPermGen       total 16384K, used 3825K [0x6b140000, 0x6c140000, 0x73140000)
  object space 16384K, 23% used [0x6b140000,0x6b4fc630,0x6c140000)
}
Event: 3.318 GC heap before
{Heap before GC invocations=4 (full 0):
 PSYoungGen      total 33024K, used 32459K [0x9dbc0000, 0xa1c40000, 0xb3140000)
  eden space 30720K, 98% used [0x9dbc0000,0x9f935fd8,0x9f9c0000)
  from space 2304K, 99% used [0x9f9c0000,0x9fbfcc70,0x9fc00000)
  to   space 2304K, 0% used [0xa1a00000,0xa1a00000,0xa1c40000)
 ParOldGen       total 39936K, used 10455K [0x73140000, 0x75840000, 0x9dbc0000)
  object space 39936K, 26% used [0x73140000,0x73b75d78,0x75840000)
 PSPermGen       total 16384K, used 4109K [0x6b140000, 0x6c140000, 0x73140000)
  object space 16384K, 25% used [0x6b140000,0x6b543670,0x6c140000)
Event: 3.386 GC heap after
Heap after GC invocations=4 (full 0):
 PSYoungGen      total 63744K, used 2294K [0x9dbc0000, 0xa1c40000, 0xb3140000)
  eden space 61440K, 0% used [0x9dbc0000,0x9dbc0000,0xa17c0000)
  from space 2304K, 99% used [0xa1a00000,0xa1c3da38,0xa1c40000)
  to   space 2304K, 0% used [0xa17c0000,0xa17c0000,0xa1a00000)
 ParOldGen       total 39936K, used 19152K [0x73140000, 0x75840000, 0x9dbc0000)
  object space 39936K, 47% used [0x73140000,0x743f4050,0x75840000)
 PSPermGen       total 16384K, used 4109K [0x6b140000, 0x6c140000, 0x73140000)
  object space 16384K, 25% used [0x6b140000,0x6b543670,0x6c140000)
}
Event: 7.454 GC heap before
{Heap before GC invocations=5 (full 0):
 PSYoungGen      total 63744K, used 62925K [0x9dbc0000, 0xa1c40000, 0xb3140000)
  eden space 61440K, 98% used [0x9dbc0000,0xa16f5cd0,0xa17c0000)
  from space 2304K, 99% used [0xa1a00000,0xa1c3da38,0xa1c40000)
  to   space 2304K, 0% used [0xa17c0000,0xa17c0000,0xa1a00000)
 ParOldGen       total 39936K, used 19152K [0x73140000, 0x75840000, 0x9dbc0000)
  object space 39936K, 47% used [0x73140000,0x743f4050,0x75840000)
 PSPermGen       total 16384K, used 5273K [0x6b140000, 0x6c140000, 0x73140000)
  object space 16384K, 32% used [0x6b140000,0x6b6665a8,0x6c140000)
Event: 7.477 GC heap after
Heap after GC invocations=5 (full 0):
 PSYoungGen      total 63744K, used 2300K [0x9dbc0000, 0xa6b40000, 0xb3140000)
  eden space 61440K, 0% used [0x9dbc0000,0x9dbc0000,0xa17c0000)
  from space 2304K, 99% used [0xa17c0000,0xa19ff108,0xa1a00000)
  to   space 12032K, 0% used [0xa5f80000,0xa5f80000,0xa6b40000)
 ParOldGen       total 39936K, used 25499K [0x73140000, 0x75840000, 0x9dbc0000)
  object space 39936K, 63% used [0x73140000,0x74a26da0,0x75840000)
 PSPermGen       total 16384K, used 5273K [0x6b140000, 0x6c140000, 0x73140000)
  object space 16384K, 32% used [0x6b140000,0x6b6665a8,0x6c140000)
}
Event: 7.930 GC heap before
{Heap before GC invocations=6 (full 0):
 PSYoungGen      total 63744K, used 63740K [0x9dbc0000, 0xa6b40000, 0xb3140000)
  eden space 61440K, 100% used [0x9dbc0000,0xa17c0000,0xa17c0000)
  from space 2304K, 99% used [0xa17c0000,0xa19ff108,0xa1a00000)
  to   space 12032K, 0% used [0xa5f80000,0xa5f80000,0xa6b40000)
 ParOldGen       total 39936K, used 25499K [0x73140000, 0x75840000, 0x9dbc0000)
  object space 39936K, 63% used [0x73140000,0x74a26da0,0x75840000)
 PSPermGen       total 16384K, used 5350K [0x6b140000, 0x6c140000, 0x73140000)
  object space 16384K, 32% used [0x6b140000,0x6b679920,0x6c140000)
Event: 7.964 GC heap after
Heap after GC invocations=6 (full 0):
 PSYoungGen      total 133888K, used 6393K [0x9dbc0000, 0xa6a40000, 0xb3140000)
  eden space 122880K, 0% used [0x9dbc0000,0x9dbc0000,0xa53c0000)
  from space 11008K, 58% used [0xa5f80000,0xa65be6d0,0xa6a40000)
  to   space 11520K, 0% used [0xa53c0000,0xa53c0000,0xa5f00000)
 ParOldGen       total 39936K, used 25499K [0x73140000, 0x75840000, 0x9dbc0000)
  object space 39936K, 63% used [0x73140000,0x74a26da0,0x75840000)
 PSPermGen       total 16384K, used 5350K [0x6b140000, 0x6c140000, 0x73140000)
  object space 16384K, 32% used [0x6b140000,0x6b679920,0x6c140000)
}
Event: 8.664 GC heap before
{Heap before GC invocations=7 (full 0):
 PSYoungGen      total 133888K, used 129273K [0x9dbc0000, 0xa6a40000, 0xb3140000)
  eden space 122880K, 100% used [0x9dbc0000,0xa53c0000,0xa53c0000)
  from space 11008K, 58% used [0xa5f80000,0xa65be6d0,0xa6a40000)
  to   space 11520K, 0% used [0xa53c0000,0xa53c0000,0xa5f00000)
 ParOldGen       total 39936K, used 25499K [0x73140000, 0x75840000, 0x9dbc0000)
  object space 39936K, 63% used [0x73140000,0x74a26da0,0x75840000)
 PSPermGen       total 16384K, used 5360K [0x6b140000, 0x6c140000, 0x73140000)
  object space 16384K, 32% used [0x6b140000,0x6b67c200,0x6c140000)

Deoptimization events (10 events):
Event: 8.075 Thread 0xb620a400 Uncommon trap: reason=array_check action=maybe_recompile pc=0xb34b6650 method=java.util.TimSort.binarySort([Ljava/lang/Object;IIILjava/util/Comparator;)V @ 193
Event: 8.132 Thread 0xb620a400 Uncommon trap: reason=array_check action=maybe_recompile pc=0xb34aa080 method=java.util.ComparableTimSort.binarySort([Ljava/lang/Object;III)V @ 183
Event: 8.217 Thread 0xb620a400 Uncommon trap: reason=array_check action=maybe_recompile pc=0xb34aa080 method=java.util.ComparableTimSort.binarySort([Ljava/lang/Object;III)V @ 183
Event: 8.306 Thread 0xb620a400 Uncommon trap: reason=unstable_if action=reinterpret pc=0xb3446f70 method=com.android.dex.Mutf8.decode(Lcom/android/dex/util/ByteInput;[C)Ljava/lang/String; @ 37
Event: 8.306 Thread 0xb620a400 Uncommon trap: reason=unstable_if action=reinterpret pc=0xb346a4bc method=com.android.dex.Mutf8.countBytes(Ljava/lang/String;Z)J @ 35
Event: 8.306 Thread 0xb620a400 Uncommon trap: reason=unstable_if action=reinterpret pc=0xb34447b4 method=com.android.dex.Mutf8.encode([BILjava/lang/String;)V @ 31
Event: 8.398 Thread 0xb620a400 Uncommon trap: reason=unstable_if action=reinterpret pc=0xb346c260 method=com.android.dex.Mutf8.countBytes(Ljava/lang/String;Z)J @ 35
Event: 8.484 Thread 0xb620a400 Uncommon trap: reason=unstable_if action=reinterpret pc=0xb346dcc4 method=com.android.dex.Mutf8.countBytes(Ljava/lang/String;Z)J @ 35
Event: 8.600 Thread 0xb620a400 Uncommon trap: reason=unstable_if action=reinterpret pc=0xb3464094 method=com.android.dex.Mutf8.countBytes(Ljava/lang/String;Z)J @ 35
Event: 8.638 Thread 0xb620a400 Uncommon trap: reason=unstable_if action=reinterpret pc=0xb34b1058 method=com.android.dx.merge.DexMerger.transformAnnotationDirectory(Lcom/android/dex/Dex$Section;Lcom/android/dx/merge/IndexMap;)V @ 199

Internal exceptions (10 events):
Event: 5.582 Thread 0xb620a400 Threw 0x9ee0ae00 at /build/openjdk-7-Qyh454/openjdk-7-7u85-2.6.1/build/openjdk/hotspot/src/share/vm/prims/jvm.cpp:1322
Event: 5.584 Thread 0xb620a400 Threw 0x9ee11d78 at /build/openjdk-7-Qyh454/openjdk-7-7u85-2.6.1/build/openjdk/hotspot/src/share/vm/prims/jvm.cpp:1322
Event: 5.584 Thread 0xb620a400 Threw 0x9ee14838 at /build/openjdk-7-Qyh454/openjdk-7-7u85-2.6.1/build/openjdk/hotspot/src/share/vm/prims/jvm.cpp:1322
Event: 6.034 Thread 0xb620a400 Threw 0x9efbe5c8 at /build/openjdk-7-Qyh454/openjdk-7-7u85-2.6.1/build/openjdk/hotspot/src/share/vm/prims/jvm.cpp:1322
Event: 6.034 Thread 0xb620a400 Threw 0x9efbe6e0 at /build/openjdk-7-Qyh454/openjdk-7-7u85-2.6.1/build/openjdk/hotspot/src/share/vm/prims/jvm.cpp:1322
Event: 6.034 Thread 0xb620a400 Threw 0x9efc0b30 at /build/openjdk-7-Qyh454/openjdk-7-7u85-2.6.1/build/openjdk/hotspot/src/share/vm/prims/jvm.cpp:1322
Event: 6.034 Thread 0xb620a400 Threw 0x9efc0c48 at /build/openjdk-7-Qyh454/openjdk-7-7u85-2.6.1/build/openjdk/hotspot/src/share/vm/prims/jvm.cpp:1322
Event: 6.034 Thread 0xb620a400 Threw 0x9efc15b8 at /build/openjdk-7-Qyh454/openjdk-7-7u85-2.6.1/build/openjdk/hotspot/src/share/vm/prims/jvm.cpp:1322
Event: 6.034 Thread 0xb620a400 Threw 0x9efc16d0 at /build/openjdk-7-Qyh454/openjdk-7-7u85-2.6.1/build/openjdk/hotspot/src/share/vm/prims/jvm.cpp:1322
Event: 7.151 Thread 0xb620a400 Threw 0xa0309378 at /build/openjdk-7-Qyh454/openjdk-7-7u85-2.6.1/build/openjdk/hotspot/src/share/vm/prims/jvm.cpp:1322

Events (10 events):
Event: 8.484 Thread 0xb620a400 Uncommon trap: trap_request=0xffffff75 fr.pc=0xb346dcc4
Event: 8.484 Thread 0xb620a400 DEOPT PACKING pc=0xb346dcc4 sp=0xb63d9dc0
Event: 8.484 Thread 0xb620a400 DEOPT UNPACKING pc=0xb322cbc8 sp=0xb63d9d48 mode 2
Event: 8.600 Thread 0xb620a400 Uncommon trap: trap_request=0xffffff75 fr.pc=0xb3464094
Event: 8.600 Thread 0xb620a400 DEOPT PACKING pc=0xb3464094 sp=0xb63d9d90
Event: 8.600 Thread 0xb620a400 DEOPT UNPACKING pc=0xb322cbc8 sp=0xb63d9d44 mode 2
Event: 8.638 Thread 0xb620a400 Uncommon trap: trap_request=0xffffff75 fr.pc=0xb34b1058
Event: 8.638 Thread 0xb620a400 DEOPT PACKING pc=0xb34b1058 sp=0xb63d9e30
Event: 8.638 Thread 0xb620a400 DEOPT UNPACKING pc=0xb322cbc8 sp=0xb63d9e30 mode 2
Event: 8.664 Executing VM operation: ParallelGCFailedAllocation


Dynamic libraries:
08048000-08049000 r-xp 00000000 08:07 3540783    /usr/lib/jvm/java-7-openjdk-i386/jre/bin/java
08049000-0804a000 r--p 00000000 08:07 3540783    /usr/lib/jvm/java-7-openjdk-i386/jre/bin/java
0804a000-0804b000 rw-p 00001000 08:07 3540783    /usr/lib/jvm/java-7-openjdk-i386/jre/bin/java
09a05000-0a32c000 rw-p 00000000 00:00 0          [heap]
66200000-662dd000 rw-p 00000000 00:00 0 
662dd000-66300000 ---p 00000000 00:00 0 
66400000-664f1000 rw-p 00000000 00:00 0 
664f1000-66500000 ---p 00000000 00:00 0 
66500000-665f0000 rw-p 00000000 00:00 0 
665f0000-66600000 ---p 00000000 00:00 0 
66600000-666f9000 rw-p 00000000 00:00 0 
666f9000-66700000 ---p 00000000 00:00 0 
66700000-66800000 rw-p 00000000 00:00 0 
66800000-66900000 rw-p 00000000 00:00 0 
66a00000-66a29000 rw-p 00000000 00:00 0 
66a29000-66b00000 ---p 00000000 00:00 0 
66b56000-66d17000 rw-p 00000000 00:00 0 
66d17000-66e3c000 r-xp 00000000 08:07 5899442    /lib/i386-linux-gnu/libglib-2.0.so.0.4600.1
66e3c000-66e3d000 r--p 00124000 08:07 5899442    /lib/i386-linux-gnu/libglib-2.0.so.0.4600.1
66e3d000-66e3e000 rw-p 00125000 08:07 5899442    /lib/i386-linux-gnu/libglib-2.0.so.0.4600.1
66e3e000-66ffb000 r-xp 00000000 08:07 3019098    /usr/lib/i386-linux-gnu/libgio-2.0.so.0.4600.1
66ffb000-66ffc000 ---p 001bd000 08:07 3019098    /usr/lib/i386-linux-gnu/libgio-2.0.so.0.4600.1
66ffc000-66ffe000 r--p 001bd000 08:07 3019098    /usr/lib/i386-linux-gnu/libgio-2.0.so.0.4600.1
66ffe000-66fff000 rw-p 001bf000 08:07 3019098    /usr/lib/i386-linux-gnu/libgio-2.0.so.0.4600.1
66fff000-67000000 rw-p 00000000 00:00 0 
67000000-67100000 rw-p 00000000 00:00 0 
67200000-672fe000 rw-p 00000000 00:00 0 
672fe000-67300000 ---p 00000000 00:00 0 
67315000-67386000 r-xp 00000000 08:07 5898310    /lib/i386-linux-gnu/libpcre.so.3.13.1
67386000-67387000 r--p 00070000 08:07 5898310    /lib/i386-linux-gnu/libpcre.so.3.13.1
67387000-67388000 rw-p 00071000 08:07 5898310    /lib/i386-linux-gnu/libpcre.so.3.13.1
67388000-6739c000 r-xp 00000000 08:07 5899505    /lib/i386-linux-gnu/libresolv-2.21.so
6739c000-6739e000 r--p 00013000 08:07 5899505    /lib/i386-linux-gnu/libresolv-2.21.so
6739e000-6739f000 rw-p 00015000 08:07 5899505    /lib/i386-linux-gnu/libresolv-2.21.so
6739f000-673a1000 rw-p 00000000 00:00 0 
673a1000-673fd000 r-xp 00000000 08:07 3019097    /usr/lib/i386-linux-gnu/libgobject-2.0.so.0.4600.1
673fd000-673fe000 ---p 0005c000 08:07 3019097    /usr/lib/i386-linux-gnu/libgobject-2.0.so.0.4600.1
673fe000-673ff000 r--p 0005c000 08:07 3019097    /usr/lib/i386-linux-gnu/libgobject-2.0.so.0.4600.1
673ff000-67400000 rw-p 0005d000 08:07 3019097    /usr/lib/i386-linux-gnu/libgobject-2.0.so.0.4600.1
67400000-674fb000 rw-p 00000000 00:00 0 
674fb000-67500000 ---p 00000000 00:00 0 
67500000-675fb000 rw-p 00000000 00:00 0 
675fb000-67600000 ---p 00000000 00:00 0 
67600000-676ff000 rw-p 00000000 00:00 0 
676ff000-67700000 ---p 00000000 00:00 0 
67700000-67725000 r-xp 00000000 08:07 5898256    /lib/i386-linux-gnu/libselinux.so.1
67725000-67726000 r--p 00024000 08:07 5898256    /lib/i386-linux-gnu/libselinux.so.1
67726000-67727000 rw-p 00025000 08:07 5898256    /lib/i386-linux-gnu/libselinux.so.1
67727000-67728000 rw-p 00000000 00:00 0 
67741000-67746000 r--s 0004e000 08:07 3540851    /usr/lib/jvm/java-7-openjdk-i386/jre/lib/jsse.jar
67746000-67749000 ---p 00000000 00:00 0 
67749000-67797000 rw-p 00000000 00:00 0 
67797000-6779a000 ---p 00000000 00:00 0 
6779a000-677e8000 rw-p 00000000 00:00 0 
677e8000-677eb000 ---p 00000000 00:00 0 
677eb000-67839000 rw-p 00000000 00:00 0 
67839000-6783c000 ---p 00000000 00:00 0 
6783c000-6788a000 rw-p 00000000 00:00 0 
6788a000-6788d000 ---p 00000000 00:00 0 
6788d000-678db000 rw-p 00000000 00:00 0 
678db000-678dc000 ---p 00000000 00:00 0 
678dc000-6795c000 rw-p 00000000 00:00 0          [stack:13503]
6795c000-6795f000 ---p 00000000 00:00 0 
6795f000-679ad000 rw-p 00000000 00:00 0          [stack:13502]
679ad000-679b0000 ---p 00000000 00:00 0 
679b0000-67a2e000 rw-p 00000000 00:00 0          [stack:13501]
67a2e000-67a31000 ---p 00000000 00:00 0 
67a31000-67aaf000 rw-p 00000000 00:00 0          [stack:13500]
67aaf000-67ab2000 ---p 00000000 00:00 0 
67ab2000-67b00000 rw-p 00000000 00:00 0          [stack:13499]
67b00000-67d00000 r--p 00000000 08:07 3023765    /usr/lib/locale/locale-archive
67d00000-67df9000 rw-p 00000000 00:00 0 
67df9000-67e00000 ---p 00000000 00:00 0 
67e01000-67e18000 r-xp 00000000 08:07 3540840    /usr/lib/jvm/java-7-openjdk-i386/jre/lib/i386/libnet.so
67e18000-67e19000 r--p 00016000 08:07 3540840    /usr/lib/jvm/java-7-openjdk-i386/jre/lib/i386/libnet.so
67e19000-67e1a000 rw-p 00017000 08:07 3540840    /usr/lib/jvm/java-7-openjdk-i386/jre/lib/i386/libnet.so
67e1a000-67e2a000 r-xp 00000000 08:07 3540808    /usr/lib/jvm/java-7-openjdk-i386/jre/lib/i386/libnio.so
67e2a000-67e2b000 r--p 0000f000 08:07 3540808    /usr/lib/jvm/java-7-openjdk-i386/jre/lib/i386/libnio.so
67e2b000-67e2c000 rw-p 00010000 08:07 3540808    /usr/lib/jvm/java-7-openjdk-i386/jre/lib/i386/libnio.so
67e2c000-67e2f000 ---p 00000000 00:00 0 
67e2f000-67e7d000 rw-p 00000000 00:00 0          [stack:13498]
67e7d000-67e80000 ---p 00000000 00:00 0 
67e80000-67ece000 rw-p 00000000 00:00 0          [stack:13497]
67ece000-68080000 r--s 01d30000 08:07 3540802    /usr/lib/jvm/java-7-openjdk-i386/jre/lib/rt.jar
68080000-6a900000 rw-p 00000000 00:00 0 
6a900000-6a9f9000 rw-p 00000000 00:00 0 
6a9f9000-6aa00000 ---p 00000000 00:00 0 
6aa02000-6aa09000 r-xp 00000000 08:07 3015859    /usr/lib/i386-linux-gnu/libffi.so.6.0.4
6aa09000-6aa0b000 r--p 00006000 08:07 3015859    /usr/lib/i386-linux-gnu/libffi.so.6.0.4
6aa0b000-6aa0c000 rw-p 00008000 08:07 3015859    /usr/lib/i386-linux-gnu/libffi.so.6.0.4
6aa0c000-6aa0f000 r-xp 00000000 08:07 3019772    /usr/lib/i386-linux-gnu/libgmodule-2.0.so.0.4600.1
6aa0f000-6aa10000 r--p 00002000 08:07 3019772    /usr/lib/i386-linux-gnu/libgmodule-2.0.so.0.4600.1
6aa10000-6aa11000 rw-p 00003000 08:07 3019772    /usr/lib/i386-linux-gnu/libgmodule-2.0.so.0.4600.1
6aa11000-6aa20000 r--s 000df000 08:07 2622907    /home/akhil/Android Linux/Sdk/build-tools/23.0.0_rc3/lib/dx.jar
6aa20000-6aa24000 r--s 00085000 08:07 3540795    /usr/lib/jvm/java-7-openjdk-i386/jre/lib/ext/localedata.jar
6aa24000-6aa25000 ---p 00000000 00:00 0 
6aa25000-6ab00000 rw-p 00000000 00:00 0          [stack:13496]
6ab00000-6ab21000 rw-p 00000000 00:00 0 
6ab21000-6ac00000 ---p 00000000 00:00 0 
6ac03000-6ac67000 rw-p 00000000 00:00 0 
6ac67000-6ac68000 ---p 00000000 00:00 0 
6ac68000-6ace8000 rw-p 00000000 00:00 0          [stack:13495]
6ace8000-6ace9000 ---p 00000000 00:00 0 
6ace9000-6ad71000 rw-p 00000000 00:00 0          [stack:13494]
6ad71000-6ada9000 rw-p 00000000 00:00 0 
6ada9000-6adbd000 rw-p 00000000 00:00 0 
6adbd000-6aeff000 rw-p 00000000 00:00 0 
6aeff000-6af07000 rw-p 00000000 00:00 0 
6af07000-6af3f000 rw-p 00000000 00:00 0 
6af3f000-6af53000 rw-p 00000000 00:00 0 
6af53000-6b094000 rw-p 00000000 00:00 0 
6b094000-6b0dc000 rw-p 00000000 00:00 0 
6b0dc000-6b13f000 rw-p 00000000 00:00 0 
6b13f000-6c140000 rw-p 00000000 00:00 0 
6c140000-73140000 rw-p 00000000 00:00 0 
73140000-75840000 rw-p 00000000 00:00 0 
75840000-9dbc0000 rw-p 00000000 00:00 0 
9dbc0000-a6a40000 rw-p 00000000 00:00 0 
ae240000-b3140000 rw-p 00000000 00:00 0 
b3140000-b314c000 rw-p 00000000 00:00 0 
b314c000-b3200000 rw-p 00000000 00:00 0 
b3200000-b34f0000 rwxp 00000000 00:00 0 
b34f0000-b62ff000 rw-p 00000000 00:00 0 
b62ff000-b6300000 ---p 00000000 00:00 0 
b6301000-b6305000 r--s 0003c000 08:07 3540798    /usr/lib/jvm/java-7-openjdk-i386/jre/lib/ext/sunpkcs11.jar
b6305000-b6311000 r-xp 00000000 08:07 5899452    /lib/i386-linux-gnu/libnss_files-2.21.so
b6311000-b6312000 r--p 0000b000 08:07 5899452    /lib/i386-linux-gnu/libnss_files-2.21.so
b6312000-b6313000 rw-p 0000c000 08:07 5899452    /lib/i386-linux-gnu/libnss_files-2.21.so
b6313000-b631e000 r-xp 00000000 08:07 5899462    /lib/i386-linux-gnu/libnss_nis-2.21.so
b631e000-b631f000 r--p 0000a000 08:07 5899462    /lib/i386-linux-gnu/libnss_nis-2.21.so
b631f000-b6320000 rw-p 0000b000 08:07 5899462    /lib/i386-linux-gnu/libnss_nis-2.21.so
b6320000-b6337000 r-xp 00000000 08:07 5899446    /lib/i386-linux-gnu/libnsl-2.21.so
b6337000-b6338000 r--p 00016000 08:07 5899446    /lib/i386-linux-gnu/libnsl-2.21.so
b6338000-b6339000 rw-p 00017000 08:07 5899446    /lib/i386-linux-gnu/libnsl-2.21.so
b6339000-b633b000 rw-p 00000000 00:00 0 
b633c000-b633e000 r--s 00007000 08:07 3412741    /usr/share/java/java-atk-wrapper.jar
b633e000-b6341000 r--s 0000f000 08:07 3540796    /usr/lib/jvm/java-7-openjdk-i386/jre/lib/ext/icedtea-sound.jar
b6341000-b6343000 r--s 00012000 08:07 3540794    /usr/lib/jvm/java-7-openjdk-i386/jre/lib/ext/zipfs.jar
b6343000-b6347000 r--s 00034000 08:07 3540797    /usr/lib/jvm/java-7-openjdk-i386/jre/lib/ext/sunjce_provider.jar
b6347000-b634f000 r-xp 00000000 08:07 3540812    /usr/lib/jvm/java-7-openjdk-i386/jre/lib/i386/libzip.so
b634f000-b6350000 r--p 00007000 08:07 3540812    /usr/lib/jvm/java-7-openjdk-i386/jre/lib/i386/libzip.so
b6350000-b6351000 rw-p 00008000 08:07 3540812    /usr/lib/jvm/java-7-openjdk-i386/jre/lib/i386/libzip.so
b6351000-b6359000 rw-s 00000000 08:07 3801722    /tmp/hsperfdata_akhil/13488
b6359000-b637f000 r-xp 00000000 08:07 3540820    /usr/lib/jvm/java-7-openjdk-i386/jre/lib/i386/libjava.so
b637f000-b6380000 r--p 00025000 08:07 3540820    /usr/lib/jvm/java-7-openjdk-i386/jre/lib/i386/libjava.so
b6380000-b6381000 rw-p 00026000 08:07 3540820    /usr/lib/jvm/java-7-openjdk-i386/jre/lib/i386/libjava.so
b6381000-b6388000 r-xp 00000000 08:07 5899507    /lib/i386-linux-gnu/librt-2.21.so
b6388000-b6389000 r--p 00006000 08:07 5899507    /lib/i386-linux-gnu/librt-2.21.so
b6389000-b638a000 rw-p 00007000 08:07 5899507    /lib/i386-linux-gnu/librt-2.21.so
b638a000-b638d000 ---p 00000000 00:00 0 
b638d000-b63db000 rw-p 00000000 00:00 0          [stack:13493]
b63db000-b63f7000 r-xp 00000000 08:07 5899524    /lib/i386-linux-gnu/libgcc_s.so.1
b63f7000-b63f8000 r--p 0001b000 08:07 5899524    /lib/i386-linux-gnu/libgcc_s.so.1
b63f8000-b63f9000 rw-p 0001c000 08:07 5899524    /lib/i386-linux-gnu/libgcc_s.so.1
b63f9000-b6444000 r-xp 00000000 08:07 5899425    /lib/i386-linux-gnu/libm-2.21.so
b6444000-b6445000 r--p 0004a000 08:07 5899425    /lib/i386-linux-gnu/libm-2.21.so
b6445000-b6446000 rw-p 0004b000 08:07 5899425    /lib/i386-linux-gnu/libm-2.21.so
b6446000-b65b3000 r-xp 00000000 08:07 3019096    /usr/lib/i386-linux-gnu/libstdc++.so.6.0.21
b65b3000-b65b4000 ---p 0016d000 08:07 3019096    /usr/lib/i386-linux-gnu/libstdc++.so.6.0.21
b65b4000-b65b9000 r--p 0016d000 08:07 3019096    /usr/lib/i386-linux-gnu/libstdc++.so.6.0.21
b65b9000-b65ba000 rw-p 00172000 08:07 3019096    /usr/lib/i386-linux-gnu/libstdc++.so.6.0.21
b65ba000-b65bd000 rw-p 00000000 00:00 0 
b65bd000-b7123000 r-xp 00000000 08:07 3540828    /usr/lib/jvm/java-7-openjdk-i386/jre/lib/i386/server/libjvm.so
b7123000-b716e000 r--p 00b65000 08:07 3540828    /usr/lib/jvm/java-7-openjdk-i386/jre/lib/i386/server/libjvm.so
b716e000-b7182000 rw-p 00bb0000 08:07 3540828    /usr/lib/jvm/java-7-openjdk-i386/jre/lib/i386/server/libjvm.so
b7182000-b75a0000 rw-p 00000000 00:00 0 
b75a0000-b75b9000 r-xp 00000000 08:07 5898319    /lib/i386-linux-gnu/libz.so.1.2.8
b75b9000-b75ba000 r--p 00018000 08:07 5898319    /lib/i386-linux-gnu/libz.so.1.2.8
b75ba000-b75bb000 rw-p 00019000 08:07 5898319    /lib/i386-linux-gnu/libz.so.1.2.8
b75bb000-b75d4000 r-xp 00000000 08:07 5899499    /lib/i386-linux-gnu/libpthread-2.21.so
b75d4000-b75d5000 r--p 00018000 08:07 5899499    /lib/i386-linux-gnu/libpthread-2.21.so
b75d5000-b75d6000 rw-p 00019000 08:07 5899499    /lib/i386-linux-gnu/libpthread-2.21.so
b75d6000-b75d8000 rw-p 00000000 00:00 0 
b75d8000-b75db000 r-xp 00000000 08:07 5899383    /lib/i386-linux-gnu/libdl-2.21.so
b75db000-b75dc000 r--p 00002000 08:07 5899383    /lib/i386-linux-gnu/libdl-2.21.so
b75dc000-b75dd000 rw-p 00003000 08:07 5899383    /lib/i386-linux-gnu/libdl-2.21.so
b75dd000-b7791000 r-xp 00000000 08:07 5899366    /lib/i386-linux-gnu/libc-2.21.so
b7791000-b7794000 r--p 001b3000 08:07 5899366    /lib/i386-linux-gnu/libc-2.21.so
b7794000-b7796000 rw-p 001b6000 08:07 5899366    /lib/i386-linux-gnu/libc-2.21.so
b7796000-b7798000 rw-p 00000000 00:00 0 
b7798000-b7799000 r--s 00002000 08:07 3540799    /usr/lib/jvm/java-7-openjdk-i386/jre/lib/ext/dnsns.jar
b7799000-b779a000 r--p 005db000 08:07 3023765    /usr/lib/locale/locale-archive
b779a000-b77a2000 r-xp 00000000 08:07 5899448    /lib/i386-linux-gnu/libnss_compat-2.21.so
b77a2000-b77a3000 r--p 00007000 08:07 5899448    /lib/i386-linux-gnu/libnss_compat-2.21.so
b77a3000-b77a4000 rw-p 00008000 08:07 5899448    /lib/i386-linux-gnu/libnss_compat-2.21.so
b77a4000-b77a5000 rw-p 00000000 00:00 0 
b77a5000-b77a6000 ---p 00000000 00:00 0 
b77a6000-b77b4000 r-xp 00000000 08:07 3540836    /usr/lib/jvm/java-7-openjdk-i386/jre/lib/i386/libverify.so
b77b4000-b77b5000 r--p 0000d000 08:07 3540836    /usr/lib/jvm/java-7-openjdk-i386/jre/lib/i386/libverify.so
b77b5000-b77b6000 rw-p 0000e000 08:07 3540836    /usr/lib/jvm/java-7-openjdk-i386/jre/lib/i386/libverify.so
b77b6000-b77c2000 r-xp 00000000 08:07 3540837    /usr/lib/jvm/java-7-openjdk-i386/jre/lib/i386/jli/libjli.so
b77c2000-b77c3000 r--p 0000b000 08:07 3540837    /usr/lib/jvm/java-7-openjdk-i386/jre/lib/i386/jli/libjli.so
b77c3000-b77c4000 rw-p 0000c000 08:07 3540837    /usr/lib/jvm/java-7-openjdk-i386/jre/lib/i386/jli/libjli.so
b77c4000-b77c7000 rw-p 00000000 00:00 0 
b77c7000-b77c9000 r--p 00000000 00:00 0          [vvar]
b77c9000-b77ca000 r-xp 00000000 00:00 0          [vdso]
b77ca000-b77ec000 r-xp 00000000 08:07 5899338    /lib/i386-linux-gnu/ld-2.21.so
b77ec000-b77ed000 r--p 00021000 08:07 5899338    /lib/i386-linux-gnu/ld-2.21.so
b77ed000-b77ee000 rw-p 00022000 08:07 5899338    /lib/i386-linux-gnu/ld-2.21.so
bf806000-bf807000 rwxp 00000000 00:00 0 
bf838000-bf85a000 rw-p 00000000 00:00 0          [stack]

VM Arguments:
jvm_args: -Xmx1024M -Dfile.encoding=UTF-8 -Duser.country=IN -Duser.language=en -Duser.variant 
java_command: com.android.dx.command.Main --dex --num-threads=4 --output /home/akhil/Android Linux/AndroidStudio Workspace/Textile/app/build/intermediates/dex/debug /home/akhil/Android Linux/AndroidStudio Workspace/Textile/app/build/intermediates/classes/debug /home/akhil/Android Linux/AndroidStudio Workspace/Textile/app/build/intermediates/pre-dexed/debug/classes-71beb609d6323c855ed08673eb03139001b55d9f.jar /home/akhil/Android Linux/AndroidStudio Workspace/Textile/app/build/intermediates/pre-dexed/debug/support-annotations-23.1.1-35ee8c546ff778083969bc7d0e3ef22f113bc5bf.jar /home/akhil/Android Linux/AndroidStudio Workspace/Textile/app/build/intermediates/pre-dexed/debug/classes-58f0b0d6a4edcdeac544dace6d11bcb5a80e2590.jar /home/akhil/Android Linux/AndroidStudio Workspace/Textile/app/build/intermediates/pre-dexed/debug/internal_impl-22.2.0-233fc29cc9b9ada3b229788ce7050ffd18ed36d5.jar /home/akhil/Android Linux/AndroidStudio Workspace/Textile/app/build/intermediates/pre-dexed/debug/classes-12fa6e63f5ddf94ea2935d4276e64fd88455dfa0.jar /home/akhil/Android Linux/AndroidStudio Workspace/Textile/app/build/intermediates/pre-dexed/debug/classes-0fe60d16f36dfb31c32263b0e5e1a2143d73a2a5.jar /home/akhil/Android Linux/AndroidStudio Workspace/Textile/app/build/intermediates/pre-dexed/debug/classes-3f98a252866722f8cdbaf23c50cc3a7c292ae1d3.jar /home/akhil/Android Linux/AndroidStudio Workspace/Textile/app/build/intermediates/pre-dexed/debug/classes-b24a6ea5e7c803bc628ff0e4619bd45b1a3f4d24.jar /home/akhil/Android Linux/AndroidStudio Workspace/Textile/app/build/intermediates/pre-dexed/debug/classes-e4f0e40870c1db141295d4247ec7df7692efe548.jar /home/akhil/Android Linux/AndroidStudio Workspace/Textile/app/build/intermediates/pre-dexed/debug/classes-193b7b3ae8fcc1aee4883d237953ddf8ff545966.jar /home/akhil/Android Linux/AndroidStudio Workspace/Textile/app/build/intermediates/pre-dexed/debug/classes-0bff68b1dd44efa636de2c4c019173483e678edc.jar /home/akhil/Android Linux/AndroidStudio Work
Launcher Type: SUN_STANDARD

Environment Variables:
PATH=/usr/local/sbin:/usr/local/bin:/usr/sbin:/usr/bin:/sbin:/bin:/usr/games:/usr/local/games
LD_LIBRARY_PATH=/home/akhil/Android Linux/New Android studio/android-studio/bin:
SHELL=/bin/bash
DISPLAY=:0

Signal Handlers:
SIGSEGV: [libjvm.so+0x80e660], sa_mask[0]=0x7ffbfeff, sa_flags=0x10000004
SIGBUS: [libjvm.so+0x80e660], sa_mask[0]=0x7ffbfeff, sa_flags=0x10000004
SIGFPE: [libjvm.so+0x688620], sa_mask[0]=0x7ffbfeff, sa_flags=0x10000004
SIGPIPE: [libjvm.so+0x688620], sa_mask[0]=0x7ffbfeff, sa_flags=0x10000004
SIGXFSZ: [libjvm.so+0x688620], sa_mask[0]=0x7ffbfeff, sa_flags=0x10000004
SIGILL: [libjvm.so+0x688620], sa_mask[0]=0x7ffbfeff, sa_flags=0x10000004
SIGUSR1: SIG_DFL, sa_mask[0]=0x00000000, sa_flags=0x00000000
SIGUSR2: [libjvm.so+0x688470], sa_mask[0]=0x00000004, sa_flags=0x10000004
SIGHUP: [libjvm.so+0x688650], sa_mask[0]=0x7ffbfeff, sa_flags=0x10000004
SIGINT: [libjvm.so+0x688650], sa_mask[0]=0x7ffbfeff, sa_flags=0x10000004
SIGTERM: [libjvm.so+0x688650], sa_mask[0]=0x7ffbfeff, sa_flags=0x10000004
SIGQUIT: [libjvm.so+0x688650], sa_mask[0]=0x7ffbfeff, sa_flags=0x10000004
SIGTRAP: SIG_DFL, sa_mask[0]=0x00000000, sa_flags=0x00000000


---------------  S Y S T E M  ---------------

OS:Ubuntu 15.10 (wily)
uname:Linux 4.2.0-18-generic #22-Ubuntu SMP Fri Nov 6 23:32:28 UTC 2015 i686
libc:glibc 2.21 NPTL 2.21 
rlimit: STACK 8192k, CORE 0k, NPROC 29724, NOFILE 65536, AS infinity
load average:2.00 1.53 1.69

/proc/meminfo:
MemTotal:        3837900 kB
MemFree:          125872 kB
MemAvailable:     221520 kB
Buffers:           14124 kB
Cached:           459664 kB
SwapCached:            0 kB
Active:          3230920 kB
Inactive:         380840 kB
Active(anon):    3183952 kB
Inactive(anon):   333560 kB
Active(file):      46968 kB
Inactive(file):    47280 kB
Unevictable:         228 kB
Mlocked:             228 kB
HighTotal:       2981304 kB
HighFree:           8072 kB
LowTotal:         856596 kB
LowFree:          117800 kB
SwapTotal:             0 kB
SwapFree:              0 kB
Dirty:              2704 kB
Writeback:             0 kB
AnonPages:       3138412 kB
Mapped:           273832 kB
Shmem:            379396 kB
Slab:              51440 kB
SReclaimable:      25976 kB
SUnreclaim:        25464 kB
KernelStack:        5432 kB
PageTables:        21220 kB
NFS_Unstable:          0 kB
Bounce:                0 kB
WritebackTmp:          0 kB
CommitLimit:     1918948 kB
Committed_AS:    9956328 kB
VmallocTotal:     122880 kB
VmallocUsed:       16188 kB
VmallocChunk:      62600 kB
AnonHugePages:   1675264 kB
CmaTotal:              0 kB
CmaFree:               0 kB
HugePages_Total:       0
HugePages_Free:        0
HugePages_Rsvd:        0
HugePages_Surp:        0
Hugepagesize:       2048 kB
DirectMap4k:       75768 kB
DirectMap2M:      835584 kB


CPU:total 2 (2 cores per cpu, 1 threads per core) family 6 model 58 stepping 9, cmov, cx8, fxsr, mmx, sse, sse2, sse3, ssse3, sse4.1, sse4.2, popcnt, erms, tsc, tscinvbit, tscinv

/proc/cpuinfo:
processor	: 0
vendor_id	: GenuineIntel
cpu family	: 6
model		: 58
model name	: Intel(R) Pentium(R) CPU G2020 @ 2.90GHz
stepping	: 9
microcode	: 0x12
cpu MHz		: 2900.000
cache size	: 3072 KB
physical id	: 0
siblings	: 2
core id		: 0
cpu cores	: 2
apicid		: 0
initial apicid	: 0
fdiv_bug	: no
f00f_bug	: no
coma_bug	: no
fpu		: yes
fpu_exception	: yes
cpuid level	: 13
wp		: yes
flags		: fpu vme de pse tsc msr pae mce cx8 apic sep mtrr pge mca cmov pat pse36 clflush dts acpi mmx fxsr sse sse2 ss ht tm pbe nx rdtscp lm constant_tsc arch_perfmon pebs bts xtopology nonstop_tsc aperfmperf eagerfpu pni pclmulqdq dtes64 monitor ds_cpl vmx est tm2 ssse3 cx16 xtpr pdcm pcid sse4_1 sse4_2 popcnt tsc_deadline_timer xsave lahf_lm arat epb pln pts dtherm tpr_shadow vnmi flexpriority ept vpid fsgsbase smep erms xsaveopt
bugs		:
bogomips	: 5787.03
clflush size	: 64
cache_alignment	: 64
address sizes	: 36 bits physical, 48 bits virtual
power management:

processor	: 1
vendor_id	: GenuineIntel
cpu family	: 6
model		: 58
model name	: Intel(R) Pentium(R) CPU G2020 @ 2.90GHz
stepping	: 9
microcode	: 0x12
cpu MHz		: 2900.000
cache size	: 3072 KB
physical id	: 0
siblings	: 2
core id		: 1
cpu cores	: 2
apicid		: 2
initial apicid	: 2
fdiv_bug	: no
f00f_bug	: no
coma_bug	: no
fpu		: yes
fpu_exception	: yes
cpuid level	: 13
wp		: yes
flags		: fpu vme de pse tsc msr pae mce cx8 apic sep mtrr pge mca cmov pat pse36 clflush dts acpi mmx fxsr sse sse2 ss ht tm pbe nx rdtscp lm constant_tsc arch_perfmon pebs bts xtopology nonstop_tsc aperfmperf eagerfpu pni pclmulqdq dtes64 monitor ds_cpl vmx est tm2 ssse3 cx16 xtpr pdcm pcid sse4_1 sse4_2 popcnt tsc_deadline_timer xsave lahf_lm arat epb pln pts dtherm tpr_shadow vnmi flexpriority ept vpid fsgsbase smep erms xsaveopt
bugs		:
bogomips	: 5787.03
clflush size	: 64
cache_alignment	: 64
address sizes	: 36 bits physical, 48 bits virtual
power management:



Memory: 4k page, physical 3837900k(125872k free), swap 0k(0k free)

vm_info: OpenJDK Server VM (24.85-b03) for linux-x86 JRE (1.7.0_85-b01), built on Oct 22 2015 09:11:51 by "buildd" with gcc 5.2.1 20151010

time: Thu Nov 26 13:38:19 2015
elapsed time: 8 seconds

