#
# There is insufficient memory for the Java Runtime Environment to continue.
# Native memory allocation (malloc) failed to allocate 79167488 bytes for committing reserved memory.
# Possible reasons:
#   The system is out of physical RAM or swap space
#   In 32 bit mode, the process size limit was hit
# Possible solutions:
#   Reduce memory load on the system
#   Increase physical memory or swap space
#   Check if swap backing store is full
#   Use 64 bit Java on a 64 bit OS
#   Decrease Java heap size (-Xmx/-Xms)
#   Decrease number of Java threads
#   Decrease Java thread stack sizes (-Xss)
#   Set larger code cache with -XX:ReservedCodeCacheSize=
# This output file may be truncated or incomplete.
#
#  Out of Memory Error (os_linux.cpp:2827), pid=10134, tid=1788570432
#
# JRE version: OpenJDK Runtime Environment (7.0_85-b01) (build 1.7.0_85-b01)
# Java VM: OpenJDK Server VM (24.85-b03 mixed mode linux-x86 )
# Derivative: IcedTea 2.6.1
# Distribution: Ubuntu 15.10, package 7u85-2.6.1-5ubuntu0.15.10.1
# Failed to write core dump. Core dumps have been disabled. To enable core dumping, try "ulimit -c unlimited" before starting Java again
#

---------------  T H R E A D  ---------------

Current thread (0x67c10c00):  VMThread [stack: 0x6a936000,0x6a9b7000] [id=10142]

Stack: [0x6a936000,0x6a9b7000]
VM_Operation (0xb62f1d8c): ParallelGCFailedAllocation, mode: safepoint, requested by thread 0xb610a400


---------------  P R O C E S S  ---------------

Java Threads: ( => current thread )
  0x67c2c400 JavaThread "Service Thread" daemon [_thread_blocked, id=10148, stack(0x6785c000,0x678ad000)]
  0x67c2a400 JavaThread "C2 CompilerThread1" daemon [_thread_blocked, id=10147, stack(0x678ad000,0x6792e000)]
  0x67c28400 JavaThread "C2 CompilerThread0" daemon [_thread_blocked, id=10146, stack(0x6792e000,0x679af000)]
  0x67c26c00 JavaThread "Signal Dispatcher" daemon [_thread_blocked, id=10145, stack(0x679af000,0x67a00000)]
  0x67c15000 JavaThread "Finalizer" daemon [_thread_blocked, id=10144, stack(0x67d2c000,0x67d7d000)]
  0x67c13400 JavaThread "Reference Handler" daemon [_thread_blocked, id=10143, stack(0x67d7d000,0x67dce000)]
  0xb610a400 JavaThread "main" [_thread_blocked, id=10139, stack(0xb62a2000,0xb62f3000)]

Other Threads:
=>0x67c10c00 VMThread [stack: 0x6a936000,0x6a9b7000] [id=10142]
  0x67c2e000 WatcherThread [stack: 0x677db000,0x6785c000] [id=10149]

VM state:at safepoint (normal execution)

VM Mutex/Monitor currently owned by a thread:  ([mutex/lock_event])
[0xb6107ba0] Threads_lock - owner thread: 0x67c10c00
[0xb6107fb0] Heap_lock - owner thread: 0xb610a400

Heap
 PSYoungGen      total 258304K, used 7239K [0x9dac0000, 0xae440000, 0xb3040000)
  eden space 245248K, 0% used [0x9dac0000,0x9dac0000,0xaca40000)
  from space 13056K, 55% used [0xaca40000,0xad151de0,0xad700000)
  to   space 12544K, 0% used [0xad700000,0xad700000,0xae340000)
 ParOldGen       total 39936K, used 29821K [0x73040000, 0x75740000, 0x9dac0000)
  object space 39936K, 74% used [0x73040000,0x74d5f540,0x75740000)
 PSPermGen       total 16384K, used 5371K [0x6b040000, 0x6c040000, 0x73040000)
  object space 16384K, 32% used [0x6b040000,0x6b57ed48,0x6c040000)

Card table byte_map: [0x6adff000,0x6b040000] byte_map_base: 0x6aaa6e00

Polling page: 0xb76bd000

Code Cache  [0xb3100000, 0xb3410000, 0xb6100000)
 total_blobs=1262 nmethods=1127 adapters=89 free_code_cache=46053Kb largest_free_block=47122368

Compilation events (10 events):
Event: 10.030 Thread 0x67c28400 nmethod 1154 0xb33f7e88 code [0xb33f7f60, 0xb33f7fb0]
Event: 10.030 Thread 0x67c28400 1155             com.android.dx.io.instructions.DecodedInstruction::getAUnit (46 bytes)
Event: 10.031 Thread 0x67c28400 nmethod 1155 0xb32d4908 code [0xb32d4a00, 0xb32d4a90]
Event: 10.031 Thread 0x67c28400 1156             com.android.dx.io.instructions.RegisterRangeDecodedInstruction::getA (5 bytes)
Event: 10.031 Thread 0x67c28400 nmethod 1156 0xb3408c88 code [0xb3408d60, 0xb3408db0]
Event: 10.032 Thread 0x67c2a400 nmethod 1153 0xb3408148 code [0xb3408260, 0xb3408450]
Event: 10.052 Thread 0x67c28400 1157             com.android.dx.io.instructions.InstructionCodec$7::decode (50 bytes)
Event: 10.054 Thread 0x67c2a400 1158             com.android.dx.io.instructions.InstructionCodec$7::encode (23 bytes)
Event: 10.055 Thread 0x67c2a400 nmethod 1158 0xb33f9ac8 code [0xb33f9bc0, 0xb33f9cf0]
Event: 10.056 Thread 0x67c28400 nmethod 1157 0xb3407c48 code [0xb3407d60, 0xb3407f70]

GC Heap History (10 events):
Event: 3.590 GC heap after
Heap after GC invocations=4 (full 0):
 PSYoungGen      total 63744K, used 2295K [0x9dac0000, 0xa1b40000, 0xb3040000)
  eden space 61440K, 0% used [0x9dac0000,0x9dac0000,0xa16c0000)
  from space 2304K, 99% used [0xa1900000,0xa1b3df00,0xa1b40000)
  to   space 2304K, 0% used [0xa16c0000,0xa16c0000,0xa1900000)
 ParOldGen       total 39936K, used 18421K [0x73040000, 0x75740000, 0x9dac0000)
  object space 39936K, 46% used [0x73040000,0x7423d410,0x75740000)
 PSPermGen       total 16384K, used 4112K [0x6b040000, 0x6c040000, 0x73040000)
  object space 16384K, 25% used [0x6b040000,0x6b4441c0,0x6c040000)
}
Event: 7.574 GC heap before
{Heap before GC invocations=5 (full 0):
 PSYoungGen      total 63744K, used 63735K [0x9dac0000, 0xa1b40000, 0xb3040000)
  eden space 61440K, 100% used [0x9dac0000,0xa16c0000,0xa16c0000)
  from space 2304K, 99% used [0xa1900000,0xa1b3df00,0xa1b40000)
  to   space 2304K, 0% used [0xa16c0000,0xa16c0000,0xa1900000)
 ParOldGen       total 39936K, used 18421K [0x73040000, 0x75740000, 0x9dac0000)
  object space 39936K, 46% used [0x73040000,0x7423d410,0x75740000)
 PSPermGen       total 16384K, used 5276K [0x6b040000, 0x6c040000, 0x73040000)
  object space 16384K, 32% used [0x6b040000,0x6b5672a0,0x6c040000)
Event: 7.616 GC heap after
Heap after GC invocations=5 (full 0):
 PSYoungGen      total 63744K, used 2296K [0x9dac0000, 0xa6d40000, 0xb3040000)
  eden space 61440K, 0% used [0x9dac0000,0x9dac0000,0xa16c0000)
  from space 2304K, 99% used [0xa16c0000,0xa18fe3b0,0xa1900000)
  to   space 13568K, 0% used [0xa6000000,0xa6000000,0xa6d40000)
 ParOldGen       total 39936K, used 27521K [0x73040000, 0x75740000, 0x9dac0000)
  object space 39936K, 68% used [0x73040000,0x74b20468,0x75740000)
 PSPermGen       total 16384K, used 5276K [0x6b040000, 0x6c040000, 0x73040000)
  object space 16384K, 32% used [0x6b040000,0x6b5672a0,0x6c040000)
}
Event: 8.086 GC heap before
{Heap before GC invocations=6 (full 0):
 PSYoungGen      total 63744K, used 63736K [0x9dac0000, 0xa6d40000, 0xb3040000)
  eden space 61440K, 100% used [0x9dac0000,0xa16c0000,0xa16c0000)
  from space 2304K, 99% used [0xa16c0000,0xa18fe3b0,0xa1900000)
  to   space 13568K, 0% used [0xa6000000,0xa6000000,0xa6d40000)
 ParOldGen       total 39936K, used 27521K [0x73040000, 0x75740000, 0x9dac0000)
  object space 39936K, 68% used [0x73040000,0x74b20468,0x75740000)
 PSPermGen       total 16384K, used 5351K [0x6b040000, 0x6c040000, 0x73040000)
  object space 16384K, 32% used [0x6b040000,0x6b579d60,0x6c040000)
Event: 8.107 GC heap after
Heap after GC invocations=6 (full 0):
 PSYoungGen      total 135424K, used 6162K [0x9dac0000, 0xa6c40000, 0xb3040000)
  eden space 122880K, 0% used [0x9dac0000,0x9dac0000,0xa52c0000)
  from space 12544K, 49% used [0xa6000000,0xa6604ae8,0xa6c40000)
  to   space 13056K, 0% used [0xa52c0000,0xa52c0000,0xa5f80000)
 ParOldGen       total 39936K, used 27521K [0x73040000, 0x75740000, 0x9dac0000)
  object space 39936K, 68% used [0x73040000,0x74b20468,0x75740000)
 PSPermGen       total 16384K, used 5351K [0x6b040000, 0x6c040000, 0x73040000)
  object space 16384K, 32% used [0x6b040000,0x6b579d60,0x6c040000)
}
Event: 8.876 GC heap before
{Heap before GC invocations=7 (full 0):
 PSYoungGen      total 135424K, used 129042K [0x9dac0000, 0xa6c40000, 0xb3040000)
  eden space 122880K, 100% used [0x9dac0000,0xa52c0000,0xa52c0000)
  from space 12544K, 49% used [0xa6000000,0xa6604ae8,0xa6c40000)
  to   space 13056K, 0% used [0xa52c0000,0xa52c0000,0xa5f80000)
 ParOldGen       total 39936K, used 27521K [0x73040000, 0x75740000, 0x9dac0000)
  object space 39936K, 68% used [0x73040000,0x74b20468,0x75740000)
 PSPermGen       total 16384K, used 5362K [0x6b040000, 0x6c040000, 0x73040000)
  object space 16384K, 32% used [0x6b040000,0x6b57cb38,0x6c040000)
Event: 8.911 GC heap after
Heap after GC invocations=7 (full 0):
 PSYoungGen      total 135936K, used 6063K [0x9dac0000, 0xae340000, 0xb3040000)
  eden space 122880K, 0% used [0x9dac0000,0x9dac0000,0xa52c0000)
  from space 13056K, 46% used [0xa52c0000,0xa58abcf0,0xa5f80000)
  to   space 12544K, 0% used [0xad700000,0xad700000,0xae340000)
 ParOldGen       total 39936K, used 28460K [0x73040000, 0x75740000, 0x9dac0000)
  object space 39936K, 71% used [0x73040000,0x74c0b078,0x75740000)
 PSPermGen       total 16384K, used 5362K [0x6b040000, 0x6c040000, 0x73040000)
  object space 16384K, 32% used [0x6b040000,0x6b57cb38,0x6c040000)
}
Event: 9.360 GC heap before
{Heap before GC invocations=8 (full 0):
 PSYoungGen      total 135936K, used 128943K [0x9dac0000, 0xae340000, 0xb3040000)
  eden space 122880K, 100% used [0x9dac0000,0xa52c0000,0xa52c0000)
  from space 13056K, 46% used [0xa52c0000,0xa58abcf0,0xa5f80000)
  to   space 12544K, 0% used [0xad700000,0xad700000,0xae340000)
 ParOldGen       total 39936K, used 28460K [0x73040000, 0x75740000, 0x9dac0000)
  object space 39936K, 71% used [0x73040000,0x74c0b078,0x75740000)
 PSPermGen       total 16384K, used 5367K [0x6b040000, 0x6c040000, 0x73040000)
  object space 16384K, 32% used [0x6b040000,0x6b57df00,0x6c040000)
Event: 9.404 GC heap after
Heap after GC invocations=8 (full 0):
 PSYoungGen      total 257792K, used 9902K [0x9dac0000, 0xae440000, 0xb3040000)
  eden space 245248K, 0% used [0x9dac0000,0x9dac0000,0xaca40000)
  from space 12544K, 78% used [0xad700000,0xae0ab980,0xae340000)
  to   space 13056K, 0% used [0xaca40000,0xaca40000,0xad700000)
 ParOldGen       total 39936K, used 29414K [0x73040000, 0x75740000, 0x9dac0000)
  object space 39936K, 73% used [0x73040000,0x74cf9b48,0x75740000)
 PSPermGen       total 16384K, used 5367K [0x6b040000, 0x6c040000, 0x73040000)
  object space 16384K, 32% used [0x6b040000,0x6b57df00,0x6c040000)
}
Event: 10.140 GC heap before
{Heap before GC invocations=9 (full 0):
 PSYoungGen      total 257792K, used 252984K [0x9dac0000, 0xae440000, 0xb3040000)
  eden space 245248K, 99% used [0x9dac0000,0xac8229c0,0xaca40000)
  from space 12544K, 78% used [0xad700000,0xae0ab980,0xae340000)
  to   space 13056K, 0% used [0xaca40000,0xaca40000,0xad700000)
 ParOldGen       total 39936K, used 29414K [0x73040000, 0x75740000, 0x9dac0000)
  object space 39936K, 73% used [0x73040000,0x74cf9b48,0x75740000)
 PSPermGen       total 16384K, used 5371K [0x6b040000, 0x6c040000, 0x73040000)
  object space 16384K, 32% used [0x6b040000,0x6b57ed48,0x6c040000)

Deoptimization events (10 events):
Event: 8.323 Thread 0xb610a400 Uncommon trap: reason=array_check action=maybe_recompile pc=0xb33b2b7c method=java.util.ComparableTimSort.binarySort([Ljava/lang/Object;III)V @ 183
Event: 8.457 Thread 0xb610a400 Uncommon trap: reason=unstable_if action=reinterpret pc=0xb33450f0 method=com.android.dex.Mutf8.decode(Lcom/android/dex/util/ByteInput;[C)Ljava/lang/String; @ 37
Event: 8.457 Thread 0xb610a400 Uncommon trap: reason=unstable_if action=reinterpret pc=0xb337327c method=com.android.dex.Mutf8.countBytes(Ljava/lang/String;Z)J @ 35
Event: 8.457 Thread 0xb610a400 Uncommon trap: reason=unstable_if action=reinterpret pc=0xb3349c34 method=com.android.dex.Mutf8.encode([BILjava/lang/String;)V @ 31
Event: 8.546 Thread 0xb610a400 Uncommon trap: reason=unstable_if action=reinterpret pc=0xb336f520 method=com.android.dex.Mutf8.countBytes(Ljava/lang/String;Z)J @ 35
Event: 8.659 Thread 0xb610a400 Uncommon trap: reason=unstable_if action=reinterpret pc=0xb3374f44 method=com.android.dex.Mutf8.countBytes(Ljava/lang/String;Z)J @ 35
Event: 8.681 Thread 0xb610a400 Uncommon trap: reason=unstable_if action=reinterpret pc=0xb33e06c4 method=java.util.ComparableTimSort.mergeHi(IIII)V @ 553
Event: 8.818 Thread 0xb610a400 Uncommon trap: reason=unstable_if action=reinterpret pc=0xb3366b14 method=com.android.dex.Mutf8.countBytes(Ljava/lang/String;Z)J @ 35
Event: 8.862 Thread 0xb610a400 Uncommon trap: reason=unstable_if action=reinterpret pc=0xb33baf18 method=com.android.dx.merge.DexMerger.transformAnnotationDirectory(Lcom/android/dex/Dex$Section;Lcom/android/dx/merge/IndexMap;)V @ 199
Event: 9.584 Thread 0xb610a400 Uncommon trap: reason=unstable_if action=reinterpret pc=0xb33f6844 method=java.util.ComparableTimSort.mergeLo(IIII)V @ 522

Internal exceptions (10 events):
Event: 5.769 Thread 0xb610a400 Threw 0x9ef5b3c8 at /build/openjdk-7-Qyh454/openjdk-7-7u85-2.6.1/build/openjdk/hotspot/src/share/vm/prims/jvm.cpp:1322
Event: 5.775 Thread 0xb610a400 Threw 0x9ef62340 at /build/openjdk-7-Qyh454/openjdk-7-7u85-2.6.1/build/openjdk/hotspot/src/share/vm/prims/jvm.cpp:1322
Event: 5.775 Thread 0xb610a400 Threw 0x9ef64e00 at /build/openjdk-7-Qyh454/openjdk-7-7u85-2.6.1/build/openjdk/hotspot/src/share/vm/prims/jvm.cpp:1322
Event: 6.223 Thread 0xb610a400 Threw 0x9f119938 at /build/openjdk-7-Qyh454/openjdk-7-7u85-2.6.1/build/openjdk/hotspot/src/share/vm/prims/jvm.cpp:1322
Event: 6.223 Thread 0xb610a400 Threw 0x9f119a50 at /build/openjdk-7-Qyh454/openjdk-7-7u85-2.6.1/build/openjdk/hotspot/src/share/vm/prims/jvm.cpp:1322
Event: 6.224 Thread 0xb610a400 Threw 0x9f11bea0 at /build/openjdk-7-Qyh454/openjdk-7-7u85-2.6.1/build/openjdk/hotspot/src/share/vm/prims/jvm.cpp:1322
Event: 6.224 Thread 0xb610a400 Threw 0x9f11bfb8 at /build/openjdk-7-Qyh454/openjdk-7-7u85-2.6.1/build/openjdk/hotspot/src/share/vm/prims/jvm.cpp:1322
Event: 6.224 Thread 0xb610a400 Threw 0x9f11c928 at /build/openjdk-7-Qyh454/openjdk-7-7u85-2.6.1/build/openjdk/hotspot/src/share/vm/prims/jvm.cpp:1322
Event: 6.224 Thread 0xb610a400 Threw 0x9f11ca40 at /build/openjdk-7-Qyh454/openjdk-7-7u85-2.6.1/build/openjdk/hotspot/src/share/vm/prims/jvm.cpp:1322
Event: 7.330 Thread 0xb610a400 Threw 0xa046a338 at /build/openjdk-7-Qyh454/openjdk-7-7u85-2.6.1/build/openjdk/hotspot/src/share/vm/prims/jvm.cpp:1322

Events (10 events):
Event: 9.084 Thread 0x67c2a400 flushing nmethod 0xb3350008
Event: 9.084 Thread 0x67c2a400 flushing nmethod 0xb3356148
Event: 9.359 Executing VM operation: ParallelGCFailedAllocation
Event: 9.404 Executing VM operation: ParallelGCFailedAllocation done
Event: 9.584 Thread 0xb610a400 Uncommon trap: trap_request=0xffffff75 fr.pc=0xb33f6844
Event: 9.584 Thread 0xb610a400 DEOPT PACKING pc=0xb33f6844 sp=0xb62f1cb0
Event: 9.584 Thread 0xb610a400 DEOPT UNPACKING pc=0xb312cbc8 sp=0xb62f1ccc mode 2
Event: 10.024 Thread 0x67c2a400 flushing nmethod 0xb32d4908
Event: 10.030 Thread 0x67c28400 flushing nmethod 0xb3377448
Event: 10.139 Executing VM operation: ParallelGCFailedAllocation


Dynamic libraries:
08048000-08049000 r-xp 00000000 08:07 3540783    /usr/lib/jvm/java-7-openjdk-i386/jre/bin/java
08049000-0804a000 r--p 00000000 08:07 3540783    /usr/lib/jvm/java-7-openjdk-i386/jre/bin/java
0804a000-0804b000 rw-p 00001000 08:07 3540783    /usr/lib/jvm/java-7-openjdk-i386/jre/bin/java
098e0000-0a1e5000 rw-p 00000000 00:00 0          [heap]
66300000-663ff000 rw-p 00000000 00:00 0 
663ff000-66400000 ---p 00000000 00:00 0 
66400000-664d7000 rw-p 00000000 00:00 0 
664d7000-66500000 ---p 00000000 00:00 0 
66500000-665fb000 rw-p 00000000 00:00 0 
665fb000-66600000 ---p 00000000 00:00 0 
66700000-667fd000 rw-p 00000000 00:00 0 
667fd000-66800000 ---p 00000000 00:00 0 
66856000-66a17000 rw-p 00000000 00:00 0 
66a17000-66b3c000 r-xp 00000000 08:07 5899442    /lib/i386-linux-gnu/libglib-2.0.so.0.4600.1
66b3c000-66b3d000 r--p 00124000 08:07 5899442    /lib/i386-linux-gnu/libglib-2.0.so.0.4600.1
66b3d000-66b3e000 rw-p 00125000 08:07 5899442    /lib/i386-linux-gnu/libglib-2.0.so.0.4600.1
66b3e000-66cfb000 r-xp 00000000 08:07 3019098    /usr/lib/i386-linux-gnu/libgio-2.0.so.0.4600.1
66cfb000-66cfc000 ---p 001bd000 08:07 3019098    /usr/lib/i386-linux-gnu/libgio-2.0.so.0.4600.1
66cfc000-66cfe000 r--p 001bd000 08:07 3019098    /usr/lib/i386-linux-gnu/libgio-2.0.so.0.4600.1
66cfe000-66cff000 rw-p 001bf000 08:07 3019098    /usr/lib/i386-linux-gnu/libgio-2.0.so.0.4600.1
66cff000-66d00000 rw-p 00000000 00:00 0 
66d00000-66d4e000 rw-p 00000000 00:00 0 
66d4e000-66e00000 ---p 00000000 00:00 0 
66e00000-66efc000 rw-p 00000000 00:00 0 
66efc000-66f00000 ---p 00000000 00:00 0 
66f00000-66ff7000 rw-p 00000000 00:00 0 
66ff7000-67000000 ---p 00000000 00:00 0 
67000000-670fa000 rw-p 00000000 00:00 0 
670fa000-67100000 ---p 00000000 00:00 0 
67100000-671e8000 rw-p 00000000 00:00 0 
671e8000-67200000 ---p 00000000 00:00 0 
67215000-67286000 r-xp 00000000 08:07 5898310    /lib/i386-linux-gnu/libpcre.so.3.13.1
67286000-67287000 r--p 00070000 08:07 5898310    /lib/i386-linux-gnu/libpcre.so.3.13.1
67287000-67288000 rw-p 00071000 08:07 5898310    /lib/i386-linux-gnu/libpcre.so.3.13.1
67288000-6729c000 r-xp 00000000 08:07 5899505    /lib/i386-linux-gnu/libresolv-2.21.so
6729c000-6729e000 r--p 00013000 08:07 5899505    /lib/i386-linux-gnu/libresolv-2.21.so
6729e000-6729f000 rw-p 00015000 08:07 5899505    /lib/i386-linux-gnu/libresolv-2.21.so
6729f000-672a1000 rw-p 00000000 00:00 0 
672a1000-672fd000 r-xp 00000000 08:07 3019097    /usr/lib/i386-linux-gnu/libgobject-2.0.so.0.4600.1
672fd000-672fe000 ---p 0005c000 08:07 3019097    /usr/lib/i386-linux-gnu/libgobject-2.0.so.0.4600.1
672fe000-672ff000 r--p 0005c000 08:07 3019097    /usr/lib/i386-linux-gnu/libgobject-2.0.so.0.4600.1
672ff000-67300000 rw-p 0005d000 08:07 3019097    /usr/lib/i386-linux-gnu/libgobject-2.0.so.0.4600.1
67300000-673fc000 rw-p 00000000 00:00 0 
673fc000-67400000 ---p 00000000 00:00 0 
67400000-674ed000 rw-p 00000000 00:00 0 
674ed000-67500000 ---p 00000000 00:00 0 
67500000-675f6000 rw-p 00000000 00:00 0 
675f6000-67600000 ---p 00000000 00:00 0 
67600000-67625000 r-xp 00000000 08:07 5898256    /lib/i386-linux-gnu/libselinux.so.1
67625000-67626000 r--p 00024000 08:07 5898256    /lib/i386-linux-gnu/libselinux.so.1
67626000-67627000 rw-p 00025000 08:07 5898256    /lib/i386-linux-gnu/libselinux.so.1
67627000-67628000 rw-p 00000000 00:00 0 
67646000-67649000 ---p 00000000 00:00 0 
67649000-67697000 rw-p 00000000 00:00 0 
67697000-6769a000 ---p 00000000 00:00 0 
6769a000-676e8000 rw-p 00000000 00:00 0 
676e8000-676eb000 ---p 00000000 00:00 0 
676eb000-67739000 rw-p 00000000 00:00 0 
67739000-6773c000 ---p 00000000 00:00 0 
6773c000-6778a000 rw-p 00000000 00:00 0 
6778a000-6778d000 ---p 00000000 00:00 0 
6778d000-677db000 rw-p 00000000 00:00 0 
677db000-677dc000 ---p 00000000 00:00 0 
677dc000-6785c000 rw-p 00000000 00:00 0          [stack:10149]
6785c000-6785f000 ---p 00000000 00:00 0 
6785f000-678ad000 rw-p 00000000 00:00 0          [stack:10148]
678ad000-678b0000 ---p 00000000 00:00 0 
678b0000-6792e000 rw-p 00000000 00:00 0          [stack:10147]
6792e000-67931000 ---p 00000000 00:00 0 
67931000-679af000 rw-p 00000000 00:00 0          [stack:10146]
679af000-679b2000 ---p 00000000 00:00 0 
679b2000-67a00000 rw-p 00000000 00:00 0          [stack:10145]
67a00000-67c00000 r--p 00000000 08:07 3023765    /usr/lib/locale/locale-archive
67c00000-67cfe000 rw-p 00000000 00:00 0 
67cfe000-67d00000 ---p 00000000 00:00 0 
67d13000-67d2a000 r-xp 00000000 08:07 3540840    /usr/lib/jvm/java-7-openjdk-i386/jre/lib/i386/libnet.so
67d2a000-67d2b000 r--p 00016000 08:07 3540840    /usr/lib/jvm/java-7-openjdk-i386/jre/lib/i386/libnet.so
67d2b000-67d2c000 rw-p 00017000 08:07 3540840    /usr/lib/jvm/java-7-openjdk-i386/jre/lib/i386/libnet.so
67d2c000-67d2f000 ---p 00000000 00:00 0 
67d2f000-67d7d000 rw-p 00000000 00:00 0          [stack:10144]
67d7d000-67d80000 ---p 00000000 00:00 0 
67d80000-67dce000 rw-p 00000000 00:00 0          [stack:10143]
67dce000-67f80000 r--s 01d30000 08:07 3540802    /usr/lib/jvm/java-7-openjdk-i386/jre/lib/rt.jar
67f80000-6a800000 rw-p 00000000 00:00 0 
6a800000-6a8ff000 rw-p 00000000 00:00 0 
6a8ff000-6a900000 ---p 00000000 00:00 0 
6a901000-6a906000 r--s 0004e000 08:07 3540851    /usr/lib/jvm/java-7-openjdk-i386/jre/lib/jsse.jar
6a906000-6a90d000 r-xp 00000000 08:07 3015859    /usr/lib/i386-linux-gnu/libffi.so.6.0.4
6a90d000-6a90f000 r--p 00006000 08:07 3015859    /usr/lib/i386-linux-gnu/libffi.so.6.0.4
6a90f000-6a910000 rw-p 00008000 08:07 3015859    /usr/lib/i386-linux-gnu/libffi.so.6.0.4
6a910000-6a913000 r-xp 00000000 08:07 3019772    /usr/lib/i386-linux-gnu/libgmodule-2.0.so.0.4600.1
6a913000-6a914000 r--p 00002000 08:07 3019772    /usr/lib/i386-linux-gnu/libgmodule-2.0.so.0.4600.1
6a914000-6a915000 rw-p 00003000 08:07 3019772    /usr/lib/i386-linux-gnu/libgmodule-2.0.so.0.4600.1
6a915000-6a925000 r-xp 00000000 08:07 3540808    /usr/lib/jvm/java-7-openjdk-i386/jre/lib/i386/libnio.so
6a925000-6a926000 r--p 0000f000 08:07 3540808    /usr/lib/jvm/java-7-openjdk-i386/jre/lib/i386/libnio.so
6a926000-6a927000 rw-p 00010000 08:07 3540808    /usr/lib/jvm/java-7-openjdk-i386/jre/lib/i386/libnio.so
6a927000-6a936000 r--s 000df000 08:07 2622907    /home/akhil/Android Linux/Sdk/build-tools/23.0.0_rc3/lib/dx.jar
6a936000-6a937000 ---p 00000000 00:00 0 
6a937000-6aa00000 rw-p 00000000 00:00 0          [stack:10142]
6aa00000-6aa30000 rw-p 00000000 00:00 0 
6aa30000-6ab00000 ---p 00000000 00:00 0 
6ab04000-6ab08000 r--s 00085000 08:07 3540795    /usr/lib/jvm/java-7-openjdk-i386/jre/lib/ext/localedata.jar
6ab08000-6ab0c000 r--s 0003c000 08:07 3540798    /usr/lib/jvm/java-7-openjdk-i386/jre/lib/ext/sunpkcs11.jar
6ab0c000-6ab67000 rw-p 00000000 00:00 0 
6ab67000-6ab68000 ---p 00000000 00:00 0 
6ab68000-6abe8000 rw-p 00000000 00:00 0          [stack:10141]
6abe8000-6abe9000 ---p 00000000 00:00 0 
6abe9000-6ac71000 rw-p 00000000 00:00 0          [stack:10140]
6ac71000-6aca9000 rw-p 00000000 00:00 0 
6aca9000-6acbd000 rw-p 00000000 00:00 0 
6acbd000-6adff000 rw-p 00000000 00:00 0 
6adff000-6ae07000 rw-p 00000000 00:00 0 
6ae07000-6ae3f000 rw-p 00000000 00:00 0 
6ae3f000-6ae53000 rw-p 00000000 00:00 0 
6ae53000-6af94000 rw-p 00000000 00:00 0 
6af94000-6b019000 rw-p 00000000 00:00 0 
6b019000-6b03f000 rw-p 00000000 00:00 0 
6b03f000-6c040000 rw-p 00000000 00:00 0 
6c040000-73040000 rw-p 00000000 00:00 0 
73040000-75740000 rw-p 00000000 00:00 0 
75740000-9dac0000 rw-p 00000000 00:00 0 
9dac0000-ae440000 rw-p 00000000 00:00 0 
b2fc0000-b3040000 rw-p 00000000 00:00 0 
b3040000-b304d000 rw-p 00000000 00:00 0 
b304d000-b3100000 rw-p 00000000 00:00 0 
b3100000-b3410000 rwxp 00000000 00:00 0 
b3410000-b61ff000 rw-p 00000000 00:00 0 
b61ff000-b6200000 ---p 00000000 00:00 0 
b6202000-b621d000 rw-p 00000000 00:00 0 
b621d000-b6229000 r-xp 00000000 08:07 5899452    /lib/i386-linux-gnu/libnss_files-2.21.so
b6229000-b622a000 r--p 0000b000 08:07 5899452    /lib/i386-linux-gnu/libnss_files-2.21.so
b622a000-b622b000 rw-p 0000c000 08:07 5899452    /lib/i386-linux-gnu/libnss_files-2.21.so
b622b000-b6236000 r-xp 00000000 08:07 5899462    /lib/i386-linux-gnu/libnss_nis-2.21.so
b6236000-b6237000 r--p 0000a000 08:07 5899462    /lib/i386-linux-gnu/libnss_nis-2.21.so
b6237000-b6238000 rw-p 0000b000 08:07 5899462    /lib/i386-linux-gnu/libnss_nis-2.21.so
b6238000-b624f000 r-xp 00000000 08:07 5899446    /lib/i386-linux-gnu/libnsl-2.21.so
b624f000-b6250000 r--p 00016000 08:07 5899446    /lib/i386-linux-gnu/libnsl-2.21.so
b6250000-b6251000 rw-p 00017000 08:07 5899446    /lib/i386-linux-gnu/libnsl-2.21.so
b6251000-b6253000 rw-p 00000000 00:00 0 
b6254000-b6256000 r--s 00007000 08:07 3412741    /usr/share/java/java-atk-wrapper.jar
b6256000-b6259000 r--s 0000f000 08:07 3540796    /usr/lib/jvm/java-7-openjdk-i386/jre/lib/ext/icedtea-sound.jar
b6259000-b625b000 r--s 00012000 08:07 3540794    /usr/lib/jvm/java-7-openjdk-i386/jre/lib/ext/zipfs.jar
b625b000-b625f000 r--s 00034000 08:07 3540797    /usr/lib/jvm/java-7-openjdk-i386/jre/lib/ext/sunjce_provider.jar
b625f000-b6267000 r-xp 00000000 08:07 3540812    /usr/lib/jvm/java-7-openjdk-i386/jre/lib/i386/libzip.so
b6267000-b6268000 r--p 00007000 08:07 3540812    /usr/lib/jvm/java-7-openjdk-i386/jre/lib/i386/libzip.so
b6268000-b6269000 rw-p 00008000 08:07 3540812    /usr/lib/jvm/java-7-openjdk-i386/jre/lib/i386/libzip.so
b6269000-b6271000 rw-s 00000000 08:07 4725680    /tmp/hsperfdata_akhil/10134
b6271000-b6297000 r-xp 00000000 08:07 3540820    /usr/lib/jvm/java-7-openjdk-i386/jre/lib/i386/libjava.so
b6297000-b6298000 r--p 00025000 08:07 3540820    /usr/lib/jvm/java-7-openjdk-i386/jre/lib/i386/libjava.so
b6298000-b6299000 rw-p 00026000 08:07 3540820    /usr/lib/jvm/java-7-openjdk-i386/jre/lib/i386/libjava.so
b6299000-b62a0000 r-xp 00000000 08:07 5899507    /lib/i386-linux-gnu/librt-2.21.so
b62a0000-b62a1000 r--p 00006000 08:07 5899507    /lib/i386-linux-gnu/librt-2.21.so
b62a1000-b62a2000 rw-p 00007000 08:07 5899507    /lib/i386-linux-gnu/librt-2.21.so
b62a2000-b62a5000 ---p 00000000 00:00 0 
b62a5000-b62f3000 rw-p 00000000 00:00 0          [stack:10139]
b62f3000-b630f000 r-xp 00000000 08:07 5899524    /lib/i386-linux-gnu/libgcc_s.so.1
b630f000-b6310000 r--p 0001b000 08:07 5899524    /lib/i386-linux-gnu/libgcc_s.so.1
b6310000-b6311000 rw-p 0001c000 08:07 5899524    /lib/i386-linux-gnu/libgcc_s.so.1
b6311000-b635c000 r-xp 00000000 08:07 5899425    /lib/i386-linux-gnu/libm-2.21.so
b635c000-b635d000 r--p 0004a000 08:07 5899425    /lib/i386-linux-gnu/libm-2.21.so
b635d000-b635e000 rw-p 0004b000 08:07 5899425    /lib/i386-linux-gnu/libm-2.21.so
b635e000-b64cb000 r-xp 00000000 08:07 3019096    /usr/lib/i386-linux-gnu/libstdc++.so.6.0.21
b64cb000-b64cc000 ---p 0016d000 08:07 3019096    /usr/lib/i386-linux-gnu/libstdc++.so.6.0.21
b64cc000-b64d1000 r--p 0016d000 08:07 3019096    /usr/lib/i386-linux-gnu/libstdc++.so.6.0.21
b64d1000-b64d2000 rw-p 00172000 08:07 3019096    /usr/lib/i386-linux-gnu/libstdc++.so.6.0.21
b64d2000-b64d5000 rw-p 00000000 00:00 0 
b64d5000-b703b000 r-xp 00000000 08:07 3540828    /usr/lib/jvm/java-7-openjdk-i386/jre/lib/i386/server/libjvm.so
b703b000-b7086000 r--p 00b65000 08:07 3540828    /usr/lib/jvm/java-7-openjdk-i386/jre/lib/i386/server/libjvm.so
b7086000-b709a000 rw-p 00bb0000 08:07 3540828    /usr/lib/jvm/java-7-openjdk-i386/jre/lib/i386/server/libjvm.so
b709a000-b74b8000 rw-p 00000000 00:00 0 
b74b8000-b74d1000 r-xp 00000000 08:07 5898319    /lib/i386-linux-gnu/libz.so.1.2.8
b74d1000-b74d2000 r--p 00018000 08:07 5898319    /lib/i386-linux-gnu/libz.so.1.2.8
b74d2000-b74d3000 rw-p 00019000 08:07 5898319    /lib/i386-linux-gnu/libz.so.1.2.8
b74d3000-b74ec000 r-xp 00000000 08:07 5899499    /lib/i386-linux-gnu/libpthread-2.21.so
b74ec000-b74ed000 r--p 00018000 08:07 5899499    /lib/i386-linux-gnu/libpthread-2.21.so
b74ed000-b74ee000 rw-p 00019000 08:07 5899499    /lib/i386-linux-gnu/libpthread-2.21.so
b74ee000-b74f0000 rw-p 00000000 00:00 0 
b74f0000-b74f3000 r-xp 00000000 08:07 5899383    /lib/i386-linux-gnu/libdl-2.21.so
b74f3000-b74f4000 r--p 00002000 08:07 5899383    /lib/i386-linux-gnu/libdl-2.21.so
b74f4000-b74f5000 rw-p 00003000 08:07 5899383    /lib/i386-linux-gnu/libdl-2.21.so
b74f5000-b76a9000 r-xp 00000000 08:07 5899366    /lib/i386-linux-gnu/libc-2.21.so
b76a9000-b76ac000 r--p 001b3000 08:07 5899366    /lib/i386-linux-gnu/libc-2.21.so
b76ac000-b76ae000 rw-p 001b6000 08:07 5899366    /lib/i386-linux-gnu/libc-2.21.so
b76ae000-b76b0000 rw-p 00000000 00:00 0 
b76b0000-b76b1000 r--s 00002000 08:07 3540799    /usr/lib/jvm/java-7-openjdk-i386/jre/lib/ext/dnsns.jar
b76b1000-b76b2000 r--p 005db000 08:07 3023765    /usr/lib/locale/locale-archive
b76b2000-b76ba000 r-xp 00000000 08:07 5899448    /lib/i386-linux-gnu/libnss_compat-2.21.so
b76ba000-b76bb000 r--p 00007000 08:07 5899448    /lib/i386-linux-gnu/libnss_compat-2.21.so
b76bb000-b76bc000 rw-p 00008000 08:07 5899448    /lib/i386-linux-gnu/libnss_compat-2.21.so
b76bc000-b76bd000 rw-p 00000000 00:00 0 
b76bd000-b76be000 ---p 00000000 00:00 0 
b76be000-b76cc000 r-xp 00000000 08:07 3540836    /usr/lib/jvm/java-7-openjdk-i386/jre/lib/i386/libverify.so
b76cc000-b76cd000 r--p 0000d000 08:07 3540836    /usr/lib/jvm/java-7-openjdk-i386/jre/lib/i386/libverify.so
b76cd000-b76ce000 rw-p 0000e000 08:07 3540836    /usr/lib/jvm/java-7-openjdk-i386/jre/lib/i386/libverify.so
b76ce000-b76da000 r-xp 00000000 08:07 3540837    /usr/lib/jvm/java-7-openjdk-i386/jre/lib/i386/jli/libjli.so
b76da000-b76db000 r--p 0000b000 08:07 3540837    /usr/lib/jvm/java-7-openjdk-i386/jre/lib/i386/jli/libjli.so
b76db000-b76dc000 rw-p 0000c000 08:07 3540837    /usr/lib/jvm/java-7-openjdk-i386/jre/lib/i386/jli/libjli.so
b76dc000-b76df000 rw-p 00000000 00:00 0 
b76df000-b76e1000 r--p 00000000 00:00 0          [vvar]
b76e1000-b76e2000 r-xp 00000000 00:00 0          [vdso]
b76e2000-b7704000 r-xp 00000000 08:07 5899338    /lib/i386-linux-gnu/ld-2.21.so
b7704000-b7705000 r--p 00021000 08:07 5899338    /lib/i386-linux-gnu/ld-2.21.so
b7705000-b7706000 rw-p 00022000 08:07 5899338    /lib/i386-linux-gnu/ld-2.21.so
bfe02000-bfe03000 rwxp 00000000 00:00 0 
bfe34000-bfe56000 rw-p 00000000 00:00 0          [stack]

VM Arguments:
jvm_args: -Xmx1024M -Dfile.encoding=UTF-8 -Duser.country=IN -Duser.language=en -Duser.variant 
java_command: com.android.dx.command.Main --dex --num-threads=4 --output /home/akhil/Android Linux/AndroidStudio Workspace/Textile/app/build/intermediates/dex/debug /home/akhil/Android Linux/AndroidStudio Workspace/Textile/app/build/intermediates/classes/debug /home/akhil/Android Linux/AndroidStudio Workspace/Textile/app/build/intermediates/pre-dexed/debug/classes-71beb609d6323c855ed08673eb03139001b55d9f.jar /home/akhil/Android Linux/AndroidStudio Workspace/Textile/app/build/intermediates/pre-dexed/debug/support-annotations-23.1.1-35ee8c546ff778083969bc7d0e3ef22f113bc5bf.jar /home/akhil/Android Linux/AndroidStudio Workspace/Textile/app/build/intermediates/pre-dexed/debug/classes-58f0b0d6a4edcdeac544dace6d11bcb5a80e2590.jar /home/akhil/Android Linux/AndroidStudio Workspace/Textile/app/build/intermediates/pre-dexed/debug/internal_impl-22.2.0-233fc29cc9b9ada3b229788ce7050ffd18ed36d5.jar /home/akhil/Android Linux/AndroidStudio Workspace/Textile/app/build/intermediates/pre-dexed/debug/classes-12fa6e63f5ddf94ea2935d4276e64fd88455dfa0.jar /home/akhil/Android Linux/AndroidStudio Workspace/Textile/app/build/intermediates/pre-dexed/debug/classes-0fe60d16f36dfb31c32263b0e5e1a2143d73a2a5.jar /home/akhil/Android Linux/AndroidStudio Workspace/Textile/app/build/intermediates/pre-dexed/debug/classes-3f98a252866722f8cdbaf23c50cc3a7c292ae1d3.jar /home/akhil/Android Linux/AndroidStudio Workspace/Textile/app/build/intermediates/pre-dexed/debug/classes-b24a6ea5e7c803bc628ff0e4619bd45b1a3f4d24.jar /home/akhil/Android Linux/AndroidStudio Workspace/Textile/app/build/intermediates/pre-dexed/debug/classes-e4f0e40870c1db141295d4247ec7df7692efe548.jar /home/akhil/Android Linux/AndroidStudio Workspace/Textile/app/build/intermediates/pre-dexed/debug/classes-193b7b3ae8fcc1aee4883d237953ddf8ff545966.jar /home/akhil/Android Linux/AndroidStudio Workspace/Textile/app/build/intermediates/pre-dexed/debug/classes-0bff68b1dd44efa636de2c4c019173483e678edc.jar /home/akhil/Android Linux/AndroidStudio Work
Launcher Type: SUN_STANDARD

Environment Variables:
PATH=/usr/local/sbin:/usr/local/bin:/usr/sbin:/usr/bin:/sbin:/bin:/usr/games:/usr/local/games
LD_LIBRARY_PATH=/home/akhil/Android Linux/New Android studio/android-studio/bin:
SHELL=/bin/bash
DISPLAY=:0

Signal Handlers:
SIGSEGV: [libjvm.so+0x80e660], sa_mask[0]=0x7ffbfeff, sa_flags=0x10000004
SIGBUS: [libjvm.so+0x80e660], sa_mask[0]=0x7ffbfeff, sa_flags=0x10000004
SIGFPE: [libjvm.so+0x688620], sa_mask[0]=0x7ffbfeff, sa_flags=0x10000004
SIGPIPE: [libjvm.so+0x688620], sa_mask[0]=0x7ffbfeff, sa_flags=0x10000004
SIGXFSZ: [libjvm.so+0x688620], sa_mask[0]=0x7ffbfeff, sa_flags=0x10000004
SIGILL: [libjvm.so+0x688620], sa_mask[0]=0x7ffbfeff, sa_flags=0x10000004
SIGUSR1: SIG_DFL, sa_mask[0]=0x00000000, sa_flags=0x00000000
SIGUSR2: [libjvm.so+0x688470], sa_mask[0]=0x00000004, sa_flags=0x10000004
SIGHUP: [libjvm.so+0x688650], sa_mask[0]=0x7ffbfeff, sa_flags=0x10000004
SIGINT: [libjvm.so+0x688650], sa_mask[0]=0x7ffbfeff, sa_flags=0x10000004
SIGTERM: [libjvm.so+0x688650], sa_mask[0]=0x7ffbfeff, sa_flags=0x10000004
SIGQUIT: [libjvm.so+0x688650], sa_mask[0]=0x7ffbfeff, sa_flags=0x10000004
SIGTRAP: SIG_DFL, sa_mask[0]=0x00000000, sa_flags=0x00000000


---------------  S Y S T E M  ---------------

OS:Ubuntu 15.10 (wily)
uname:Linux 4.2.0-18-generic #22-Ubuntu SMP Fri Nov 6 23:32:28 UTC 2015 i686
libc:glibc 2.21 NPTL 2.21 
rlimit: STACK 8192k, CORE 0k, NPROC 29724, NOFILE 65536, AS infinity
load average:1.81 1.73 2.14

/proc/meminfo:
MemTotal:        3837900 kB
MemFree:          117216 kB
MemAvailable:     146168 kB
Buffers:            2360 kB
Cached:           402944 kB
SwapCached:            0 kB
Active:          3271656 kB
Inactive:         348488 kB
Active(anon):    3260224 kB
Inactive(anon):   329344 kB
Active(file):      11432 kB
Inactive(file):    19144 kB
Unevictable:         120 kB
Mlocked:             120 kB
HighTotal:       2981304 kB
HighFree:           3572 kB
LowTotal:         856596 kB
LowFree:          113644 kB
SwapTotal:             0 kB
SwapFree:              0 kB
Dirty:               636 kB
Writeback:             0 kB
AnonPages:       3215104 kB
Mapped:           208172 kB
Shmem:            374584 kB
Slab:              49076 kB
SReclaimable:      22952 kB
SUnreclaim:        26124 kB
KernelStack:        5552 kB
PageTables:        21700 kB
NFS_Unstable:          0 kB
Bounce:                0 kB
WritebackTmp:          0 kB
CommitLimit:     1918948 kB
Committed_AS:   11022204 kB
VmallocTotal:     122880 kB
VmallocUsed:       16664 kB
VmallocChunk:      53228 kB
AnonHugePages:   1841152 kB
CmaTotal:              0 kB
CmaFree:               0 kB
HugePages_Total:       0
HugePages_Free:        0
HugePages_Rsvd:        0
HugePages_Surp:        0
Hugepagesize:       2048 kB
DirectMap4k:       55288 kB
DirectMap2M:      856064 kB


CPU:total 2 (2 cores per cpu, 1 threads per core) family 6 model 58 stepping 9, cmov, cx8, fxsr, mmx, sse, sse2, sse3, ssse3, sse4.1, sse4.2, popcnt, erms, tsc, tscinvbit, tscinv

/proc/cpuinfo:
processor	: 0
vendor_id	: GenuineIntel
cpu family	: 6
model		: 58
model name	: Intel(R) Pentium(R) CPU G2020 @ 2.90GHz
stepping	: 9
microcode	: 0x12
cpu MHz		: 2896.261
cache size	: 3072 KB
physical id	: 0
siblings	: 2
core id		: 0
cpu cores	: 2
apicid		: 0
initial apicid	: 0
fdiv_bug	: no
f00f_bug	: no
coma_bug	: no
fpu		: yes
fpu_exception	: yes
cpuid level	: 13
wp		: yes
flags		: fpu vme de pse tsc msr pae mce cx8 apic sep mtrr pge mca cmov pat pse36 clflush dts acpi mmx fxsr sse sse2 ss ht tm pbe nx rdtscp lm constant_tsc arch_perfmon pebs bts xtopology nonstop_tsc aperfmperf eagerfpu pni pclmulqdq dtes64 monitor ds_cpl vmx est tm2 ssse3 cx16 xtpr pdcm pcid sse4_1 sse4_2 popcnt tsc_deadline_timer xsave lahf_lm arat epb pln pts dtherm tpr_shadow vnmi flexpriority ept vpid fsgsbase smep erms xsaveopt
bugs		:
bogomips	: 5786.82
clflush size	: 64
cache_alignment	: 64
address sizes	: 36 bits physical, 48 bits virtual
power management:

processor	: 1
vendor_id	: GenuineIntel
cpu family	: 6
model		: 58
model name	: Intel(R) Pentium(R) CPU G2020 @ 2.90GHz
stepping	: 9
microcode	: 0x12
cpu MHz		: 2900.000
cache size	: 3072 KB
physical id	: 0
siblings	: 2
core id		: 1
cpu cores	: 2
apicid		: 2
initial apicid	: 2
fdiv_bug	: no
f00f_bug	: no
coma_bug	: no
fpu		: yes
fpu_exception	: yes
cpuid level	: 13
wp		: yes
flags		: fpu vme de pse tsc msr pae mce cx8 apic sep mtrr pge mca cmov pat pse36 clflush dts acpi mmx fxsr sse sse2 ss ht tm pbe nx rdtscp lm constant_tsc arch_perfmon pebs bts xtopology nonstop_tsc aperfmperf eagerfpu pni pclmulqdq dtes64 monitor ds_cpl vmx est tm2 ssse3 cx16 xtpr pdcm pcid sse4_1 sse4_2 popcnt tsc_deadline_timer xsave lahf_lm arat epb pln pts dtherm tpr_shadow vnmi flexpriority ept vpid fsgsbase smep erms xsaveopt
bugs		:
bogomips	: 5786.82
clflush size	: 64
cache_alignment	: 64
address sizes	: 36 bits physical, 48 bits virtual
power management:



Memory: 4k page, physical 3837900k(117216k free), swap 0k(0k free)

vm_info: OpenJDK Server VM (24.85-b03) for linux-x86 JRE (1.7.0_85-b01), built on Oct 22 2015 09:11:51 by "buildd" with gcc 5.2.1 20151010

time: Thu Nov 26 16:29:26 2015
elapsed time: 11 seconds

